                              1 ;--------------------------------------------------------
                              2 ; File Created by SDCC : free open source ANSI-C Compiler
                              3 ; Version 3.6.8 #9946 (Linux)
                              4 ;--------------------------------------------------------
                              5 	.module fuego
                              6 	.optsdcc -mz80
                              7 	
                              8 ;--------------------------------------------------------
                              9 ; Public variables in this module
                             10 ;--------------------------------------------------------
                             11 	.globl _fuego
                             12 ;--------------------------------------------------------
                             13 ; special function registers
                             14 ;--------------------------------------------------------
                             15 ;--------------------------------------------------------
                             16 ; ram data
                             17 ;--------------------------------------------------------
                             18 	.area _DATA
                             19 ;--------------------------------------------------------
                             20 ; ram data
                             21 ;--------------------------------------------------------
                             22 	.area _INITIALIZED
                             23 ;--------------------------------------------------------
                             24 ; absolute external ram data
                             25 ;--------------------------------------------------------
                             26 	.area _DABS (ABS)
                             27 ;--------------------------------------------------------
                             28 ; global & static initialisations
                             29 ;--------------------------------------------------------
                             30 	.area _HOME
                             31 	.area _GSINIT
                             32 	.area _GSFINAL
                             33 	.area _GSINIT
                             34 ;--------------------------------------------------------
                             35 ; Home
                             36 ;--------------------------------------------------------
                             37 	.area _HOME
                             38 	.area _HOME
                             39 ;--------------------------------------------------------
                             40 ; code
                             41 ;--------------------------------------------------------
                             42 	.area _CODE
                             43 	.area _CODE
   0000                      44 _fuego:
   0000 9C                   45 	.db #0x9c	; 156
   0001 3C                   46 	.db #0x3c	; 60
   0002 9C                   47 	.db #0x9c	; 156
   0003 3C                   48 	.db #0x3c	; 60
   0004 9C                   49 	.db #0x9c	; 156
   0005 3C                   50 	.db #0x3c	; 60
   0006 9C                   51 	.db #0x9c	; 156
   0007 6C                   52 	.db #0x6c	; 108	'l'
   0008 CC                   53 	.db #0xcc	; 204
   0009 6C                   54 	.db #0x6c	; 108	'l'
   000A 9C                   55 	.db #0x9c	; 156
   000B CC                   56 	.db #0xcc	; 204
   000C CC                   57 	.db #0xcc	; 204
   000D CC                   58 	.db #0xcc	; 204
   000E CC                   59 	.db #0xcc	; 204
   000F CC                   60 	.db #0xcc	; 204
   0010 CC                   61 	.db #0xcc	; 204
   0011 C0                   62 	.db #0xc0	; 192
   0012 C0                   63 	.db #0xc0	; 192
   0013 C4                   64 	.db #0xc4	; 196
   0014 CC                   65 	.db #0xcc	; 204
   0015 C0                   66 	.db #0xc0	; 192
   0016 C0                   67 	.db #0xc0	; 192
   0017 CC                   68 	.db #0xcc	; 204
   0018 3C                   69 	.db #0x3c	; 60
   0019 C8                   70 	.db #0xc8	; 200
   001A C4                   71 	.db #0xc4	; 196
   001B 9C                   72 	.db #0x9c	; 156
   001C 3C                   73 	.db #0x3c	; 60
   001D CC                   74 	.db #0xcc	; 204
   001E CC                   75 	.db #0xcc	; 204
   001F 3C                   76 	.db #0x3c	; 60
                             77 	.area _INITIALIZER
                             78 	.area _CABS (ABS)
