                              1 ;--------------------------------------------------------
                              2 ; File Created by SDCC : free open source ANSI-C Compiler
                              3 ; Version 3.6.8 #9946 (Linux)
                              4 ;--------------------------------------------------------
                              5 	.module sencillo
                              6 	.optsdcc -mz80
                              7 	
                              8 ;--------------------------------------------------------
                              9 ; Public variables in this module
                             10 ;--------------------------------------------------------
                             11 	.globl _m_sencillo
                             12 ;--------------------------------------------------------
                             13 ; special function registers
                             14 ;--------------------------------------------------------
                             15 ;--------------------------------------------------------
                             16 ; ram data
                             17 ;--------------------------------------------------------
                             18 	.area _DATA
                             19 ;--------------------------------------------------------
                             20 ; ram data
                             21 ;--------------------------------------------------------
                             22 	.area _INITIALIZED
                             23 ;--------------------------------------------------------
                             24 ; absolute external ram data
                             25 ;--------------------------------------------------------
                             26 	.area _DABS (ABS)
                             27 ;--------------------------------------------------------
                             28 ; global & static initialisations
                             29 ;--------------------------------------------------------
                             30 	.area _HOME
                             31 	.area _GSINIT
                             32 	.area _GSFINAL
                             33 	.area _GSINIT
                             34 ;--------------------------------------------------------
                             35 ; Home
                             36 ;--------------------------------------------------------
                             37 	.area _HOME
                             38 	.area _HOME
                             39 ;--------------------------------------------------------
                             40 ; code
                             41 ;--------------------------------------------------------
                             42 	.area _CODE
                             43 	.area _CODE
   0000                      44 _m_sencillo:
   0000 01                   45 	.db #0x01	; 1
   0001 00                   46 	.db #0x00	; 0
   0002 01                   47 	.db #0x01	; 1
   0003 01                   48 	.db #0x01	; 1
   0004 01                   49 	.db #0x01	; 1
   0005 01                   50 	.db #0x01	; 1
   0006 01                   51 	.db #0x01	; 1
   0007 01                   52 	.db #0x01	; 1
   0008 01                   53 	.db #0x01	; 1
   0009 01                   54 	.db #0x01	; 1
   000A 01                   55 	.db #0x01	; 1
   000B 01                   56 	.db #0x01	; 1
   000C 01                   57 	.db #0x01	; 1
   000D 01                   58 	.db #0x01	; 1
   000E 01                   59 	.db #0x01	; 1
   000F 01                   60 	.db #0x01	; 1
   0010 00                   61 	.db #0x00	; 0
   0011 00                   62 	.db #0x00	; 0
   0012 00                   63 	.db #0x00	; 0
   0013 00                   64 	.db #0x00	; 0
   0014 00                   65 	.db #0x00	; 0
   0015 01                   66 	.db #0x01	; 1
   0016 00                   67 	.db #0x00	; 0
   0017 00                   68 	.db #0x00	; 0
   0018 00                   69 	.db #0x00	; 0
   0019 00                   70 	.db #0x00	; 0
   001A 00                   71 	.db #0x00	; 0
   001B 00                   72 	.db #0x00	; 0
   001C 00                   73 	.db #0x00	; 0
   001D 00                   74 	.db #0x00	; 0
   001E 00                   75 	.db #0x00	; 0
   001F 00                   76 	.db #0x00	; 0
   0020 00                   77 	.db #0x00	; 0
   0021 00                   78 	.db #0x00	; 0
   0022 00                   79 	.db #0x00	; 0
   0023 01                   80 	.db #0x01	; 1
   0024 00                   81 	.db #0x00	; 0
   0025 00                   82 	.db #0x00	; 0
   0026 00                   83 	.db #0x00	; 0
   0027 00                   84 	.db #0x00	; 0
   0028 01                   85 	.db #0x01	; 1
   0029 00                   86 	.db #0x00	; 0
   002A 01                   87 	.db #0x01	; 1
   002B 00                   88 	.db #0x00	; 0
   002C 00                   89 	.db #0x00	; 0
   002D 00                   90 	.db #0x00	; 0
   002E 00                   91 	.db #0x00	; 0
   002F 00                   92 	.db #0x00	; 0
   0030 00                   93 	.db #0x00	; 0
   0031 00                   94 	.db #0x00	; 0
   0032 00                   95 	.db #0x00	; 0
   0033 00                   96 	.db #0x00	; 0
   0034 00                   97 	.db #0x00	; 0
   0035 00                   98 	.db #0x00	; 0
   0036 00                   99 	.db #0x00	; 0
   0037 01                  100 	.db #0x01	; 1
   0038 00                  101 	.db #0x00	; 0
   0039 00                  102 	.db #0x00	; 0
   003A 00                  103 	.db #0x00	; 0
   003B 00                  104 	.db #0x00	; 0
   003C 01                  105 	.db #0x01	; 1
   003D 00                  106 	.db #0x00	; 0
   003E 00                  107 	.db #0x00	; 0
   003F 01                  108 	.db #0x01	; 1
   0040 00                  109 	.db #0x00	; 0
   0041 00                  110 	.db #0x00	; 0
   0042 00                  111 	.db #0x00	; 0
   0043 00                  112 	.db #0x00	; 0
   0044 00                  113 	.db #0x00	; 0
   0045 00                  114 	.db #0x00	; 0
   0046 00                  115 	.db #0x00	; 0
   0047 00                  116 	.db #0x00	; 0
   0048 00                  117 	.db #0x00	; 0
   0049 00                  118 	.db #0x00	; 0
   004A 00                  119 	.db #0x00	; 0
   004B 01                  120 	.db #0x01	; 1
   004C 00                  121 	.db #0x00	; 0
   004D 00                  122 	.db #0x00	; 0
   004E 00                  123 	.db #0x00	; 0
   004F 00                  124 	.db #0x00	; 0
   0050 01                  125 	.db #0x01	; 1
   0051 00                  126 	.db #0x00	; 0
   0052 00                  127 	.db #0x00	; 0
   0053 00                  128 	.db #0x00	; 0
   0054 01                  129 	.db #0x01	; 1
   0055 00                  130 	.db #0x00	; 0
   0056 00                  131 	.db #0x00	; 0
   0057 00                  132 	.db #0x00	; 0
   0058 00                  133 	.db #0x00	; 0
   0059 00                  134 	.db #0x00	; 0
   005A 00                  135 	.db #0x00	; 0
   005B 00                  136 	.db #0x00	; 0
   005C 00                  137 	.db #0x00	; 0
   005D 00                  138 	.db #0x00	; 0
   005E 00                  139 	.db #0x00	; 0
   005F 01                  140 	.db #0x01	; 1
   0060 00                  141 	.db #0x00	; 0
   0061 00                  142 	.db #0x00	; 0
   0062 00                  143 	.db #0x00	; 0
   0063 00                  144 	.db #0x00	; 0
   0064 01                  145 	.db #0x01	; 1
   0065 00                  146 	.db #0x00	; 0
   0066 00                  147 	.db #0x00	; 0
   0067 00                  148 	.db #0x00	; 0
   0068 00                  149 	.db #0x00	; 0
   0069 01                  150 	.db #0x01	; 1
   006A 00                  151 	.db #0x00	; 0
   006B 00                  152 	.db #0x00	; 0
   006C 00                  153 	.db #0x00	; 0
   006D 00                  154 	.db #0x00	; 0
   006E 00                  155 	.db #0x00	; 0
   006F 00                  156 	.db #0x00	; 0
   0070 00                  157 	.db #0x00	; 0
   0071 00                  158 	.db #0x00	; 0
   0072 00                  159 	.db #0x00	; 0
   0073 01                  160 	.db #0x01	; 1
   0074 00                  161 	.db #0x00	; 0
   0075 00                  162 	.db #0x00	; 0
   0076 00                  163 	.db #0x00	; 0
   0077 00                  164 	.db #0x00	; 0
   0078 01                  165 	.db #0x01	; 1
   0079 00                  166 	.db #0x00	; 0
   007A 00                  167 	.db #0x00	; 0
   007B 00                  168 	.db #0x00	; 0
   007C 00                  169 	.db #0x00	; 0
   007D 00                  170 	.db #0x00	; 0
   007E 01                  171 	.db #0x01	; 1
   007F 00                  172 	.db #0x00	; 0
   0080 00                  173 	.db #0x00	; 0
   0081 00                  174 	.db #0x00	; 0
   0082 00                  175 	.db #0x00	; 0
   0083 00                  176 	.db #0x00	; 0
   0084 00                  177 	.db #0x00	; 0
   0085 00                  178 	.db #0x00	; 0
   0086 00                  179 	.db #0x00	; 0
   0087 01                  180 	.db #0x01	; 1
   0088 00                  181 	.db #0x00	; 0
   0089 00                  182 	.db #0x00	; 0
   008A 00                  183 	.db #0x00	; 0
   008B 00                  184 	.db #0x00	; 0
   008C 01                  185 	.db #0x01	; 1
   008D 00                  186 	.db #0x00	; 0
   008E 00                  187 	.db #0x00	; 0
   008F 00                  188 	.db #0x00	; 0
   0090 00                  189 	.db #0x00	; 0
   0091 00                  190 	.db #0x00	; 0
   0092 00                  191 	.db #0x00	; 0
   0093 01                  192 	.db #0x01	; 1
   0094 00                  193 	.db #0x00	; 0
   0095 00                  194 	.db #0x00	; 0
   0096 00                  195 	.db #0x00	; 0
   0097 00                  196 	.db #0x00	; 0
   0098 00                  197 	.db #0x00	; 0
   0099 00                  198 	.db #0x00	; 0
   009A 00                  199 	.db #0x00	; 0
   009B 01                  200 	.db #0x01	; 1
   009C 00                  201 	.db #0x00	; 0
   009D 00                  202 	.db #0x00	; 0
   009E 00                  203 	.db #0x00	; 0
   009F 00                  204 	.db #0x00	; 0
   00A0 01                  205 	.db #0x01	; 1
   00A1 00                  206 	.db #0x00	; 0
   00A2 00                  207 	.db #0x00	; 0
   00A3 00                  208 	.db #0x00	; 0
   00A4 00                  209 	.db #0x00	; 0
   00A5 00                  210 	.db #0x00	; 0
   00A6 00                  211 	.db #0x00	; 0
   00A7 00                  212 	.db #0x00	; 0
   00A8 01                  213 	.db #0x01	; 1
   00A9 00                  214 	.db #0x00	; 0
   00AA 00                  215 	.db #0x00	; 0
   00AB 00                  216 	.db #0x00	; 0
   00AC 00                  217 	.db #0x00	; 0
   00AD 00                  218 	.db #0x00	; 0
   00AE 00                  219 	.db #0x00	; 0
   00AF 01                  220 	.db #0x01	; 1
   00B0 00                  221 	.db #0x00	; 0
   00B1 00                  222 	.db #0x00	; 0
   00B2 00                  223 	.db #0x00	; 0
   00B3 00                  224 	.db #0x00	; 0
   00B4 01                  225 	.db #0x01	; 1
   00B5 00                  226 	.db #0x00	; 0
   00B6 00                  227 	.db #0x00	; 0
   00B7 00                  228 	.db #0x00	; 0
   00B8 00                  229 	.db #0x00	; 0
   00B9 00                  230 	.db #0x00	; 0
   00BA 00                  231 	.db #0x00	; 0
   00BB 00                  232 	.db #0x00	; 0
   00BC 00                  233 	.db #0x00	; 0
   00BD 01                  234 	.db #0x01	; 1
   00BE 00                  235 	.db #0x00	; 0
   00BF 00                  236 	.db #0x00	; 0
   00C0 00                  237 	.db #0x00	; 0
   00C1 00                  238 	.db #0x00	; 0
   00C2 00                  239 	.db #0x00	; 0
   00C3 01                  240 	.db #0x01	; 1
   00C4 00                  241 	.db #0x00	; 0
   00C5 00                  242 	.db #0x00	; 0
   00C6 00                  243 	.db #0x00	; 0
   00C7 00                  244 	.db #0x00	; 0
   00C8 01                  245 	.db #0x01	; 1
   00C9 00                  246 	.db #0x00	; 0
   00CA 00                  247 	.db #0x00	; 0
   00CB 00                  248 	.db #0x00	; 0
   00CC 00                  249 	.db #0x00	; 0
   00CD 00                  250 	.db #0x00	; 0
   00CE 00                  251 	.db #0x00	; 0
   00CF 00                  252 	.db #0x00	; 0
   00D0 00                  253 	.db #0x00	; 0
   00D1 00                  254 	.db #0x00	; 0
   00D2 01                  255 	.db #0x01	; 1
   00D3 00                  256 	.db #0x00	; 0
   00D4 00                  257 	.db #0x00	; 0
   00D5 00                  258 	.db #0x00	; 0
   00D6 00                  259 	.db #0x00	; 0
   00D7 01                  260 	.db #0x01	; 1
   00D8 00                  261 	.db #0x00	; 0
   00D9 00                  262 	.db #0x00	; 0
   00DA 00                  263 	.db #0x00	; 0
   00DB 00                  264 	.db #0x00	; 0
   00DC 01                  265 	.db #0x01	; 1
   00DD 00                  266 	.db #0x00	; 0
   00DE 00                  267 	.db #0x00	; 0
   00DF 00                  268 	.db #0x00	; 0
   00E0 00                  269 	.db #0x00	; 0
   00E1 00                  270 	.db #0x00	; 0
   00E2 00                  271 	.db #0x00	; 0
   00E3 00                  272 	.db #0x00	; 0
   00E4 00                  273 	.db #0x00	; 0
   00E5 00                  274 	.db #0x00	; 0
   00E6 00                  275 	.db #0x00	; 0
   00E7 01                  276 	.db #0x01	; 1
   00E8 00                  277 	.db #0x00	; 0
   00E9 00                  278 	.db #0x00	; 0
   00EA 00                  279 	.db #0x00	; 0
   00EB 01                  280 	.db #0x01	; 1
   00EC 00                  281 	.db #0x00	; 0
   00ED 00                  282 	.db #0x00	; 0
   00EE 00                  283 	.db #0x00	; 0
   00EF 00                  284 	.db #0x00	; 0
   00F0 01                  285 	.db #0x01	; 1
   00F1 00                  286 	.db #0x00	; 0
   00F2 00                  287 	.db #0x00	; 0
   00F3 00                  288 	.db #0x00	; 0
   00F4 00                  289 	.db #0x00	; 0
   00F5 00                  290 	.db #0x00	; 0
   00F6 00                  291 	.db #0x00	; 0
   00F7 00                  292 	.db #0x00	; 0
   00F8 00                  293 	.db #0x00	; 0
   00F9 00                  294 	.db #0x00	; 0
   00FA 00                  295 	.db #0x00	; 0
   00FB 00                  296 	.db #0x00	; 0
   00FC 01                  297 	.db #0x01	; 1
   00FD 00                  298 	.db #0x00	; 0
   00FE 00                  299 	.db #0x00	; 0
   00FF 01                  300 	.db #0x01	; 1
   0100 00                  301 	.db #0x00	; 0
   0101 00                  302 	.db #0x00	; 0
   0102 00                  303 	.db #0x00	; 0
   0103 00                  304 	.db #0x00	; 0
   0104 01                  305 	.db #0x01	; 1
   0105 00                  306 	.db #0x00	; 0
   0106 00                  307 	.db #0x00	; 0
   0107 00                  308 	.db #0x00	; 0
   0108 00                  309 	.db #0x00	; 0
   0109 00                  310 	.db #0x00	; 0
   010A 00                  311 	.db #0x00	; 0
   010B 00                  312 	.db #0x00	; 0
   010C 00                  313 	.db #0x00	; 0
   010D 00                  314 	.db #0x00	; 0
   010E 00                  315 	.db #0x00	; 0
   010F 00                  316 	.db #0x00	; 0
   0110 00                  317 	.db #0x00	; 0
   0111 01                  318 	.db #0x01	; 1
   0112 00                  319 	.db #0x00	; 0
   0113 00                  320 	.db #0x00	; 0
   0114 00                  321 	.db #0x00	; 0
   0115 00                  322 	.db #0x00	; 0
   0116 00                  323 	.db #0x00	; 0
   0117 00                  324 	.db #0x00	; 0
   0118 01                  325 	.db #0x01	; 1
   0119 00                  326 	.db #0x00	; 0
   011A 00                  327 	.db #0x00	; 0
   011B 00                  328 	.db #0x00	; 0
   011C 00                  329 	.db #0x00	; 0
   011D 00                  330 	.db #0x00	; 0
   011E 00                  331 	.db #0x00	; 0
   011F 00                  332 	.db #0x00	; 0
   0120 00                  333 	.db #0x00	; 0
   0121 00                  334 	.db #0x00	; 0
   0122 00                  335 	.db #0x00	; 0
   0123 00                  336 	.db #0x00	; 0
   0124 00                  337 	.db #0x00	; 0
   0125 00                  338 	.db #0x00	; 0
   0126 01                  339 	.db #0x01	; 1
   0127 00                  340 	.db #0x00	; 0
   0128 00                  341 	.db #0x00	; 0
   0129 00                  342 	.db #0x00	; 0
   012A 00                  343 	.db #0x00	; 0
   012B 00                  344 	.db #0x00	; 0
   012C 01                  345 	.db #0x01	; 1
   012D 00                  346 	.db #0x00	; 0
   012E 00                  347 	.db #0x00	; 0
   012F 00                  348 	.db #0x00	; 0
   0130 00                  349 	.db #0x00	; 0
   0131 00                  350 	.db #0x00	; 0
   0132 00                  351 	.db #0x00	; 0
   0133 00                  352 	.db #0x00	; 0
   0134 00                  353 	.db #0x00	; 0
   0135 00                  354 	.db #0x00	; 0
   0136 00                  355 	.db #0x00	; 0
   0137 00                  356 	.db #0x00	; 0
   0138 00                  357 	.db #0x00	; 0
   0139 00                  358 	.db #0x00	; 0
   013A 00                  359 	.db #0x00	; 0
   013B 01                  360 	.db #0x01	; 1
   013C 00                  361 	.db #0x00	; 0
   013D 00                  362 	.db #0x00	; 0
   013E 00                  363 	.db #0x00	; 0
   013F 00                  364 	.db #0x00	; 0
   0140 01                  365 	.db #0x01	; 1
   0141 00                  366 	.db #0x00	; 0
   0142 00                  367 	.db #0x00	; 0
   0143 00                  368 	.db #0x00	; 0
   0144 00                  369 	.db #0x00	; 0
   0145 00                  370 	.db #0x00	; 0
   0146 00                  371 	.db #0x00	; 0
   0147 00                  372 	.db #0x00	; 0
   0148 00                  373 	.db #0x00	; 0
   0149 00                  374 	.db #0x00	; 0
   014A 00                  375 	.db #0x00	; 0
   014B 00                  376 	.db #0x00	; 0
   014C 00                  377 	.db #0x00	; 0
   014D 00                  378 	.db #0x00	; 0
   014E 00                  379 	.db #0x00	; 0
   014F 00                  380 	.db #0x00	; 0
   0150 01                  381 	.db #0x01	; 1
   0151 00                  382 	.db #0x00	; 0
   0152 00                  383 	.db #0x00	; 0
   0153 00                  384 	.db #0x00	; 0
   0154 01                  385 	.db #0x01	; 1
   0155 00                  386 	.db #0x00	; 0
   0156 00                  387 	.db #0x00	; 0
   0157 00                  388 	.db #0x00	; 0
   0158 00                  389 	.db #0x00	; 0
   0159 00                  390 	.db #0x00	; 0
   015A 00                  391 	.db #0x00	; 0
   015B 00                  392 	.db #0x00	; 0
   015C 00                  393 	.db #0x00	; 0
   015D 00                  394 	.db #0x00	; 0
   015E 00                  395 	.db #0x00	; 0
   015F 00                  396 	.db #0x00	; 0
   0160 00                  397 	.db #0x00	; 0
   0161 00                  398 	.db #0x00	; 0
   0162 00                  399 	.db #0x00	; 0
   0163 01                  400 	.db #0x01	; 1
   0164 00                  401 	.db #0x00	; 0
   0165 01                  402 	.db #0x01	; 1
   0166 00                  403 	.db #0x00	; 0
   0167 00                  404 	.db #0x00	; 0
   0168 01                  405 	.db #0x01	; 1
   0169 00                  406 	.db #0x00	; 0
   016A 00                  407 	.db #0x00	; 0
   016B 00                  408 	.db #0x00	; 0
   016C 00                  409 	.db #0x00	; 0
   016D 00                  410 	.db #0x00	; 0
   016E 00                  411 	.db #0x00	; 0
   016F 00                  412 	.db #0x00	; 0
   0170 00                  413 	.db #0x00	; 0
   0171 00                  414 	.db #0x00	; 0
   0172 00                  415 	.db #0x00	; 0
   0173 00                  416 	.db #0x00	; 0
   0174 00                  417 	.db #0x00	; 0
   0175 00                  418 	.db #0x00	; 0
   0176 00                  419 	.db #0x00	; 0
   0177 01                  420 	.db #0x01	; 1
   0178 00                  421 	.db #0x00	; 0
   0179 00                  422 	.db #0x00	; 0
   017A 01                  423 	.db #0x01	; 1
   017B 00                  424 	.db #0x00	; 0
   017C 01                  425 	.db #0x01	; 1
   017D 00                  426 	.db #0x00	; 0
   017E 00                  427 	.db #0x00	; 0
   017F 00                  428 	.db #0x00	; 0
   0180 00                  429 	.db #0x00	; 0
   0181 00                  430 	.db #0x00	; 0
   0182 00                  431 	.db #0x00	; 0
   0183 00                  432 	.db #0x00	; 0
   0184 00                  433 	.db #0x00	; 0
   0185 00                  434 	.db #0x00	; 0
   0186 00                  435 	.db #0x00	; 0
   0187 00                  436 	.db #0x00	; 0
   0188 00                  437 	.db #0x00	; 0
   0189 00                  438 	.db #0x00	; 0
   018A 00                  439 	.db #0x00	; 0
   018B 01                  440 	.db #0x01	; 1
   018C 00                  441 	.db #0x00	; 0
   018D 00                  442 	.db #0x00	; 0
   018E 00                  443 	.db #0x00	; 0
   018F 01                  444 	.db #0x01	; 1
   0190 01                  445 	.db #0x01	; 1
   0191 00                  446 	.db #0x00	; 0
   0192 00                  447 	.db #0x00	; 0
   0193 00                  448 	.db #0x00	; 0
   0194 00                  449 	.db #0x00	; 0
   0195 00                  450 	.db #0x00	; 0
   0196 00                  451 	.db #0x00	; 0
   0197 00                  452 	.db #0x00	; 0
   0198 00                  453 	.db #0x00	; 0
   0199 00                  454 	.db #0x00	; 0
   019A 00                  455 	.db #0x00	; 0
   019B 00                  456 	.db #0x00	; 0
   019C 00                  457 	.db #0x00	; 0
   019D 00                  458 	.db #0x00	; 0
   019E 00                  459 	.db #0x00	; 0
   019F 01                  460 	.db #0x01	; 1
   01A0 00                  461 	.db #0x00	; 0
   01A1 00                  462 	.db #0x00	; 0
   01A2 00                  463 	.db #0x00	; 0
   01A3 00                  464 	.db #0x00	; 0
   01A4 01                  465 	.db #0x01	; 1
   01A5 00                  466 	.db #0x00	; 0
   01A6 00                  467 	.db #0x00	; 0
   01A7 00                  468 	.db #0x00	; 0
   01A8 00                  469 	.db #0x00	; 0
   01A9 00                  470 	.db #0x00	; 0
   01AA 00                  471 	.db #0x00	; 0
   01AB 00                  472 	.db #0x00	; 0
   01AC 00                  473 	.db #0x00	; 0
   01AD 00                  474 	.db #0x00	; 0
   01AE 00                  475 	.db #0x00	; 0
   01AF 00                  476 	.db #0x00	; 0
   01B0 00                  477 	.db #0x00	; 0
   01B1 00                  478 	.db #0x00	; 0
   01B2 00                  479 	.db #0x00	; 0
   01B3 01                  480 	.db #0x01	; 1
   01B4 00                  481 	.db #0x00	; 0
   01B5 00                  482 	.db #0x00	; 0
   01B6 00                  483 	.db #0x00	; 0
   01B7 00                  484 	.db #0x00	; 0
   01B8 01                  485 	.db #0x01	; 1
   01B9 00                  486 	.db #0x00	; 0
   01BA 00                  487 	.db #0x00	; 0
   01BB 00                  488 	.db #0x00	; 0
   01BC 00                  489 	.db #0x00	; 0
   01BD 00                  490 	.db #0x00	; 0
   01BE 00                  491 	.db #0x00	; 0
   01BF 00                  492 	.db #0x00	; 0
   01C0 00                  493 	.db #0x00	; 0
   01C1 00                  494 	.db #0x00	; 0
   01C2 00                  495 	.db #0x00	; 0
   01C3 00                  496 	.db #0x00	; 0
   01C4 00                  497 	.db #0x00	; 0
   01C5 00                  498 	.db #0x00	; 0
   01C6 00                  499 	.db #0x00	; 0
   01C7 01                  500 	.db #0x01	; 1
   01C8 00                  501 	.db #0x00	; 0
   01C9 00                  502 	.db #0x00	; 0
   01CA 00                  503 	.db #0x00	; 0
   01CB 00                  504 	.db #0x00	; 0
   01CC 01                  505 	.db #0x01	; 1
   01CD 01                  506 	.db #0x01	; 1
   01CE 01                  507 	.db #0x01	; 1
   01CF 01                  508 	.db #0x01	; 1
   01D0 01                  509 	.db #0x01	; 1
   01D1 01                  510 	.db #0x01	; 1
   01D2 01                  511 	.db #0x01	; 1
   01D3 01                  512 	.db #0x01	; 1
   01D4 01                  513 	.db #0x01	; 1
   01D5 01                  514 	.db #0x01	; 1
   01D6 01                  515 	.db #0x01	; 1
   01D7 01                  516 	.db #0x01	; 1
   01D8 01                  517 	.db #0x01	; 1
   01D9 01                  518 	.db #0x01	; 1
   01DA 01                  519 	.db #0x01	; 1
   01DB 01                  520 	.db #0x01	; 1
   01DC 00                  521 	.db #0x00	; 0
   01DD 00                  522 	.db #0x00	; 0
   01DE 00                  523 	.db #0x00	; 0
   01DF 00                  524 	.db #0x00	; 0
   01E0 00                  525 	.db #0x00	; 0
   01E1 00                  526 	.db #0x00	; 0
   01E2 00                  527 	.db #0x00	; 0
   01E3 00                  528 	.db #0x00	; 0
   01E4 00                  529 	.db #0x00	; 0
   01E5 00                  530 	.db #0x00	; 0
   01E6 00                  531 	.db #0x00	; 0
   01E7 00                  532 	.db #0x00	; 0
   01E8 00                  533 	.db #0x00	; 0
   01E9 00                  534 	.db #0x00	; 0
   01EA 00                  535 	.db #0x00	; 0
   01EB 00                  536 	.db #0x00	; 0
   01EC 00                  537 	.db #0x00	; 0
   01ED 00                  538 	.db #0x00	; 0
   01EE 00                  539 	.db #0x00	; 0
   01EF 00                  540 	.db #0x00	; 0
   01F0 00                  541 	.db #0x00	; 0
   01F1 00                  542 	.db #0x00	; 0
   01F2 00                  543 	.db #0x00	; 0
   01F3 00                  544 	.db #0x00	; 0
                            545 	.area _INITIALIZER
                            546 	.area _CABS (ABS)
