                              1 ;--------------------------------------------------------
                              2 ; File Created by SDCC : free open source ANSI-C Compiler
                              3 ; Version 3.6.8 #9946 (Linux)
                              4 ;--------------------------------------------------------
                              5 	.module tiles_8x8_M0
                              6 	.optsdcc -mz80
                              7 	
                              8 ;--------------------------------------------------------
                              9 ; Public variables in this module
                             10 ;--------------------------------------------------------
                             11 	.globl _tiles_8x8_7
                             12 	.globl _tiles_8x8_6
                             13 	.globl _tiles_8x8_5
                             14 	.globl _tiles_8x8_4
                             15 	.globl _tiles_8x8_3
                             16 	.globl _tiles_8x8_2
                             17 	.globl _tiles_8x8_1
                             18 	.globl _tiles_8x8_0
                             19 ;--------------------------------------------------------
                             20 ; special function registers
                             21 ;--------------------------------------------------------
                             22 ;--------------------------------------------------------
                             23 ; ram data
                             24 ;--------------------------------------------------------
                             25 	.area _DATA
                             26 ;--------------------------------------------------------
                             27 ; ram data
                             28 ;--------------------------------------------------------
                             29 	.area _INITIALIZED
                             30 ;--------------------------------------------------------
                             31 ; absolute external ram data
                             32 ;--------------------------------------------------------
                             33 	.area _DABS (ABS)
                             34 ;--------------------------------------------------------
                             35 ; global & static initialisations
                             36 ;--------------------------------------------------------
                             37 	.area _HOME
                             38 	.area _GSINIT
                             39 	.area _GSFINAL
                             40 	.area _GSINIT
                             41 ;--------------------------------------------------------
                             42 ; Home
                             43 ;--------------------------------------------------------
                             44 	.area _HOME
                             45 	.area _HOME
                             46 ;--------------------------------------------------------
                             47 ; code
                             48 ;--------------------------------------------------------
                             49 	.area _CODE
                             50 	.area _CODE
   0000                      51 _tiles_8x8_0:
   0000 C0                   52 	.db #0xc0	; 192
   0001 C0                   53 	.db #0xc0	; 192
   0002 C0                   54 	.db #0xc0	; 192
   0003 C4                   55 	.db #0xc4	; 196
   0004 C4                   56 	.db #0xc4	; 196
   0005 C0                   57 	.db #0xc0	; 192
   0006 C0                   58 	.db #0xc0	; 192
   0007 C0                   59 	.db #0xc0	; 192
   0008 CC                   60 	.db #0xcc	; 204
   0009 CC                   61 	.db #0xcc	; 204
   000A CC                   62 	.db #0xcc	; 204
   000B CC                   63 	.db #0xcc	; 204
   000C C4                   64 	.db #0xc4	; 196
   000D C0                   65 	.db #0xc0	; 192
   000E C0                   66 	.db #0xc0	; 192
   000F C0                   67 	.db #0xc0	; 192
   0010 C0                   68 	.db #0xc0	; 192
   0011 C4                   69 	.db #0xc4	; 196
   0012 C0                   70 	.db #0xc0	; 192
   0013 C0                   71 	.db #0xc0	; 192
   0014 CC                   72 	.db #0xcc	; 204
   0015 CC                   73 	.db #0xcc	; 204
   0016 CC                   74 	.db #0xcc	; 204
   0017 CC                   75 	.db #0xcc	; 204
   0018 C0                   76 	.db #0xc0	; 192
   0019 C4                   77 	.db #0xc4	; 196
   001A C0                   78 	.db #0xc0	; 192
   001B C0                   79 	.db #0xc0	; 192
   001C C0                   80 	.db #0xc0	; 192
   001D C0                   81 	.db #0xc0	; 192
   001E C4                   82 	.db #0xc4	; 196
   001F C0                   83 	.db #0xc0	; 192
   0020                      84 _tiles_8x8_1:
   0020 9C                   85 	.db #0x9c	; 156
   0021 3C                   86 	.db #0x3c	; 60
   0022 9C                   87 	.db #0x9c	; 156
   0023 3C                   88 	.db #0x3c	; 60
   0024 3C                   89 	.db #0x3c	; 60
   0025 9C                   90 	.db #0x9c	; 156
   0026 3C                   91 	.db #0x3c	; 60
   0027 9C                   92 	.db #0x9c	; 156
   0028 CC                   93 	.db #0xcc	; 204
   0029 CC                   94 	.db #0xcc	; 204
   002A CC                   95 	.db #0xcc	; 204
   002B C8                   96 	.db #0xc8	; 200
   002C 9C                   97 	.db #0x9c	; 156
   002D 9C                   98 	.db #0x9c	; 156
   002E 6C                   99 	.db #0x6c	; 108	'l'
   002F CC                  100 	.db #0xcc	; 204
   0030 3C                  101 	.db #0x3c	; 60
   0031 C8                  102 	.db #0xc8	; 200
   0032 C4                  103 	.db #0xc4	; 196
   0033 9C                  104 	.db #0x9c	; 156
   0034 3C                  105 	.db #0x3c	; 60
   0035 CC                  106 	.db #0xcc	; 204
   0036 CC                  107 	.db #0xcc	; 204
   0037 3C                  108 	.db #0x3c	; 60
   0038 CC                  109 	.db #0xcc	; 204
   0039 C0                  110 	.db #0xc0	; 192
   003A C0                  111 	.db #0xc0	; 192
   003B 9C                  112 	.db #0x9c	; 156
   003C C0                  113 	.db #0xc0	; 192
   003D C0                  114 	.db #0xc0	; 192
   003E C0                  115 	.db #0xc0	; 192
   003F CC                  116 	.db #0xcc	; 204
   0040                     117 _tiles_8x8_2:
   0040 3C                  118 	.db #0x3c	; 60
   0041 C0                  119 	.db #0xc0	; 192
   0042 3C                  120 	.db #0x3c	; 60
   0043 6C                  121 	.db #0x6c	; 108	'l'
   0044 6C                  122 	.db #0x6c	; 108	'l'
   0045 94                  123 	.db #0x94	; 148
   0046 C0                  124 	.db #0xc0	; 192
   0047 68                  125 	.db #0x68	; 104	'h'
   0048 C4                  126 	.db #0xc4	; 196
   0049 C4                  127 	.db #0xc4	; 196
   004A C0                  128 	.db #0xc0	; 192
   004B C4                  129 	.db #0xc4	; 196
   004C 6C                  130 	.db #0x6c	; 108	'l'
   004D C0                  131 	.db #0xc0	; 192
   004E CC                  132 	.db #0xcc	; 204
   004F C0                  133 	.db #0xc0	; 192
   0050 68                  134 	.db #0x68	; 104	'h'
   0051 C0                  135 	.db #0xc0	; 192
   0052 94                  136 	.db #0x94	; 148
   0053 68                  137 	.db #0x68	; 104	'h'
   0054 6C                  138 	.db #0x6c	; 108	'l'
   0055 3C                  139 	.db #0x3c	; 60
   0056 C0                  140 	.db #0xc0	; 192
   0057 3C                  141 	.db #0x3c	; 60
   0058 C0                  142 	.db #0xc0	; 192
   0059 CC                  143 	.db #0xcc	; 204
   005A C8                  144 	.db #0xc8	; 200
   005B 68                  145 	.db #0x68	; 104	'h'
   005C C0                  146 	.db #0xc0	; 192
   005D C0                  147 	.db #0xc0	; 192
   005E C4                  148 	.db #0xc4	; 196
   005F C0                  149 	.db #0xc0	; 192
   0060                     150 _tiles_8x8_3:
   0060 3C                  151 	.db #0x3c	; 60
   0061 3C                  152 	.db #0x3c	; 60
   0062 3C                  153 	.db #0x3c	; 60
   0063 3C                  154 	.db #0x3c	; 60
   0064 3C                  155 	.db #0x3c	; 60
   0065 3C                  156 	.db #0x3c	; 60
   0066 3C                  157 	.db #0x3c	; 60
   0067 3C                  158 	.db #0x3c	; 60
   0068 68                  159 	.db #0x68	; 104	'h'
   0069 C0                  160 	.db #0xc0	; 192
   006A C0                  161 	.db #0xc0	; 192
   006B 94                  162 	.db #0x94	; 148
   006C CC                  163 	.db #0xcc	; 204
   006D CC                  164 	.db #0xcc	; 204
   006E CC                  165 	.db #0xcc	; 204
   006F CC                  166 	.db #0xcc	; 204
   0070 CC                  167 	.db #0xcc	; 204
   0071 CC                  168 	.db #0xcc	; 204
   0072 CC                  169 	.db #0xcc	; 204
   0073 CC                  170 	.db #0xcc	; 204
   0074 3C                  171 	.db #0x3c	; 60
   0075 3C                  172 	.db #0x3c	; 60
   0076 3C                  173 	.db #0x3c	; 60
   0077 3C                  174 	.db #0x3c	; 60
   0078 68                  175 	.db #0x68	; 104	'h'
   0079 C0                  176 	.db #0xc0	; 192
   007A C0                  177 	.db #0xc0	; 192
   007B 94                  178 	.db #0x94	; 148
   007C 3C                  179 	.db #0x3c	; 60
   007D 68                  180 	.db #0x68	; 104	'h'
   007E 94                  181 	.db #0x94	; 148
   007F 3C                  182 	.db #0x3c	; 60
   0080                     183 _tiles_8x8_4:
   0080 CC                  184 	.db #0xcc	; 204
   0081 CC                  185 	.db #0xcc	; 204
   0082 CC                  186 	.db #0xcc	; 204
   0083 CC                  187 	.db #0xcc	; 204
   0084 66                  188 	.db #0x66	; 102	'f'
   0085 33                  189 	.db #0x33	; 51	'3'
   0086 33                  190 	.db #0x33	; 51	'3'
   0087 99                  191 	.db #0x99	; 153
   0088 99                  192 	.db #0x99	; 153
   0089 33                  193 	.db #0x33	; 51	'3'
   008A 33                  194 	.db #0x33	; 51	'3'
   008B 66                  195 	.db #0x66	; 102	'f'
   008C 66                  196 	.db #0x66	; 102	'f'
   008D 33                  197 	.db #0x33	; 51	'3'
   008E 33                  198 	.db #0x33	; 51	'3'
   008F 99                  199 	.db #0x99	; 153
   0090 00                  200 	.db #0x00	; 0
   0091 99                  201 	.db #0x99	; 153
   0092 66                  202 	.db #0x66	; 102	'f'
   0093 00                  203 	.db #0x00	; 0
   0094 00                  204 	.db #0x00	; 0
   0095 88                  205 	.db #0x88	; 136
   0096 44                  206 	.db #0x44	; 68	'D'
   0097 00                  207 	.db #0x00	; 0
   0098 44                  208 	.db #0x44	; 68	'D'
   0099 33                  209 	.db #0x33	; 51	'3'
   009A 33                  210 	.db #0x33	; 51	'3'
   009B 88                  211 	.db #0x88	; 136
   009C CC                  212 	.db #0xcc	; 204
   009D 33                  213 	.db #0x33	; 51	'3'
   009E 33                  214 	.db #0x33	; 51	'3'
   009F CC                  215 	.db #0xcc	; 204
   00A0                     216 _tiles_8x8_5:
   00A0 C0                  217 	.db #0xc0	; 192
   00A1 C0                  218 	.db #0xc0	; 192
   00A2 C0                  219 	.db #0xc0	; 192
   00A3 C4                  220 	.db #0xc4	; 196
   00A4 C4                  221 	.db #0xc4	; 196
   00A5 C0                  222 	.db #0xc0	; 192
   00A6 C0                  223 	.db #0xc0	; 192
   00A7 C0                  224 	.db #0xc0	; 192
   00A8 CC                  225 	.db #0xcc	; 204
   00A9 CC                  226 	.db #0xcc	; 204
   00AA CC                  227 	.db #0xcc	; 204
   00AB CC                  228 	.db #0xcc	; 204
   00AC C4                  229 	.db #0xc4	; 196
   00AD C0                  230 	.db #0xc0	; 192
   00AE C0                  231 	.db #0xc0	; 192
   00AF C0                  232 	.db #0xc0	; 192
   00B0 C0                  233 	.db #0xc0	; 192
   00B1 C4                  234 	.db #0xc4	; 196
   00B2 C0                  235 	.db #0xc0	; 192
   00B3 C0                  236 	.db #0xc0	; 192
   00B4 CC                  237 	.db #0xcc	; 204
   00B5 CC                  238 	.db #0xcc	; 204
   00B6 CC                  239 	.db #0xcc	; 204
   00B7 CC                  240 	.db #0xcc	; 204
   00B8 C0                  241 	.db #0xc0	; 192
   00B9 C4                  242 	.db #0xc4	; 196
   00BA C0                  243 	.db #0xc0	; 192
   00BB C0                  244 	.db #0xc0	; 192
   00BC C0                  245 	.db #0xc0	; 192
   00BD C0                  246 	.db #0xc0	; 192
   00BE C4                  247 	.db #0xc4	; 196
   00BF C0                  248 	.db #0xc0	; 192
   00C0                     249 _tiles_8x8_6:
   00C0 00                  250 	.db #0x00	; 0
   00C1 00                  251 	.db #0x00	; 0
   00C2 00                  252 	.db #0x00	; 0
   00C3 00                  253 	.db #0x00	; 0
   00C4 CC                  254 	.db #0xcc	; 204
   00C5 88                  255 	.db #0x88	; 136
   00C6 CC                  256 	.db #0xcc	; 204
   00C7 CC                  257 	.db #0xcc	; 204
   00C8 CC                  258 	.db #0xcc	; 204
   00C9 CC                  259 	.db #0xcc	; 204
   00CA 88                  260 	.db #0x88	; 136
   00CB CC                  261 	.db #0xcc	; 204
   00CC CC                  262 	.db #0xcc	; 204
   00CD 88                  263 	.db #0x88	; 136
   00CE CC                  264 	.db #0xcc	; 204
   00CF CC                  265 	.db #0xcc	; 204
   00D0 44                  266 	.db #0x44	; 68	'D'
   00D1 CC                  267 	.db #0xcc	; 204
   00D2 CC                  268 	.db #0xcc	; 204
   00D3 CC                  269 	.db #0xcc	; 204
   00D4 CC                  270 	.db #0xcc	; 204
   00D5 CC                  271 	.db #0xcc	; 204
   00D6 CC                  272 	.db #0xcc	; 204
   00D7 44                  273 	.db #0x44	; 68	'D'
   00D8 44                  274 	.db #0x44	; 68	'D'
   00D9 CC                  275 	.db #0xcc	; 204
   00DA CC                  276 	.db #0xcc	; 204
   00DB CC                  277 	.db #0xcc	; 204
   00DC 00                  278 	.db #0x00	; 0
   00DD 00                  279 	.db #0x00	; 0
   00DE 00                  280 	.db #0x00	; 0
   00DF 00                  281 	.db #0x00	; 0
   00E0                     282 _tiles_8x8_7:
   00E0 00                  283 	.db #0x00	; 0
   00E1 00                  284 	.db #0x00	; 0
   00E2 00                  285 	.db #0x00	; 0
   00E3 00                  286 	.db #0x00	; 0
   00E4 00                  287 	.db #0x00	; 0
   00E5 00                  288 	.db #0x00	; 0
   00E6 00                  289 	.db #0x00	; 0
   00E7 00                  290 	.db #0x00	; 0
   00E8 00                  291 	.db #0x00	; 0
   00E9 00                  292 	.db #0x00	; 0
   00EA 00                  293 	.db #0x00	; 0
   00EB 00                  294 	.db #0x00	; 0
   00EC 00                  295 	.db #0x00	; 0
   00ED 00                  296 	.db #0x00	; 0
   00EE 00                  297 	.db #0x00	; 0
   00EF 00                  298 	.db #0x00	; 0
   00F0 00                  299 	.db #0x00	; 0
   00F1 00                  300 	.db #0x00	; 0
   00F2 00                  301 	.db #0x00	; 0
   00F3 00                  302 	.db #0x00	; 0
   00F4 00                  303 	.db #0x00	; 0
   00F5 00                  304 	.db #0x00	; 0
   00F6 00                  305 	.db #0x00	; 0
   00F7 00                  306 	.db #0x00	; 0
   00F8 00                  307 	.db #0x00	; 0
   00F9 00                  308 	.db #0x00	; 0
   00FA 00                  309 	.db #0x00	; 0
   00FB 00                  310 	.db #0x00	; 0
   00FC 00                  311 	.db #0x00	; 0
   00FD 00                  312 	.db #0x00	; 0
   00FE 00                  313 	.db #0x00	; 0
   00FF 00                  314 	.db #0x00	; 0
                            315 	.area _INITIALIZER
                            316 	.area _CABS (ABS)
