                              1 ;--------------------------------------------------------
                              2 ; File Created by SDCC : free open source ANSI-C Compiler
                              3 ; Version 3.6.8 #9946 (Linux)
                              4 ;--------------------------------------------------------
                              5 	.module tiles_16x8_M1
                              6 	.optsdcc -mz80
                              7 	
                              8 ;--------------------------------------------------------
                              9 ; Public variables in this module
                             10 ;--------------------------------------------------------
                             11 	.globl _tiles_16x8_7
                             12 	.globl _tiles_16x8_6
                             13 	.globl _tiles_16x8_5
                             14 	.globl _tiles_16x8_4
                             15 	.globl _tiles_16x8_3
                             16 	.globl _tiles_16x8_2
                             17 	.globl _tiles_16x8_1
                             18 	.globl _tiles_16x8_0
                             19 ;--------------------------------------------------------
                             20 ; special function registers
                             21 ;--------------------------------------------------------
                             22 ;--------------------------------------------------------
                             23 ; ram data
                             24 ;--------------------------------------------------------
                             25 	.area _DATA
                             26 ;--------------------------------------------------------
                             27 ; ram data
                             28 ;--------------------------------------------------------
                             29 	.area _INITIALIZED
                             30 ;--------------------------------------------------------
                             31 ; absolute external ram data
                             32 ;--------------------------------------------------------
                             33 	.area _DABS (ABS)
                             34 ;--------------------------------------------------------
                             35 ; global & static initialisations
                             36 ;--------------------------------------------------------
                             37 	.area _HOME
                             38 	.area _GSINIT
                             39 	.area _GSFINAL
                             40 	.area _GSINIT
                             41 ;--------------------------------------------------------
                             42 ; Home
                             43 ;--------------------------------------------------------
                             44 	.area _HOME
                             45 	.area _HOME
                             46 ;--------------------------------------------------------
                             47 ; code
                             48 ;--------------------------------------------------------
                             49 	.area _CODE
                             50 	.area _CODE
   0000                      51 _tiles_16x8_0:
   0000 C0                   52 	.db #0xc0	; 192
   0001 C0                   53 	.db #0xc0	; 192
   0002 C0                   54 	.db #0xc0	; 192
   0003 84                   55 	.db #0x84	; 132
   0004 84                   56 	.db #0x84	; 132
   0005 C0                   57 	.db #0xc0	; 192
   0006 C0                   58 	.db #0xc0	; 192
   0007 C0                   59 	.db #0xc0	; 192
   0008 0C                   60 	.db #0x0c	; 12
   0009 0C                   61 	.db #0x0c	; 12
   000A 0C                   62 	.db #0x0c	; 12
   000B 0C                   63 	.db #0x0c	; 12
   000C 84                   64 	.db #0x84	; 132
   000D C0                   65 	.db #0xc0	; 192
   000E C0                   66 	.db #0xc0	; 192
   000F C0                   67 	.db #0xc0	; 192
   0010 C0                   68 	.db #0xc0	; 192
   0011 84                   69 	.db #0x84	; 132
   0012 C0                   70 	.db #0xc0	; 192
   0013 C0                   71 	.db #0xc0	; 192
   0014 0C                   72 	.db #0x0c	; 12
   0015 0C                   73 	.db #0x0c	; 12
   0016 0C                   74 	.db #0x0c	; 12
   0017 0C                   75 	.db #0x0c	; 12
   0018 C0                   76 	.db #0xc0	; 192
   0019 84                   77 	.db #0x84	; 132
   001A C0                   78 	.db #0xc0	; 192
   001B C0                   79 	.db #0xc0	; 192
   001C C0                   80 	.db #0xc0	; 192
   001D C0                   81 	.db #0xc0	; 192
   001E 84                   82 	.db #0x84	; 132
   001F C0                   83 	.db #0xc0	; 192
   0020                      84 _tiles_16x8_1:
   0020 00                   85 	.db #0x00	; 0
   0021 00                   86 	.db #0x00	; 0
   0022 00                   87 	.db #0x00	; 0
   0023 00                   88 	.db #0x00	; 0
   0024 00                   89 	.db #0x00	; 0
   0025 00                   90 	.db #0x00	; 0
   0026 00                   91 	.db #0x00	; 0
   0027 00                   92 	.db #0x00	; 0
   0028 00                   93 	.db #0x00	; 0
   0029 00                   94 	.db #0x00	; 0
   002A 00                   95 	.db #0x00	; 0
   002B 00                   96 	.db #0x00	; 0
   002C 00                   97 	.db #0x00	; 0
   002D 00                   98 	.db #0x00	; 0
   002E 00                   99 	.db #0x00	; 0
   002F 00                  100 	.db #0x00	; 0
   0030 00                  101 	.db #0x00	; 0
   0031 00                  102 	.db #0x00	; 0
   0032 00                  103 	.db #0x00	; 0
   0033 00                  104 	.db #0x00	; 0
   0034 00                  105 	.db #0x00	; 0
   0035 00                  106 	.db #0x00	; 0
   0036 00                  107 	.db #0x00	; 0
   0037 00                  108 	.db #0x00	; 0
   0038 00                  109 	.db #0x00	; 0
   0039 00                  110 	.db #0x00	; 0
   003A 00                  111 	.db #0x00	; 0
   003B 00                  112 	.db #0x00	; 0
   003C 00                  113 	.db #0x00	; 0
   003D 00                  114 	.db #0x00	; 0
   003E 00                  115 	.db #0x00	; 0
   003F 00                  116 	.db #0x00	; 0
   0040                     117 _tiles_16x8_2:
   0040 C0                  118 	.db #0xc0	; 192
   0041 C0                  119 	.db #0xc0	; 192
   0042 C0                  120 	.db #0xc0	; 192
   0043 84                  121 	.db #0x84	; 132
   0044 84                  122 	.db #0x84	; 132
   0045 C0                  123 	.db #0xc0	; 192
   0046 C0                  124 	.db #0xc0	; 192
   0047 C0                  125 	.db #0xc0	; 192
   0048 0C                  126 	.db #0x0c	; 12
   0049 0C                  127 	.db #0x0c	; 12
   004A 0C                  128 	.db #0x0c	; 12
   004B 0C                  129 	.db #0x0c	; 12
   004C 84                  130 	.db #0x84	; 132
   004D C0                  131 	.db #0xc0	; 192
   004E C0                  132 	.db #0xc0	; 192
   004F C0                  133 	.db #0xc0	; 192
   0050 C0                  134 	.db #0xc0	; 192
   0051 84                  135 	.db #0x84	; 132
   0052 C0                  136 	.db #0xc0	; 192
   0053 C0                  137 	.db #0xc0	; 192
   0054 0C                  138 	.db #0x0c	; 12
   0055 0C                  139 	.db #0x0c	; 12
   0056 0C                  140 	.db #0x0c	; 12
   0057 0C                  141 	.db #0x0c	; 12
   0058 C0                  142 	.db #0xc0	; 192
   0059 84                  143 	.db #0x84	; 132
   005A C0                  144 	.db #0xc0	; 192
   005B C0                  145 	.db #0xc0	; 192
   005C C0                  146 	.db #0xc0	; 192
   005D C0                  147 	.db #0xc0	; 192
   005E 84                  148 	.db #0x84	; 132
   005F C0                  149 	.db #0xc0	; 192
   0060                     150 _tiles_16x8_3:
   0060 C0                  151 	.db #0xc0	; 192
   0061 C0                  152 	.db #0xc0	; 192
   0062 C0                  153 	.db #0xc0	; 192
   0063 84                  154 	.db #0x84	; 132
   0064 84                  155 	.db #0x84	; 132
   0065 C0                  156 	.db #0xc0	; 192
   0066 C0                  157 	.db #0xc0	; 192
   0067 C0                  158 	.db #0xc0	; 192
   0068 0C                  159 	.db #0x0c	; 12
   0069 0C                  160 	.db #0x0c	; 12
   006A 0C                  161 	.db #0x0c	; 12
   006B 0C                  162 	.db #0x0c	; 12
   006C 84                  163 	.db #0x84	; 132
   006D C0                  164 	.db #0xc0	; 192
   006E C0                  165 	.db #0xc0	; 192
   006F C0                  166 	.db #0xc0	; 192
   0070 C0                  167 	.db #0xc0	; 192
   0071 84                  168 	.db #0x84	; 132
   0072 C0                  169 	.db #0xc0	; 192
   0073 C0                  170 	.db #0xc0	; 192
   0074 0C                  171 	.db #0x0c	; 12
   0075 0C                  172 	.db #0x0c	; 12
   0076 0C                  173 	.db #0x0c	; 12
   0077 0C                  174 	.db #0x0c	; 12
   0078 C0                  175 	.db #0xc0	; 192
   0079 84                  176 	.db #0x84	; 132
   007A C0                  177 	.db #0xc0	; 192
   007B C0                  178 	.db #0xc0	; 192
   007C C0                  179 	.db #0xc0	; 192
   007D C0                  180 	.db #0xc0	; 192
   007E 84                  181 	.db #0x84	; 132
   007F C0                  182 	.db #0xc0	; 192
   0080                     183 _tiles_16x8_4:
   0080 00                  184 	.db #0x00	; 0
   0081 00                  185 	.db #0x00	; 0
   0082 00                  186 	.db #0x00	; 0
   0083 00                  187 	.db #0x00	; 0
   0084 00                  188 	.db #0x00	; 0
   0085 00                  189 	.db #0x00	; 0
   0086 00                  190 	.db #0x00	; 0
   0087 00                  191 	.db #0x00	; 0
   0088 00                  192 	.db #0x00	; 0
   0089 00                  193 	.db #0x00	; 0
   008A 00                  194 	.db #0x00	; 0
   008B 00                  195 	.db #0x00	; 0
   008C 00                  196 	.db #0x00	; 0
   008D 00                  197 	.db #0x00	; 0
   008E 00                  198 	.db #0x00	; 0
   008F 00                  199 	.db #0x00	; 0
   0090 00                  200 	.db #0x00	; 0
   0091 00                  201 	.db #0x00	; 0
   0092 00                  202 	.db #0x00	; 0
   0093 00                  203 	.db #0x00	; 0
   0094 00                  204 	.db #0x00	; 0
   0095 00                  205 	.db #0x00	; 0
   0096 00                  206 	.db #0x00	; 0
   0097 00                  207 	.db #0x00	; 0
   0098 00                  208 	.db #0x00	; 0
   0099 00                  209 	.db #0x00	; 0
   009A 00                  210 	.db #0x00	; 0
   009B 00                  211 	.db #0x00	; 0
   009C 00                  212 	.db #0x00	; 0
   009D 00                  213 	.db #0x00	; 0
   009E 00                  214 	.db #0x00	; 0
   009F 00                  215 	.db #0x00	; 0
   00A0                     216 _tiles_16x8_5:
   00A0 C0                  217 	.db #0xc0	; 192
   00A1 C0                  218 	.db #0xc0	; 192
   00A2 C0                  219 	.db #0xc0	; 192
   00A3 84                  220 	.db #0x84	; 132
   00A4 84                  221 	.db #0x84	; 132
   00A5 C0                  222 	.db #0xc0	; 192
   00A6 C0                  223 	.db #0xc0	; 192
   00A7 C0                  224 	.db #0xc0	; 192
   00A8 0C                  225 	.db #0x0c	; 12
   00A9 0C                  226 	.db #0x0c	; 12
   00AA 0C                  227 	.db #0x0c	; 12
   00AB 0C                  228 	.db #0x0c	; 12
   00AC 84                  229 	.db #0x84	; 132
   00AD C0                  230 	.db #0xc0	; 192
   00AE C0                  231 	.db #0xc0	; 192
   00AF C0                  232 	.db #0xc0	; 192
   00B0 C0                  233 	.db #0xc0	; 192
   00B1 84                  234 	.db #0x84	; 132
   00B2 C0                  235 	.db #0xc0	; 192
   00B3 C0                  236 	.db #0xc0	; 192
   00B4 0C                  237 	.db #0x0c	; 12
   00B5 0C                  238 	.db #0x0c	; 12
   00B6 0C                  239 	.db #0x0c	; 12
   00B7 0C                  240 	.db #0x0c	; 12
   00B8 C0                  241 	.db #0xc0	; 192
   00B9 84                  242 	.db #0x84	; 132
   00BA C0                  243 	.db #0xc0	; 192
   00BB C0                  244 	.db #0xc0	; 192
   00BC C0                  245 	.db #0xc0	; 192
   00BD C0                  246 	.db #0xc0	; 192
   00BE 84                  247 	.db #0x84	; 132
   00BF C0                  248 	.db #0xc0	; 192
   00C0                     249 _tiles_16x8_6:
   00C0 00                  250 	.db #0x00	; 0
   00C1 00                  251 	.db #0x00	; 0
   00C2 00                  252 	.db #0x00	; 0
   00C3 00                  253 	.db #0x00	; 0
   00C4 00                  254 	.db #0x00	; 0
   00C5 00                  255 	.db #0x00	; 0
   00C6 00                  256 	.db #0x00	; 0
   00C7 00                  257 	.db #0x00	; 0
   00C8 00                  258 	.db #0x00	; 0
   00C9 00                  259 	.db #0x00	; 0
   00CA 00                  260 	.db #0x00	; 0
   00CB 00                  261 	.db #0x00	; 0
   00CC 00                  262 	.db #0x00	; 0
   00CD 00                  263 	.db #0x00	; 0
   00CE 00                  264 	.db #0x00	; 0
   00CF 00                  265 	.db #0x00	; 0
   00D0 00                  266 	.db #0x00	; 0
   00D1 00                  267 	.db #0x00	; 0
   00D2 00                  268 	.db #0x00	; 0
   00D3 00                  269 	.db #0x00	; 0
   00D4 00                  270 	.db #0x00	; 0
   00D5 00                  271 	.db #0x00	; 0
   00D6 00                  272 	.db #0x00	; 0
   00D7 00                  273 	.db #0x00	; 0
   00D8 00                  274 	.db #0x00	; 0
   00D9 00                  275 	.db #0x00	; 0
   00DA 00                  276 	.db #0x00	; 0
   00DB 00                  277 	.db #0x00	; 0
   00DC 00                  278 	.db #0x00	; 0
   00DD 00                  279 	.db #0x00	; 0
   00DE 00                  280 	.db #0x00	; 0
   00DF 00                  281 	.db #0x00	; 0
   00E0                     282 _tiles_16x8_7:
   00E0 00                  283 	.db #0x00	; 0
   00E1 00                  284 	.db #0x00	; 0
   00E2 00                  285 	.db #0x00	; 0
   00E3 00                  286 	.db #0x00	; 0
   00E4 00                  287 	.db #0x00	; 0
   00E5 00                  288 	.db #0x00	; 0
   00E6 00                  289 	.db #0x00	; 0
   00E7 00                  290 	.db #0x00	; 0
   00E8 00                  291 	.db #0x00	; 0
   00E9 00                  292 	.db #0x00	; 0
   00EA 00                  293 	.db #0x00	; 0
   00EB 00                  294 	.db #0x00	; 0
   00EC 00                  295 	.db #0x00	; 0
   00ED 00                  296 	.db #0x00	; 0
   00EE 00                  297 	.db #0x00	; 0
   00EF 00                  298 	.db #0x00	; 0
   00F0 00                  299 	.db #0x00	; 0
   00F1 00                  300 	.db #0x00	; 0
   00F2 00                  301 	.db #0x00	; 0
   00F3 00                  302 	.db #0x00	; 0
   00F4 00                  303 	.db #0x00	; 0
   00F5 00                  304 	.db #0x00	; 0
   00F6 00                  305 	.db #0x00	; 0
   00F7 00                  306 	.db #0x00	; 0
   00F8 00                  307 	.db #0x00	; 0
   00F9 00                  308 	.db #0x00	; 0
   00FA 00                  309 	.db #0x00	; 0
   00FB 00                  310 	.db #0x00	; 0
   00FC 00                  311 	.db #0x00	; 0
   00FD 00                  312 	.db #0x00	; 0
   00FE 00                  313 	.db #0x00	; 0
   00FF 00                  314 	.db #0x00	; 0
                            315 	.area _INITIALIZER
                            316 	.area _CABS (ABS)
