                              1 ;--------------------------------------------------------
                              2 ; File Created by SDCC : free open source ANSI-C Compiler
                              3 ; Version 3.6.8 #9946 (Linux)
                              4 ;--------------------------------------------------------
                              5 	.module tileset_32x8
                              6 	.optsdcc -mz80
                              7 	
                              8 ;--------------------------------------------------------
                              9 ; Public variables in this module
                             10 ;--------------------------------------------------------
                             11 	.globl _tileset_32x8_3
                             12 	.globl _tileset_32x8_2
                             13 	.globl _tileset_32x8_1
                             14 	.globl _tileset_32x8_0
                             15 ;--------------------------------------------------------
                             16 ; special function registers
                             17 ;--------------------------------------------------------
                             18 ;--------------------------------------------------------
                             19 ; ram data
                             20 ;--------------------------------------------------------
                             21 	.area _DATA
                             22 ;--------------------------------------------------------
                             23 ; ram data
                             24 ;--------------------------------------------------------
                             25 	.area _INITIALIZED
                             26 ;--------------------------------------------------------
                             27 ; absolute external ram data
                             28 ;--------------------------------------------------------
                             29 	.area _DABS (ABS)
                             30 ;--------------------------------------------------------
                             31 ; global & static initialisations
                             32 ;--------------------------------------------------------
                             33 	.area _HOME
                             34 	.area _GSINIT
                             35 	.area _GSFINAL
                             36 	.area _GSINIT
                             37 ;--------------------------------------------------------
                             38 ; Home
                             39 ;--------------------------------------------------------
                             40 	.area _HOME
                             41 	.area _HOME
                             42 ;--------------------------------------------------------
                             43 ; code
                             44 ;--------------------------------------------------------
                             45 	.area _CODE
                             46 	.area _CODE
   0000                      47 _tileset_32x8_0:
   0000 00                   48 	.db #0x00	; 0
   0001 00                   49 	.db #0x00	; 0
   0002 00                   50 	.db #0x00	; 0
   0003 00                   51 	.db #0x00	; 0
   0004 00                   52 	.db #0x00	; 0
   0005 00                   53 	.db #0x00	; 0
   0006 00                   54 	.db #0x00	; 0
   0007 00                   55 	.db #0x00	; 0
   0008 00                   56 	.db #0x00	; 0
   0009 00                   57 	.db #0x00	; 0
   000A 00                   58 	.db #0x00	; 0
   000B 00                   59 	.db #0x00	; 0
   000C 00                   60 	.db #0x00	; 0
   000D 00                   61 	.db #0x00	; 0
   000E 00                   62 	.db #0x00	; 0
   000F 00                   63 	.db #0x00	; 0
   0010 00                   64 	.db #0x00	; 0
   0011 00                   65 	.db #0x00	; 0
   0012 00                   66 	.db #0x00	; 0
   0013 00                   67 	.db #0x00	; 0
   0014 00                   68 	.db #0x00	; 0
   0015 00                   69 	.db #0x00	; 0
   0016 00                   70 	.db #0x00	; 0
   0017 00                   71 	.db #0x00	; 0
   0018 00                   72 	.db #0x00	; 0
   0019 00                   73 	.db #0x00	; 0
   001A 00                   74 	.db #0x00	; 0
   001B 00                   75 	.db #0x00	; 0
   001C 00                   76 	.db #0x00	; 0
   001D 00                   77 	.db #0x00	; 0
   001E 00                   78 	.db #0x00	; 0
   001F 00                   79 	.db #0x00	; 0
   0020                      80 _tileset_32x8_1:
   0020 C0                   81 	.db #0xc0	; 192
   0021 C0                   82 	.db #0xc0	; 192
   0022 C0                   83 	.db #0xc0	; 192
   0023 C4                   84 	.db #0xc4	; 196
   0024 C4                   85 	.db #0xc4	; 196
   0025 C0                   86 	.db #0xc0	; 192
   0026 C0                   87 	.db #0xc0	; 192
   0027 C0                   88 	.db #0xc0	; 192
   0028 CC                   89 	.db #0xcc	; 204
   0029 CC                   90 	.db #0xcc	; 204
   002A CC                   91 	.db #0xcc	; 204
   002B CC                   92 	.db #0xcc	; 204
   002C C4                   93 	.db #0xc4	; 196
   002D C0                   94 	.db #0xc0	; 192
   002E C0                   95 	.db #0xc0	; 192
   002F C0                   96 	.db #0xc0	; 192
   0030 C0                   97 	.db #0xc0	; 192
   0031 C4                   98 	.db #0xc4	; 196
   0032 C0                   99 	.db #0xc0	; 192
   0033 C0                  100 	.db #0xc0	; 192
   0034 CC                  101 	.db #0xcc	; 204
   0035 CC                  102 	.db #0xcc	; 204
   0036 CC                  103 	.db #0xcc	; 204
   0037 CC                  104 	.db #0xcc	; 204
   0038 C0                  105 	.db #0xc0	; 192
   0039 C4                  106 	.db #0xc4	; 196
   003A C0                  107 	.db #0xc0	; 192
   003B C0                  108 	.db #0xc0	; 192
   003C C0                  109 	.db #0xc0	; 192
   003D C0                  110 	.db #0xc0	; 192
   003E C4                  111 	.db #0xc4	; 196
   003F C0                  112 	.db #0xc0	; 192
   0040                     113 _tileset_32x8_2:
   0040 00                  114 	.db #0x00	; 0
   0041 00                  115 	.db #0x00	; 0
   0042 00                  116 	.db #0x00	; 0
   0043 00                  117 	.db #0x00	; 0
   0044 00                  118 	.db #0x00	; 0
   0045 88                  119 	.db #0x88	; 136
   0046 44                  120 	.db #0x44	; 68	'D'
   0047 00                  121 	.db #0x00	; 0
   0048 00                  122 	.db #0x00	; 0
   0049 CC                  123 	.db #0xcc	; 204
   004A CC                  124 	.db #0xcc	; 204
   004B 00                  125 	.db #0x00	; 0
   004C 00                  126 	.db #0x00	; 0
   004D CC                  127 	.db #0xcc	; 204
   004E 44                  128 	.db #0x44	; 68	'D'
   004F 00                  129 	.db #0x00	; 0
   0050 33                  130 	.db #0x33	; 51	'3'
   0051 33                  131 	.db #0x33	; 51	'3'
   0052 33                  132 	.db #0x33	; 51	'3'
   0053 33                  133 	.db #0x33	; 51	'3'
   0054 33                  134 	.db #0x33	; 51	'3'
   0055 33                  135 	.db #0x33	; 51	'3'
   0056 33                  136 	.db #0x33	; 51	'3'
   0057 33                  137 	.db #0x33	; 51	'3'
   0058 CC                  138 	.db #0xcc	; 204
   0059 CC                  139 	.db #0xcc	; 204
   005A CC                  140 	.db #0xcc	; 204
   005B CC                  141 	.db #0xcc	; 204
   005C 88                  142 	.db #0x88	; 136
   005D CC                  143 	.db #0xcc	; 204
   005E CC                  144 	.db #0xcc	; 204
   005F 44                  145 	.db #0x44	; 68	'D'
   0060                     146 _tileset_32x8_3:
   0060 33                  147 	.db #0x33	; 51	'3'
   0061 33                  148 	.db #0x33	; 51	'3'
   0062 33                  149 	.db #0x33	; 51	'3'
   0063 33                  150 	.db #0x33	; 51	'3'
   0064 33                  151 	.db #0x33	; 51	'3'
   0065 33                  152 	.db #0x33	; 51	'3'
   0066 33                  153 	.db #0x33	; 51	'3'
   0067 33                  154 	.db #0x33	; 51	'3'
   0068 44                  155 	.db #0x44	; 68	'D'
   0069 CC                  156 	.db #0xcc	; 204
   006A CC                  157 	.db #0xcc	; 204
   006B 88                  158 	.db #0x88	; 136
   006C CC                  159 	.db #0xcc	; 204
   006D CC                  160 	.db #0xcc	; 204
   006E CC                  161 	.db #0xcc	; 204
   006F CC                  162 	.db #0xcc	; 204
   0070 00                  163 	.db #0x00	; 0
   0071 44                  164 	.db #0x44	; 68	'D'
   0072 88                  165 	.db #0x88	; 136
   0073 00                  166 	.db #0x00	; 0
   0074 00                  167 	.db #0x00	; 0
   0075 00                  168 	.db #0x00	; 0
   0076 00                  169 	.db #0x00	; 0
   0077 00                  170 	.db #0x00	; 0
   0078 00                  171 	.db #0x00	; 0
   0079 44                  172 	.db #0x44	; 68	'D'
   007A CC                  173 	.db #0xcc	; 204
   007B 00                  174 	.db #0x00	; 0
   007C 00                  175 	.db #0x00	; 0
   007D CC                  176 	.db #0xcc	; 204
   007E CC                  177 	.db #0xcc	; 204
   007F 00                  178 	.db #0x00	; 0
                            179 	.area _INITIALIZER
                            180 	.area _CABS (ABS)
