                              1 ;--------------------------------------------------------
                              2 ; File Created by SDCC : free open source ANSI-C Compiler
                              3 ; Version 3.6.8 #9946 (Linux)
                              4 ;--------------------------------------------------------
                              5 	.module uno
                              6 	.optsdcc -mz80
                              7 	
                              8 ;--------------------------------------------------------
                              9 ; Public variables in this module
                             10 ;--------------------------------------------------------
                             11 	.globl _uno
                             12 ;--------------------------------------------------------
                             13 ; special function registers
                             14 ;--------------------------------------------------------
                             15 ;--------------------------------------------------------
                             16 ; ram data
                             17 ;--------------------------------------------------------
                             18 	.area _DATA
                             19 ;--------------------------------------------------------
                             20 ; ram data
                             21 ;--------------------------------------------------------
                             22 	.area _INITIALIZED
                             23 ;--------------------------------------------------------
                             24 ; absolute external ram data
                             25 ;--------------------------------------------------------
                             26 	.area _DABS (ABS)
                             27 ;--------------------------------------------------------
                             28 ; global & static initialisations
                             29 ;--------------------------------------------------------
                             30 	.area _HOME
                             31 	.area _GSINIT
                             32 	.area _GSFINAL
                             33 	.area _GSINIT
                             34 ;--------------------------------------------------------
                             35 ; Home
                             36 ;--------------------------------------------------------
                             37 	.area _HOME
                             38 	.area _HOME
                             39 ;--------------------------------------------------------
                             40 ; code
                             41 ;--------------------------------------------------------
                             42 	.area _CODE
                             43 	.area _CODE
   0000                      44 _uno:
   0000 00                   45 	.db #0x00	; 0
   0001 00                   46 	.db #0x00	; 0
   0002 00                   47 	.db #0x00	; 0
   0003 00                   48 	.db #0x00	; 0
   0004 30                   49 	.db #0x30	; 48	'0'
   0005 30                   50 	.db #0x30	; 48	'0'
   0006 30                   51 	.db #0x30	; 48	'0'
   0007 30                   52 	.db #0x30	; 48	'0'
   0008 CC                   53 	.db #0xcc	; 204
   0009 CC                   54 	.db #0xcc	; 204
   000A CC                   55 	.db #0xcc	; 204
   000B CC                   56 	.db #0xcc	; 204
   000C FC                   57 	.db #0xfc	; 252
   000D FC                   58 	.db #0xfc	; 252
   000E FC                   59 	.db #0xfc	; 252
   000F FC                   60 	.db #0xfc	; 252
   0010 00                   61 	.db #0x00	; 0
   0011 FC                   62 	.db #0xfc	; 252
   0012 FC                   63 	.db #0xfc	; 252
   0013 FC                   64 	.db #0xfc	; 252
   0014 00                   65 	.db #0x00	; 0
   0015 00                   66 	.db #0x00	; 0
   0016 00                   67 	.db #0x00	; 0
   0017 00                   68 	.db #0x00	; 0
   0018 CC                   69 	.db #0xcc	; 204
   0019 CC                   70 	.db #0xcc	; 204
   001A CC                   71 	.db #0xcc	; 204
   001B CC                   72 	.db #0xcc	; 204
   001C CC                   73 	.db #0xcc	; 204
   001D CC                   74 	.db #0xcc	; 204
   001E CC                   75 	.db #0xcc	; 204
   001F CC                   76 	.db #0xcc	; 204
   0020 CC                   77 	.db #0xcc	; 204
   0021 CC                   78 	.db #0xcc	; 204
   0022 CC                   79 	.db #0xcc	; 204
   0023 CC                   80 	.db #0xcc	; 204
   0024 CC                   81 	.db #0xcc	; 204
   0025 CC                   82 	.db #0xcc	; 204
   0026 CC                   83 	.db #0xcc	; 204
   0027 CC                   84 	.db #0xcc	; 204
   0028 CC                   85 	.db #0xcc	; 204
   0029 CC                   86 	.db #0xcc	; 204
   002A CC                   87 	.db #0xcc	; 204
   002B CC                   88 	.db #0xcc	; 204
   002C C0                   89 	.db #0xc0	; 192
   002D C0                   90 	.db #0xc0	; 192
   002E C0                   91 	.db #0xc0	; 192
   002F C0                   92 	.db #0xc0	; 192
   0030 C0                   93 	.db #0xc0	; 192
   0031 E8                   94 	.db #0xe8	; 232
   0032 C0                   95 	.db #0xc0	; 192
   0033 C0                   96 	.db #0xc0	; 192
   0034 FC                   97 	.db #0xfc	; 252
   0035 FC                   98 	.db #0xfc	; 252
   0036 FC                   99 	.db #0xfc	; 252
   0037 FC                  100 	.db #0xfc	; 252
   0038 C0                  101 	.db #0xc0	; 192
   0039 C0                  102 	.db #0xc0	; 192
   003A C0                  103 	.db #0xc0	; 192
   003B C0                  104 	.db #0xc0	; 192
   003C 30                  105 	.db #0x30	; 48	'0'
   003D 30                  106 	.db #0x30	; 48	'0'
   003E 30                  107 	.db #0x30	; 48	'0'
   003F 30                  108 	.db #0x30	; 48	'0'
                            109 	.area _INITIALIZER
                            110 	.area _CABS (ABS)
