ASxxxx Assembler V02.00 + NoICE + SDCC mods  (Zilog Z80 / Hitachi HD64180), page 1.
Hexadecimal [16-Bits]



                              1 .module declaracion_entidades.s
ASxxxx Assembler V02.00 + NoICE + SDCC mods  (Zilog Z80 / Hitachi HD64180), page 2.
Hexadecimal [16-Bits]



                              2 .include "macros_entidad.inc"
                              1 .module macros_entidad.inc
                              2 .macro Entidad nombre,tipo,x,y,vx,vy,ancho,alto,sprite
                              3     nombre::
                              4         .db tipo    ;;tipo
                              5         .db x       ;;x
                              6         .db y       ;;y
                              7         .db vx      ;;velocidadx
                              8         .db vy      ;;velocidady
                              9         .db ancho   ;;ancho
                             10         .db alto    ;;ALto
                             11         .dw sprite  ;;sprite (2B)
                             12 .endm
                             13 
ASxxxx Assembler V02.00 + NoICE + SDCC mods  (Zilog Z80 / Hitachi HD64180), page 3.
Hexadecimal [16-Bits]



                              3 .globl _uno
                              4 .globl _fuego
   0000                       5     Entidad jugador,0,10,10,0,0,4,8,_uno
   0000                       1     jugador::
   0000 00                    2         .db 0    ;;tipo
   0001 0A                    3         .db 10       ;;x
   0002 0A                    4         .db 10       ;;y
   0003 00                    5         .db 0      ;;velocidadx
   0004 00                    6         .db 0      ;;velocidady
   0005 04                    7         .db 4   ;;ancho
   0006 08                    8         .db 8    ;;ALto
   0007 00 00                 9         .dw _uno  ;;sprite (2B)
   0009                       6     Entidad enemigo,10,10,10,10,0,4,8,_fuego
   0009                       1     enemigo::
   0009 0A                    2         .db 10    ;;tipo
   000A 0A                    3         .db 10       ;;x
   000B 0A                    4         .db 10       ;;y
   000C 0A                    5         .db 10      ;;velocidadx
   000D 00                    6         .db 0      ;;velocidady
   000E 04                    7         .db 4   ;;ancho
   000F 08                    8         .db 8    ;;ALto
   0010 00 00                 9         .dw _fuego  ;;sprite (2B)
