                              1 ;--------------------------------------------------------
                              2 ; File Created by SDCC : free open source ANSI-C Compiler
                              3 ; Version 3.6.8 #9946 (Linux)
                              4 ;--------------------------------------------------------
                              5 	.module mapas
                              6 	.optsdcc -mz80
                              7 	
                              8 ;--------------------------------------------------------
                              9 ; Public variables in this module
                             10 ;--------------------------------------------------------
                             11 	.globl _pinta_mapa
                             12 	.globl _cpct_etm_drawTilemap4x8_ag
                             13 	.globl _cpct_etm_setDrawTilemap4x8_ag
                             14 	.globl _cpct_setPALColour
                             15 	.globl _cpct_setVideoMode
                             16 ;--------------------------------------------------------
                             17 ; special function registers
                             18 ;--------------------------------------------------------
                             19 ;--------------------------------------------------------
                             20 ; ram data
                             21 ;--------------------------------------------------------
                             22 	.area _DATA
                             23 ;--------------------------------------------------------
                             24 ; ram data
                             25 ;--------------------------------------------------------
                             26 	.area _INITIALIZED
                             27 ;--------------------------------------------------------
                             28 ; absolute external ram data
                             29 ;--------------------------------------------------------
                             30 	.area _DABS (ABS)
                             31 ;--------------------------------------------------------
                             32 ; global & static initialisations
                             33 ;--------------------------------------------------------
                             34 	.area _HOME
                             35 	.area _GSINIT
                             36 	.area _GSFINAL
                             37 	.area _GSINIT
                             38 ;--------------------------------------------------------
                             39 ; Home
                             40 ;--------------------------------------------------------
                             41 	.area _HOME
                             42 	.area _HOME
                             43 ;--------------------------------------------------------
                             44 ; code
                             45 ;--------------------------------------------------------
                             46 	.area _CODE
                             47 ;src/mapas.c:4: void pinta_mapa(){
                             48 ;	---------------------------------
                             49 ; Function pinta_mapa
                             50 ; ---------------------------------
   0000                      51 _pinta_mapa::
                             52 ;src/mapas.c:5: cpct_setVideoMode(0);
   0000 2E 00         [ 7]   53 	ld	l, #0x00
   0002 CDr00r00      [17]   54 	call	_cpct_setVideoMode
                             55 ;src/mapas.c:6: cpct_setBorder(HW_BLACK);
   0005 21 10 14      [10]   56 	ld	hl, #0x1410
   0008 E5            [11]   57 	push	hl
   0009 CDr00r00      [17]   58 	call	_cpct_setPALColour
                             59 ;src/mapas.c:7: cpct_etm_setDrawTilemap4x8_ag(m_sencillo_W,m_sencillo_H,m_sencillo_W,tileset_32x8_0);
   000C 21r00r00      [10]   60 	ld	hl, #_tileset_32x8_0
   000F E5            [11]   61 	push	hl
   0010 21 14 00      [10]   62 	ld	hl, #0x0014
   0013 E5            [11]   63 	push	hl
   0014 26 19         [ 7]   64 	ld	h, #0x19
   0016 E5            [11]   65 	push	hl
   0017 CDr00r00      [17]   66 	call	_cpct_etm_setDrawTilemap4x8_ag
                             67 ;src/mapas.c:8: cpct_etm_drawTilemap4x8_ag(CPCT_VMEM_START,m_sencillo);
   001A 21r00r00      [10]   68 	ld	hl, #_m_sencillo
   001D E5            [11]   69 	push	hl
   001E 21 00 C0      [10]   70 	ld	hl, #0xc000
   0021 E5            [11]   71 	push	hl
   0022 CDr00r00      [17]   72 	call	_cpct_etm_drawTilemap4x8_ag
   0025 C9            [10]   73 	ret
                             74 	.area _CODE
                             75 	.area _INITIALIZER
                             76 	.area _CABS (ABS)
