                              1 ;--------------------------------------------------------
                              2 ; File Created by SDCC : free open source ANSI-C Compiler
                              3 ; Version 3.6.8 #9946 (Linux)
                              4 ;--------------------------------------------------------
                              5 	.module 20x25
                              6 	.optsdcc -mz80
                              7 	
                              8 ;--------------------------------------------------------
                              9 ; Public variables in this module
                             10 ;--------------------------------------------------------
                             11 	.globl _m0_20x25
                             12 ;--------------------------------------------------------
                             13 ; special function registers
                             14 ;--------------------------------------------------------
                             15 ;--------------------------------------------------------
                             16 ; ram data
                             17 ;--------------------------------------------------------
                             18 	.area _DATA
                             19 ;--------------------------------------------------------
                             20 ; ram data
                             21 ;--------------------------------------------------------
                             22 	.area _INITIALIZED
                             23 ;--------------------------------------------------------
                             24 ; absolute external ram data
                             25 ;--------------------------------------------------------
                             26 	.area _DABS (ABS)
                             27 ;--------------------------------------------------------
                             28 ; global & static initialisations
                             29 ;--------------------------------------------------------
                             30 	.area _HOME
                             31 	.area _GSINIT
                             32 	.area _GSFINAL
                             33 	.area _GSINIT
                             34 ;--------------------------------------------------------
                             35 ; Home
                             36 ;--------------------------------------------------------
                             37 	.area _HOME
                             38 	.area _HOME
                             39 ;--------------------------------------------------------
                             40 ; code
                             41 ;--------------------------------------------------------
                             42 	.area _CODE
                             43 	.area _CODE
   0000                      44 _m0_20x25:
   0000 07                   45 	.db #0x07	; 7
   0001 07                   46 	.db #0x07	; 7
   0002 07                   47 	.db #0x07	; 7
   0003 07                   48 	.db #0x07	; 7
   0004 07                   49 	.db #0x07	; 7
   0005 07                   50 	.db #0x07	; 7
   0006 07                   51 	.db #0x07	; 7
   0007 07                   52 	.db #0x07	; 7
   0008 07                   53 	.db #0x07	; 7
   0009 07                   54 	.db #0x07	; 7
   000A 07                   55 	.db #0x07	; 7
   000B 07                   56 	.db #0x07	; 7
   000C 07                   57 	.db #0x07	; 7
   000D 07                   58 	.db #0x07	; 7
   000E 07                   59 	.db #0x07	; 7
   000F 07                   60 	.db #0x07	; 7
   0010 07                   61 	.db #0x07	; 7
   0011 07                   62 	.db #0x07	; 7
   0012 07                   63 	.db #0x07	; 7
   0013 07                   64 	.db #0x07	; 7
   0014 07                   65 	.db #0x07	; 7
   0015 07                   66 	.db #0x07	; 7
   0016 07                   67 	.db #0x07	; 7
   0017 07                   68 	.db #0x07	; 7
   0018 07                   69 	.db #0x07	; 7
   0019 07                   70 	.db #0x07	; 7
   001A 07                   71 	.db #0x07	; 7
   001B 07                   72 	.db #0x07	; 7
   001C 07                   73 	.db #0x07	; 7
   001D 07                   74 	.db #0x07	; 7
   001E 07                   75 	.db #0x07	; 7
   001F 07                   76 	.db #0x07	; 7
   0020 07                   77 	.db #0x07	; 7
   0021 07                   78 	.db #0x07	; 7
   0022 07                   79 	.db #0x07	; 7
   0023 07                   80 	.db #0x07	; 7
   0024 07                   81 	.db #0x07	; 7
   0025 07                   82 	.db #0x07	; 7
   0026 07                   83 	.db #0x07	; 7
   0027 07                   84 	.db #0x07	; 7
   0028 07                   85 	.db #0x07	; 7
   0029 07                   86 	.db #0x07	; 7
   002A 07                   87 	.db #0x07	; 7
   002B 07                   88 	.db #0x07	; 7
   002C 07                   89 	.db #0x07	; 7
   002D 07                   90 	.db #0x07	; 7
   002E 07                   91 	.db #0x07	; 7
   002F 07                   92 	.db #0x07	; 7
   0030 07                   93 	.db #0x07	; 7
   0031 07                   94 	.db #0x07	; 7
   0032 07                   95 	.db #0x07	; 7
   0033 07                   96 	.db #0x07	; 7
   0034 07                   97 	.db #0x07	; 7
   0035 07                   98 	.db #0x07	; 7
   0036 07                   99 	.db #0x07	; 7
   0037 07                  100 	.db #0x07	; 7
   0038 07                  101 	.db #0x07	; 7
   0039 07                  102 	.db #0x07	; 7
   003A 07                  103 	.db #0x07	; 7
   003B 07                  104 	.db #0x07	; 7
   003C 07                  105 	.db #0x07	; 7
   003D 07                  106 	.db #0x07	; 7
   003E 07                  107 	.db #0x07	; 7
   003F 07                  108 	.db #0x07	; 7
   0040 07                  109 	.db #0x07	; 7
   0041 07                  110 	.db #0x07	; 7
   0042 07                  111 	.db #0x07	; 7
   0043 07                  112 	.db #0x07	; 7
   0044 07                  113 	.db #0x07	; 7
   0045 07                  114 	.db #0x07	; 7
   0046 07                  115 	.db #0x07	; 7
   0047 07                  116 	.db #0x07	; 7
   0048 07                  117 	.db #0x07	; 7
   0049 07                  118 	.db #0x07	; 7
   004A 07                  119 	.db #0x07	; 7
   004B 07                  120 	.db #0x07	; 7
   004C 07                  121 	.db #0x07	; 7
   004D 07                  122 	.db #0x07	; 7
   004E 07                  123 	.db #0x07	; 7
   004F 07                  124 	.db #0x07	; 7
   0050 07                  125 	.db #0x07	; 7
   0051 07                  126 	.db #0x07	; 7
   0052 07                  127 	.db #0x07	; 7
   0053 07                  128 	.db #0x07	; 7
   0054 07                  129 	.db #0x07	; 7
   0055 07                  130 	.db #0x07	; 7
   0056 07                  131 	.db #0x07	; 7
   0057 07                  132 	.db #0x07	; 7
   0058 07                  133 	.db #0x07	; 7
   0059 07                  134 	.db #0x07	; 7
   005A 07                  135 	.db #0x07	; 7
   005B 07                  136 	.db #0x07	; 7
   005C 07                  137 	.db #0x07	; 7
   005D 07                  138 	.db #0x07	; 7
   005E 07                  139 	.db #0x07	; 7
   005F 07                  140 	.db #0x07	; 7
   0060 07                  141 	.db #0x07	; 7
   0061 07                  142 	.db #0x07	; 7
   0062 07                  143 	.db #0x07	; 7
   0063 07                  144 	.db #0x07	; 7
   0064 07                  145 	.db #0x07	; 7
   0065 07                  146 	.db #0x07	; 7
   0066 07                  147 	.db #0x07	; 7
   0067 07                  148 	.db #0x07	; 7
   0068 07                  149 	.db #0x07	; 7
   0069 07                  150 	.db #0x07	; 7
   006A 07                  151 	.db #0x07	; 7
   006B 07                  152 	.db #0x07	; 7
   006C 07                  153 	.db #0x07	; 7
   006D 07                  154 	.db #0x07	; 7
   006E 07                  155 	.db #0x07	; 7
   006F 07                  156 	.db #0x07	; 7
   0070 07                  157 	.db #0x07	; 7
   0071 07                  158 	.db #0x07	; 7
   0072 07                  159 	.db #0x07	; 7
   0073 07                  160 	.db #0x07	; 7
   0074 07                  161 	.db #0x07	; 7
   0075 07                  162 	.db #0x07	; 7
   0076 07                  163 	.db #0x07	; 7
   0077 07                  164 	.db #0x07	; 7
   0078 07                  165 	.db #0x07	; 7
   0079 07                  166 	.db #0x07	; 7
   007A 00                  167 	.db #0x00	; 0
   007B 00                  168 	.db #0x00	; 0
   007C 00                  169 	.db #0x00	; 0
   007D 00                  170 	.db #0x00	; 0
   007E 00                  171 	.db #0x00	; 0
   007F 00                  172 	.db #0x00	; 0
   0080 00                  173 	.db #0x00	; 0
   0081 00                  174 	.db #0x00	; 0
   0082 00                  175 	.db #0x00	; 0
   0083 00                  176 	.db #0x00	; 0
   0084 00                  177 	.db #0x00	; 0
   0085 00                  178 	.db #0x00	; 0
   0086 00                  179 	.db #0x00	; 0
   0087 00                  180 	.db #0x00	; 0
   0088 00                  181 	.db #0x00	; 0
   0089 00                  182 	.db #0x00	; 0
   008A 00                  183 	.db #0x00	; 0
   008B 00                  184 	.db #0x00	; 0
   008C 07                  185 	.db #0x07	; 7
   008D 07                  186 	.db #0x07	; 7
   008E 00                  187 	.db #0x00	; 0
   008F 00                  188 	.db #0x00	; 0
   0090 00                  189 	.db #0x00	; 0
   0091 07                  190 	.db #0x07	; 7
   0092 07                  191 	.db #0x07	; 7
   0093 00                  192 	.db #0x00	; 0
   0094 00                  193 	.db #0x00	; 0
   0095 07                  194 	.db #0x07	; 7
   0096 00                  195 	.db #0x00	; 0
   0097 00                  196 	.db #0x00	; 0
   0098 07                  197 	.db #0x07	; 7
   0099 07                  198 	.db #0x07	; 7
   009A 00                  199 	.db #0x00	; 0
   009B 00                  200 	.db #0x00	; 0
   009C 00                  201 	.db #0x00	; 0
   009D 00                  202 	.db #0x00	; 0
   009E 00                  203 	.db #0x00	; 0
   009F 00                  204 	.db #0x00	; 0
   00A0 07                  205 	.db #0x07	; 7
   00A1 07                  206 	.db #0x07	; 7
   00A2 00                  207 	.db #0x00	; 0
   00A3 00                  208 	.db #0x00	; 0
   00A4 07                  209 	.db #0x07	; 7
   00A5 07                  210 	.db #0x07	; 7
   00A6 07                  211 	.db #0x07	; 7
   00A7 07                  212 	.db #0x07	; 7
   00A8 07                  213 	.db #0x07	; 7
   00A9 00                  214 	.db #0x00	; 0
   00AA 07                  215 	.db #0x07	; 7
   00AB 07                  216 	.db #0x07	; 7
   00AC 07                  217 	.db #0x07	; 7
   00AD 07                  218 	.db #0x07	; 7
   00AE 07                  219 	.db #0x07	; 7
   00AF 07                  220 	.db #0x07	; 7
   00B0 07                  221 	.db #0x07	; 7
   00B1 00                  222 	.db #0x00	; 0
   00B2 00                  223 	.db #0x00	; 0
   00B3 00                  224 	.db #0x00	; 0
   00B4 07                  225 	.db #0x07	; 7
   00B5 07                  226 	.db #0x07	; 7
   00B6 00                  227 	.db #0x00	; 0
   00B7 07                  228 	.db #0x07	; 7
   00B8 07                  229 	.db #0x07	; 7
   00B9 07                  230 	.db #0x07	; 7
   00BA 07                  231 	.db #0x07	; 7
   00BB 07                  232 	.db #0x07	; 7
   00BC 07                  233 	.db #0x07	; 7
   00BD 07                  234 	.db #0x07	; 7
   00BE 07                  235 	.db #0x07	; 7
   00BF 07                  236 	.db #0x07	; 7
   00C0 07                  237 	.db #0x07	; 7
   00C1 07                  238 	.db #0x07	; 7
   00C2 07                  239 	.db #0x07	; 7
   00C3 07                  240 	.db #0x07	; 7
   00C4 07                  241 	.db #0x07	; 7
   00C5 07                  242 	.db #0x07	; 7
   00C6 00                  243 	.db #0x00	; 0
   00C7 00                  244 	.db #0x00	; 0
   00C8 07                  245 	.db #0x07	; 7
   00C9 07                  246 	.db #0x07	; 7
   00CA 00                  247 	.db #0x00	; 0
   00CB 07                  248 	.db #0x07	; 7
   00CC 07                  249 	.db #0x07	; 7
   00CD 07                  250 	.db #0x07	; 7
   00CE 07                  251 	.db #0x07	; 7
   00CF 07                  252 	.db #0x07	; 7
   00D0 07                  253 	.db #0x07	; 7
   00D1 07                  254 	.db #0x07	; 7
   00D2 07                  255 	.db #0x07	; 7
   00D3 07                  256 	.db #0x07	; 7
   00D4 07                  257 	.db #0x07	; 7
   00D5 07                  258 	.db #0x07	; 7
   00D6 07                  259 	.db #0x07	; 7
   00D7 07                  260 	.db #0x07	; 7
   00D8 07                  261 	.db #0x07	; 7
   00D9 07                  262 	.db #0x07	; 7
   00DA 07                  263 	.db #0x07	; 7
   00DB 00                  264 	.db #0x00	; 0
   00DC 07                  265 	.db #0x07	; 7
   00DD 07                  266 	.db #0x07	; 7
   00DE 00                  267 	.db #0x00	; 0
   00DF 07                  268 	.db #0x07	; 7
   00E0 07                  269 	.db #0x07	; 7
   00E1 07                  270 	.db #0x07	; 7
   00E2 07                  271 	.db #0x07	; 7
   00E3 07                  272 	.db #0x07	; 7
   00E4 07                  273 	.db #0x07	; 7
   00E5 07                  274 	.db #0x07	; 7
   00E6 07                  275 	.db #0x07	; 7
   00E7 07                  276 	.db #0x07	; 7
   00E8 07                  277 	.db #0x07	; 7
   00E9 07                  278 	.db #0x07	; 7
   00EA 07                  279 	.db #0x07	; 7
   00EB 07                  280 	.db #0x07	; 7
   00EC 07                  281 	.db #0x07	; 7
   00ED 07                  282 	.db #0x07	; 7
   00EE 07                  283 	.db #0x07	; 7
   00EF 00                  284 	.db #0x00	; 0
   00F0 07                  285 	.db #0x07	; 7
   00F1 07                  286 	.db #0x07	; 7
   00F2 00                  287 	.db #0x00	; 0
   00F3 00                  288 	.db #0x00	; 0
   00F4 07                  289 	.db #0x07	; 7
   00F5 07                  290 	.db #0x07	; 7
   00F6 07                  291 	.db #0x07	; 7
   00F7 07                  292 	.db #0x07	; 7
   00F8 07                  293 	.db #0x07	; 7
   00F9 07                  294 	.db #0x07	; 7
   00FA 07                  295 	.db #0x07	; 7
   00FB 07                  296 	.db #0x07	; 7
   00FC 07                  297 	.db #0x07	; 7
   00FD 07                  298 	.db #0x07	; 7
   00FE 07                  299 	.db #0x07	; 7
   00FF 07                  300 	.db #0x07	; 7
   0100 07                  301 	.db #0x07	; 7
   0101 07                  302 	.db #0x07	; 7
   0102 07                  303 	.db #0x07	; 7
   0103 00                  304 	.db #0x00	; 0
   0104 07                  305 	.db #0x07	; 7
   0105 07                  306 	.db #0x07	; 7
   0106 00                  307 	.db #0x00	; 0
   0107 00                  308 	.db #0x00	; 0
   0108 07                  309 	.db #0x07	; 7
   0109 07                  310 	.db #0x07	; 7
   010A 07                  311 	.db #0x07	; 7
   010B 07                  312 	.db #0x07	; 7
   010C 07                  313 	.db #0x07	; 7
   010D 07                  314 	.db #0x07	; 7
   010E 07                  315 	.db #0x07	; 7
   010F 07                  316 	.db #0x07	; 7
   0110 07                  317 	.db #0x07	; 7
   0111 07                  318 	.db #0x07	; 7
   0112 07                  319 	.db #0x07	; 7
   0113 07                  320 	.db #0x07	; 7
   0114 07                  321 	.db #0x07	; 7
   0115 07                  322 	.db #0x07	; 7
   0116 07                  323 	.db #0x07	; 7
   0117 00                  324 	.db #0x00	; 0
   0118 07                  325 	.db #0x07	; 7
   0119 07                  326 	.db #0x07	; 7
   011A 00                  327 	.db #0x00	; 0
   011B 07                  328 	.db #0x07	; 7
   011C 00                  329 	.db #0x00	; 0
   011D 07                  330 	.db #0x07	; 7
   011E 07                  331 	.db #0x07	; 7
   011F 07                  332 	.db #0x07	; 7
   0120 07                  333 	.db #0x07	; 7
   0121 07                  334 	.db #0x07	; 7
   0122 07                  335 	.db #0x07	; 7
   0123 07                  336 	.db #0x07	; 7
   0124 07                  337 	.db #0x07	; 7
   0125 07                  338 	.db #0x07	; 7
   0126 07                  339 	.db #0x07	; 7
   0127 07                  340 	.db #0x07	; 7
   0128 07                  341 	.db #0x07	; 7
   0129 07                  342 	.db #0x07	; 7
   012A 07                  343 	.db #0x07	; 7
   012B 00                  344 	.db #0x00	; 0
   012C 07                  345 	.db #0x07	; 7
   012D 07                  346 	.db #0x07	; 7
   012E 00                  347 	.db #0x00	; 0
   012F 07                  348 	.db #0x07	; 7
   0130 07                  349 	.db #0x07	; 7
   0131 00                  350 	.db #0x00	; 0
   0132 07                  351 	.db #0x07	; 7
   0133 07                  352 	.db #0x07	; 7
   0134 07                  353 	.db #0x07	; 7
   0135 07                  354 	.db #0x07	; 7
   0136 07                  355 	.db #0x07	; 7
   0137 07                  356 	.db #0x07	; 7
   0138 07                  357 	.db #0x07	; 7
   0139 07                  358 	.db #0x07	; 7
   013A 07                  359 	.db #0x07	; 7
   013B 07                  360 	.db #0x07	; 7
   013C 07                  361 	.db #0x07	; 7
   013D 07                  362 	.db #0x07	; 7
   013E 07                  363 	.db #0x07	; 7
   013F 00                  364 	.db #0x00	; 0
   0140 07                  365 	.db #0x07	; 7
   0141 07                  366 	.db #0x07	; 7
   0142 00                  367 	.db #0x00	; 0
   0143 07                  368 	.db #0x07	; 7
   0144 07                  369 	.db #0x07	; 7
   0145 07                  370 	.db #0x07	; 7
   0146 00                  371 	.db #0x00	; 0
   0147 00                  372 	.db #0x00	; 0
   0148 00                  373 	.db #0x00	; 0
   0149 07                  374 	.db #0x07	; 7
   014A 07                  375 	.db #0x07	; 7
   014B 07                  376 	.db #0x07	; 7
   014C 07                  377 	.db #0x07	; 7
   014D 07                  378 	.db #0x07	; 7
   014E 07                  379 	.db #0x07	; 7
   014F 07                  380 	.db #0x07	; 7
   0150 07                  381 	.db #0x07	; 7
   0151 07                  382 	.db #0x07	; 7
   0152 07                  383 	.db #0x07	; 7
   0153 00                  384 	.db #0x00	; 0
   0154 07                  385 	.db #0x07	; 7
   0155 07                  386 	.db #0x07	; 7
   0156 00                  387 	.db #0x00	; 0
   0157 00                  388 	.db #0x00	; 0
   0158 00                  389 	.db #0x00	; 0
   0159 00                  390 	.db #0x00	; 0
   015A 07                  391 	.db #0x07	; 7
   015B 07                  392 	.db #0x07	; 7
   015C 07                  393 	.db #0x07	; 7
   015D 00                  394 	.db #0x00	; 0
   015E 00                  395 	.db #0x00	; 0
   015F 00                  396 	.db #0x00	; 0
   0160 07                  397 	.db #0x07	; 7
   0161 07                  398 	.db #0x07	; 7
   0162 07                  399 	.db #0x07	; 7
   0163 07                  400 	.db #0x07	; 7
   0164 00                  401 	.db #0x00	; 0
   0165 00                  402 	.db #0x00	; 0
   0166 00                  403 	.db #0x00	; 0
   0167 00                  404 	.db #0x00	; 0
   0168 07                  405 	.db #0x07	; 7
   0169 07                  406 	.db #0x07	; 7
   016A 00                  407 	.db #0x00	; 0
   016B 00                  408 	.db #0x00	; 0
   016C 00                  409 	.db #0x00	; 0
   016D 00                  410 	.db #0x00	; 0
   016E 00                  411 	.db #0x00	; 0
   016F 00                  412 	.db #0x00	; 0
   0170 00                  413 	.db #0x00	; 0
   0171 00                  414 	.db #0x00	; 0
   0172 00                  415 	.db #0x00	; 0
   0173 00                  416 	.db #0x00	; 0
   0174 00                  417 	.db #0x00	; 0
   0175 00                  418 	.db #0x00	; 0
   0176 00                  419 	.db #0x00	; 0
   0177 00                  420 	.db #0x00	; 0
   0178 00                  421 	.db #0x00	; 0
   0179 00                  422 	.db #0x00	; 0
   017A 00                  423 	.db #0x00	; 0
   017B 00                  424 	.db #0x00	; 0
   017C 07                  425 	.db #0x07	; 7
   017D 07                  426 	.db #0x07	; 7
   017E 07                  427 	.db #0x07	; 7
   017F 07                  428 	.db #0x07	; 7
   0180 07                  429 	.db #0x07	; 7
   0181 07                  430 	.db #0x07	; 7
   0182 07                  431 	.db #0x07	; 7
   0183 07                  432 	.db #0x07	; 7
   0184 07                  433 	.db #0x07	; 7
   0185 07                  434 	.db #0x07	; 7
   0186 07                  435 	.db #0x07	; 7
   0187 07                  436 	.db #0x07	; 7
   0188 07                  437 	.db #0x07	; 7
   0189 07                  438 	.db #0x07	; 7
   018A 07                  439 	.db #0x07	; 7
   018B 07                  440 	.db #0x07	; 7
   018C 07                  441 	.db #0x07	; 7
   018D 07                  442 	.db #0x07	; 7
   018E 07                  443 	.db #0x07	; 7
   018F 07                  444 	.db #0x07	; 7
   0190 07                  445 	.db #0x07	; 7
   0191 07                  446 	.db #0x07	; 7
   0192 07                  447 	.db #0x07	; 7
   0193 07                  448 	.db #0x07	; 7
   0194 07                  449 	.db #0x07	; 7
   0195 07                  450 	.db #0x07	; 7
   0196 07                  451 	.db #0x07	; 7
   0197 07                  452 	.db #0x07	; 7
   0198 07                  453 	.db #0x07	; 7
   0199 07                  454 	.db #0x07	; 7
   019A 07                  455 	.db #0x07	; 7
   019B 07                  456 	.db #0x07	; 7
   019C 07                  457 	.db #0x07	; 7
   019D 07                  458 	.db #0x07	; 7
   019E 07                  459 	.db #0x07	; 7
   019F 07                  460 	.db #0x07	; 7
   01A0 07                  461 	.db #0x07	; 7
   01A1 07                  462 	.db #0x07	; 7
   01A2 07                  463 	.db #0x07	; 7
   01A3 07                  464 	.db #0x07	; 7
   01A4 07                  465 	.db #0x07	; 7
   01A5 07                  466 	.db #0x07	; 7
   01A6 07                  467 	.db #0x07	; 7
   01A7 07                  468 	.db #0x07	; 7
   01A8 07                  469 	.db #0x07	; 7
   01A9 07                  470 	.db #0x07	; 7
   01AA 07                  471 	.db #0x07	; 7
   01AB 07                  472 	.db #0x07	; 7
   01AC 07                  473 	.db #0x07	; 7
   01AD 07                  474 	.db #0x07	; 7
   01AE 07                  475 	.db #0x07	; 7
   01AF 07                  476 	.db #0x07	; 7
   01B0 07                  477 	.db #0x07	; 7
   01B1 07                  478 	.db #0x07	; 7
   01B2 07                  479 	.db #0x07	; 7
   01B3 07                  480 	.db #0x07	; 7
   01B4 07                  481 	.db #0x07	; 7
   01B5 07                  482 	.db #0x07	; 7
   01B6 07                  483 	.db #0x07	; 7
   01B7 07                  484 	.db #0x07	; 7
   01B8 07                  485 	.db #0x07	; 7
   01B9 07                  486 	.db #0x07	; 7
   01BA 07                  487 	.db #0x07	; 7
   01BB 07                  488 	.db #0x07	; 7
   01BC 07                  489 	.db #0x07	; 7
   01BD 07                  490 	.db #0x07	; 7
   01BE 07                  491 	.db #0x07	; 7
   01BF 07                  492 	.db #0x07	; 7
   01C0 07                  493 	.db #0x07	; 7
   01C1 07                  494 	.db #0x07	; 7
   01C2 07                  495 	.db #0x07	; 7
   01C3 07                  496 	.db #0x07	; 7
   01C4 07                  497 	.db #0x07	; 7
   01C5 07                  498 	.db #0x07	; 7
   01C6 07                  499 	.db #0x07	; 7
   01C7 07                  500 	.db #0x07	; 7
   01C8 07                  501 	.db #0x07	; 7
   01C9 07                  502 	.db #0x07	; 7
   01CA 07                  503 	.db #0x07	; 7
   01CB 07                  504 	.db #0x07	; 7
   01CC 07                  505 	.db #0x07	; 7
   01CD 07                  506 	.db #0x07	; 7
   01CE 07                  507 	.db #0x07	; 7
   01CF 07                  508 	.db #0x07	; 7
   01D0 07                  509 	.db #0x07	; 7
   01D1 07                  510 	.db #0x07	; 7
   01D2 07                  511 	.db #0x07	; 7
   01D3 07                  512 	.db #0x07	; 7
   01D4 07                  513 	.db #0x07	; 7
   01D5 07                  514 	.db #0x07	; 7
   01D6 07                  515 	.db #0x07	; 7
   01D7 07                  516 	.db #0x07	; 7
   01D8 07                  517 	.db #0x07	; 7
   01D9 07                  518 	.db #0x07	; 7
   01DA 07                  519 	.db #0x07	; 7
   01DB 07                  520 	.db #0x07	; 7
   01DC 07                  521 	.db #0x07	; 7
   01DD 07                  522 	.db #0x07	; 7
   01DE 07                  523 	.db #0x07	; 7
   01DF 07                  524 	.db #0x07	; 7
   01E0 07                  525 	.db #0x07	; 7
   01E1 07                  526 	.db #0x07	; 7
   01E2 07                  527 	.db #0x07	; 7
   01E3 07                  528 	.db #0x07	; 7
   01E4 07                  529 	.db #0x07	; 7
   01E5 07                  530 	.db #0x07	; 7
   01E6 07                  531 	.db #0x07	; 7
   01E7 07                  532 	.db #0x07	; 7
   01E8 07                  533 	.db #0x07	; 7
   01E9 07                  534 	.db #0x07	; 7
   01EA 07                  535 	.db #0x07	; 7
   01EB 07                  536 	.db #0x07	; 7
   01EC 07                  537 	.db #0x07	; 7
   01ED 07                  538 	.db #0x07	; 7
   01EE 07                  539 	.db #0x07	; 7
   01EF 07                  540 	.db #0x07	; 7
   01F0 07                  541 	.db #0x07	; 7
   01F1 07                  542 	.db #0x07	; 7
   01F2 07                  543 	.db #0x07	; 7
   01F3 07                  544 	.db #0x07	; 7
                            545 	.area _INITIALIZER
                            546 	.area _CABS (ABS)
