                              1 ;--------------------------------------------------------
                              2 ; File Created by SDCC : free open source ANSI-C Compiler
                              3 ; Version 3.6.8 #9946 (Linux)
                              4 ;--------------------------------------------------------
                              5 	.module 32x25
                              6 	.optsdcc -mz80
                              7 	
                              8 ;--------------------------------------------------------
                              9 ; Public variables in this module
                             10 ;--------------------------------------------------------
                             11 	.globl _m1_32x25
                             12 ;--------------------------------------------------------
                             13 ; special function registers
                             14 ;--------------------------------------------------------
                             15 ;--------------------------------------------------------
                             16 ; ram data
                             17 ;--------------------------------------------------------
                             18 	.area _DATA
                             19 ;--------------------------------------------------------
                             20 ; ram data
                             21 ;--------------------------------------------------------
                             22 	.area _INITIALIZED
                             23 ;--------------------------------------------------------
                             24 ; absolute external ram data
                             25 ;--------------------------------------------------------
                             26 	.area _DABS (ABS)
                             27 ;--------------------------------------------------------
                             28 ; global & static initialisations
                             29 ;--------------------------------------------------------
                             30 	.area _HOME
                             31 	.area _GSINIT
                             32 	.area _GSFINAL
                             33 	.area _GSINIT
                             34 ;--------------------------------------------------------
                             35 ; Home
                             36 ;--------------------------------------------------------
                             37 	.area _HOME
                             38 	.area _HOME
                             39 ;--------------------------------------------------------
                             40 ; code
                             41 ;--------------------------------------------------------
                             42 	.area _CODE
                             43 	.area _CODE
   0000                      44 _m1_32x25:
   0000 03                   45 	.db #0x03	; 3
   0001 03                   46 	.db #0x03	; 3
   0002 03                   47 	.db #0x03	; 3
   0003 03                   48 	.db #0x03	; 3
   0004 03                   49 	.db #0x03	; 3
   0005 03                   50 	.db #0x03	; 3
   0006 03                   51 	.db #0x03	; 3
   0007 03                   52 	.db #0x03	; 3
   0008 03                   53 	.db #0x03	; 3
   0009 03                   54 	.db #0x03	; 3
   000A 03                   55 	.db #0x03	; 3
   000B 03                   56 	.db #0x03	; 3
   000C 03                   57 	.db #0x03	; 3
   000D 03                   58 	.db #0x03	; 3
   000E 03                   59 	.db #0x03	; 3
   000F 03                   60 	.db #0x03	; 3
   0010 03                   61 	.db #0x03	; 3
   0011 03                   62 	.db #0x03	; 3
   0012 03                   63 	.db #0x03	; 3
   0013 03                   64 	.db #0x03	; 3
   0014 02                   65 	.db #0x02	; 2
   0015 03                   66 	.db #0x03	; 3
   0016 03                   67 	.db #0x03	; 3
   0017 03                   68 	.db #0x03	; 3
   0018 03                   69 	.db #0x03	; 3
   0019 03                   70 	.db #0x03	; 3
   001A 03                   71 	.db #0x03	; 3
   001B 03                   72 	.db #0x03	; 3
   001C 03                   73 	.db #0x03	; 3
   001D 03                   74 	.db #0x03	; 3
   001E 03                   75 	.db #0x03	; 3
   001F 03                   76 	.db #0x03	; 3
   0020 03                   77 	.db #0x03	; 3
   0021 03                   78 	.db #0x03	; 3
   0022 03                   79 	.db #0x03	; 3
   0023 03                   80 	.db #0x03	; 3
   0024 03                   81 	.db #0x03	; 3
   0025 03                   82 	.db #0x03	; 3
   0026 03                   83 	.db #0x03	; 3
   0027 03                   84 	.db #0x03	; 3
   0028 02                   85 	.db #0x02	; 2
   0029 03                   86 	.db #0x03	; 3
   002A 03                   87 	.db #0x03	; 3
   002B 03                   88 	.db #0x03	; 3
   002C 03                   89 	.db #0x03	; 3
   002D 03                   90 	.db #0x03	; 3
   002E 03                   91 	.db #0x03	; 3
   002F 03                   92 	.db #0x03	; 3
   0030 03                   93 	.db #0x03	; 3
   0031 03                   94 	.db #0x03	; 3
   0032 03                   95 	.db #0x03	; 3
   0033 03                   96 	.db #0x03	; 3
   0034 03                   97 	.db #0x03	; 3
   0035 03                   98 	.db #0x03	; 3
   0036 03                   99 	.db #0x03	; 3
   0037 03                  100 	.db #0x03	; 3
   0038 03                  101 	.db #0x03	; 3
   0039 03                  102 	.db #0x03	; 3
   003A 03                  103 	.db #0x03	; 3
   003B 03                  104 	.db #0x03	; 3
   003C 02                  105 	.db #0x02	; 2
   003D 03                  106 	.db #0x03	; 3
   003E 03                  107 	.db #0x03	; 3
   003F 03                  108 	.db #0x03	; 3
   0040 03                  109 	.db #0x03	; 3
   0041 03                  110 	.db #0x03	; 3
   0042 03                  111 	.db #0x03	; 3
   0043 03                  112 	.db #0x03	; 3
   0044 03                  113 	.db #0x03	; 3
   0045 03                  114 	.db #0x03	; 3
   0046 03                  115 	.db #0x03	; 3
   0047 03                  116 	.db #0x03	; 3
   0048 03                  117 	.db #0x03	; 3
   0049 03                  118 	.db #0x03	; 3
   004A 03                  119 	.db #0x03	; 3
   004B 03                  120 	.db #0x03	; 3
   004C 03                  121 	.db #0x03	; 3
   004D 03                  122 	.db #0x03	; 3
   004E 03                  123 	.db #0x03	; 3
   004F 03                  124 	.db #0x03	; 3
   0050 02                  125 	.db #0x02	; 2
   0051 03                  126 	.db #0x03	; 3
   0052 03                  127 	.db #0x03	; 3
   0053 03                  128 	.db #0x03	; 3
   0054 03                  129 	.db #0x03	; 3
   0055 03                  130 	.db #0x03	; 3
   0056 03                  131 	.db #0x03	; 3
   0057 03                  132 	.db #0x03	; 3
   0058 03                  133 	.db #0x03	; 3
   0059 03                  134 	.db #0x03	; 3
   005A 03                  135 	.db #0x03	; 3
   005B 03                  136 	.db #0x03	; 3
   005C 03                  137 	.db #0x03	; 3
   005D 03                  138 	.db #0x03	; 3
   005E 03                  139 	.db #0x03	; 3
   005F 03                  140 	.db #0x03	; 3
   0060 03                  141 	.db #0x03	; 3
   0061 03                  142 	.db #0x03	; 3
   0062 03                  143 	.db #0x03	; 3
   0063 03                  144 	.db #0x03	; 3
   0064 02                  145 	.db #0x02	; 2
   0065 03                  146 	.db #0x03	; 3
   0066 03                  147 	.db #0x03	; 3
   0067 03                  148 	.db #0x03	; 3
   0068 03                  149 	.db #0x03	; 3
   0069 03                  150 	.db #0x03	; 3
   006A 03                  151 	.db #0x03	; 3
   006B 03                  152 	.db #0x03	; 3
   006C 03                  153 	.db #0x03	; 3
   006D 03                  154 	.db #0x03	; 3
   006E 03                  155 	.db #0x03	; 3
   006F 03                  156 	.db #0x03	; 3
   0070 03                  157 	.db #0x03	; 3
   0071 03                  158 	.db #0x03	; 3
   0072 03                  159 	.db #0x03	; 3
   0073 03                  160 	.db #0x03	; 3
   0074 03                  161 	.db #0x03	; 3
   0075 03                  162 	.db #0x03	; 3
   0076 03                  163 	.db #0x03	; 3
   0077 03                  164 	.db #0x03	; 3
   0078 02                  165 	.db #0x02	; 2
   0079 03                  166 	.db #0x03	; 3
   007A 03                  167 	.db #0x03	; 3
   007B 03                  168 	.db #0x03	; 3
   007C 03                  169 	.db #0x03	; 3
   007D 03                  170 	.db #0x03	; 3
   007E 03                  171 	.db #0x03	; 3
   007F 03                  172 	.db #0x03	; 3
   0080 03                  173 	.db #0x03	; 3
   0081 03                  174 	.db #0x03	; 3
   0082 03                  175 	.db #0x03	; 3
   0083 03                  176 	.db #0x03	; 3
   0084 03                  177 	.db #0x03	; 3
   0085 03                  178 	.db #0x03	; 3
   0086 03                  179 	.db #0x03	; 3
   0087 03                  180 	.db #0x03	; 3
   0088 03                  181 	.db #0x03	; 3
   0089 03                  182 	.db #0x03	; 3
   008A 03                  183 	.db #0x03	; 3
   008B 03                  184 	.db #0x03	; 3
   008C 02                  185 	.db #0x02	; 2
   008D 02                  186 	.db #0x02	; 2
   008E 03                  187 	.db #0x03	; 3
   008F 03                  188 	.db #0x03	; 3
   0090 03                  189 	.db #0x03	; 3
   0091 03                  190 	.db #0x03	; 3
   0092 03                  191 	.db #0x03	; 3
   0093 03                  192 	.db #0x03	; 3
   0094 03                  193 	.db #0x03	; 3
   0095 03                  194 	.db #0x03	; 3
   0096 03                  195 	.db #0x03	; 3
   0097 03                  196 	.db #0x03	; 3
   0098 03                  197 	.db #0x03	; 3
   0099 03                  198 	.db #0x03	; 3
   009A 03                  199 	.db #0x03	; 3
   009B 03                  200 	.db #0x03	; 3
   009C 03                  201 	.db #0x03	; 3
   009D 03                  202 	.db #0x03	; 3
   009E 03                  203 	.db #0x03	; 3
   009F 03                  204 	.db #0x03	; 3
   00A0 02                  205 	.db #0x02	; 2
   00A1 02                  206 	.db #0x02	; 2
   00A2 03                  207 	.db #0x03	; 3
   00A3 03                  208 	.db #0x03	; 3
   00A4 03                  209 	.db #0x03	; 3
   00A5 03                  210 	.db #0x03	; 3
   00A6 03                  211 	.db #0x03	; 3
   00A7 03                  212 	.db #0x03	; 3
   00A8 03                  213 	.db #0x03	; 3
   00A9 03                  214 	.db #0x03	; 3
   00AA 03                  215 	.db #0x03	; 3
   00AB 03                  216 	.db #0x03	; 3
   00AC 03                  217 	.db #0x03	; 3
   00AD 03                  218 	.db #0x03	; 3
   00AE 03                  219 	.db #0x03	; 3
   00AF 03                  220 	.db #0x03	; 3
   00B0 03                  221 	.db #0x03	; 3
   00B1 03                  222 	.db #0x03	; 3
   00B2 03                  223 	.db #0x03	; 3
   00B3 03                  224 	.db #0x03	; 3
   00B4 02                  225 	.db #0x02	; 2
   00B5 02                  226 	.db #0x02	; 2
   00B6 03                  227 	.db #0x03	; 3
   00B7 03                  228 	.db #0x03	; 3
   00B8 03                  229 	.db #0x03	; 3
   00B9 03                  230 	.db #0x03	; 3
   00BA 03                  231 	.db #0x03	; 3
   00BB 03                  232 	.db #0x03	; 3
   00BC 03                  233 	.db #0x03	; 3
   00BD 03                  234 	.db #0x03	; 3
   00BE 03                  235 	.db #0x03	; 3
   00BF 03                  236 	.db #0x03	; 3
   00C0 03                  237 	.db #0x03	; 3
   00C1 03                  238 	.db #0x03	; 3
   00C2 03                  239 	.db #0x03	; 3
   00C3 03                  240 	.db #0x03	; 3
   00C4 03                  241 	.db #0x03	; 3
   00C5 03                  242 	.db #0x03	; 3
   00C6 03                  243 	.db #0x03	; 3
   00C7 03                  244 	.db #0x03	; 3
   00C8 02                  245 	.db #0x02	; 2
   00C9 03                  246 	.db #0x03	; 3
   00CA 03                  247 	.db #0x03	; 3
   00CB 03                  248 	.db #0x03	; 3
   00CC 03                  249 	.db #0x03	; 3
   00CD 03                  250 	.db #0x03	; 3
   00CE 03                  251 	.db #0x03	; 3
   00CF 03                  252 	.db #0x03	; 3
   00D0 03                  253 	.db #0x03	; 3
   00D1 03                  254 	.db #0x03	; 3
   00D2 03                  255 	.db #0x03	; 3
   00D3 03                  256 	.db #0x03	; 3
   00D4 03                  257 	.db #0x03	; 3
   00D5 03                  258 	.db #0x03	; 3
   00D6 03                  259 	.db #0x03	; 3
   00D7 03                  260 	.db #0x03	; 3
   00D8 03                  261 	.db #0x03	; 3
   00D9 03                  262 	.db #0x03	; 3
   00DA 03                  263 	.db #0x03	; 3
   00DB 03                  264 	.db #0x03	; 3
   00DC 02                  265 	.db #0x02	; 2
   00DD 03                  266 	.db #0x03	; 3
   00DE 03                  267 	.db #0x03	; 3
   00DF 03                  268 	.db #0x03	; 3
   00E0 03                  269 	.db #0x03	; 3
   00E1 03                  270 	.db #0x03	; 3
   00E2 03                  271 	.db #0x03	; 3
   00E3 03                  272 	.db #0x03	; 3
   00E4 03                  273 	.db #0x03	; 3
   00E5 03                  274 	.db #0x03	; 3
   00E6 03                  275 	.db #0x03	; 3
   00E7 03                  276 	.db #0x03	; 3
   00E8 03                  277 	.db #0x03	; 3
   00E9 03                  278 	.db #0x03	; 3
   00EA 03                  279 	.db #0x03	; 3
   00EB 03                  280 	.db #0x03	; 3
   00EC 03                  281 	.db #0x03	; 3
   00ED 03                  282 	.db #0x03	; 3
   00EE 03                  283 	.db #0x03	; 3
   00EF 03                  284 	.db #0x03	; 3
   00F0 02                  285 	.db #0x02	; 2
   00F1 03                  286 	.db #0x03	; 3
   00F2 03                  287 	.db #0x03	; 3
   00F3 03                  288 	.db #0x03	; 3
   00F4 03                  289 	.db #0x03	; 3
   00F5 03                  290 	.db #0x03	; 3
   00F6 03                  291 	.db #0x03	; 3
   00F7 03                  292 	.db #0x03	; 3
   00F8 03                  293 	.db #0x03	; 3
   00F9 03                  294 	.db #0x03	; 3
   00FA 03                  295 	.db #0x03	; 3
   00FB 03                  296 	.db #0x03	; 3
   00FC 03                  297 	.db #0x03	; 3
   00FD 03                  298 	.db #0x03	; 3
   00FE 03                  299 	.db #0x03	; 3
   00FF 03                  300 	.db #0x03	; 3
   0100 03                  301 	.db #0x03	; 3
   0101 03                  302 	.db #0x03	; 3
   0102 03                  303 	.db #0x03	; 3
   0103 03                  304 	.db #0x03	; 3
   0104 02                  305 	.db #0x02	; 2
   0105 03                  306 	.db #0x03	; 3
   0106 03                  307 	.db #0x03	; 3
   0107 03                  308 	.db #0x03	; 3
   0108 03                  309 	.db #0x03	; 3
   0109 03                  310 	.db #0x03	; 3
   010A 03                  311 	.db #0x03	; 3
   010B 03                  312 	.db #0x03	; 3
   010C 03                  313 	.db #0x03	; 3
   010D 03                  314 	.db #0x03	; 3
   010E 03                  315 	.db #0x03	; 3
   010F 03                  316 	.db #0x03	; 3
   0110 03                  317 	.db #0x03	; 3
   0111 03                  318 	.db #0x03	; 3
   0112 03                  319 	.db #0x03	; 3
   0113 03                  320 	.db #0x03	; 3
   0114 03                  321 	.db #0x03	; 3
   0115 03                  322 	.db #0x03	; 3
   0116 03                  323 	.db #0x03	; 3
   0117 03                  324 	.db #0x03	; 3
   0118 02                  325 	.db #0x02	; 2
   0119 03                  326 	.db #0x03	; 3
   011A 03                  327 	.db #0x03	; 3
   011B 03                  328 	.db #0x03	; 3
   011C 03                  329 	.db #0x03	; 3
   011D 03                  330 	.db #0x03	; 3
   011E 03                  331 	.db #0x03	; 3
   011F 03                  332 	.db #0x03	; 3
   0120 03                  333 	.db #0x03	; 3
   0121 03                  334 	.db #0x03	; 3
   0122 03                  335 	.db #0x03	; 3
   0123 03                  336 	.db #0x03	; 3
   0124 03                  337 	.db #0x03	; 3
   0125 03                  338 	.db #0x03	; 3
   0126 03                  339 	.db #0x03	; 3
   0127 03                  340 	.db #0x03	; 3
   0128 03                  341 	.db #0x03	; 3
   0129 03                  342 	.db #0x03	; 3
   012A 03                  343 	.db #0x03	; 3
   012B 03                  344 	.db #0x03	; 3
   012C 02                  345 	.db #0x02	; 2
   012D 03                  346 	.db #0x03	; 3
   012E 03                  347 	.db #0x03	; 3
   012F 03                  348 	.db #0x03	; 3
   0130 03                  349 	.db #0x03	; 3
   0131 03                  350 	.db #0x03	; 3
   0132 03                  351 	.db #0x03	; 3
   0133 03                  352 	.db #0x03	; 3
   0134 03                  353 	.db #0x03	; 3
   0135 03                  354 	.db #0x03	; 3
   0136 03                  355 	.db #0x03	; 3
   0137 03                  356 	.db #0x03	; 3
   0138 03                  357 	.db #0x03	; 3
   0139 03                  358 	.db #0x03	; 3
   013A 03                  359 	.db #0x03	; 3
   013B 03                  360 	.db #0x03	; 3
   013C 03                  361 	.db #0x03	; 3
   013D 03                  362 	.db #0x03	; 3
   013E 03                  363 	.db #0x03	; 3
   013F 03                  364 	.db #0x03	; 3
   0140 02                  365 	.db #0x02	; 2
   0141 03                  366 	.db #0x03	; 3
   0142 03                  367 	.db #0x03	; 3
   0143 03                  368 	.db #0x03	; 3
   0144 03                  369 	.db #0x03	; 3
   0145 03                  370 	.db #0x03	; 3
   0146 03                  371 	.db #0x03	; 3
   0147 03                  372 	.db #0x03	; 3
   0148 03                  373 	.db #0x03	; 3
   0149 03                  374 	.db #0x03	; 3
   014A 03                  375 	.db #0x03	; 3
   014B 03                  376 	.db #0x03	; 3
   014C 03                  377 	.db #0x03	; 3
   014D 03                  378 	.db #0x03	; 3
   014E 03                  379 	.db #0x03	; 3
   014F 03                  380 	.db #0x03	; 3
   0150 03                  381 	.db #0x03	; 3
   0151 03                  382 	.db #0x03	; 3
   0152 03                  383 	.db #0x03	; 3
   0153 03                  384 	.db #0x03	; 3
   0154 02                  385 	.db #0x02	; 2
   0155 03                  386 	.db #0x03	; 3
   0156 03                  387 	.db #0x03	; 3
   0157 03                  388 	.db #0x03	; 3
   0158 03                  389 	.db #0x03	; 3
   0159 03                  390 	.db #0x03	; 3
   015A 03                  391 	.db #0x03	; 3
   015B 03                  392 	.db #0x03	; 3
   015C 03                  393 	.db #0x03	; 3
   015D 03                  394 	.db #0x03	; 3
   015E 03                  395 	.db #0x03	; 3
   015F 03                  396 	.db #0x03	; 3
   0160 03                  397 	.db #0x03	; 3
   0161 03                  398 	.db #0x03	; 3
   0162 03                  399 	.db #0x03	; 3
   0163 03                  400 	.db #0x03	; 3
   0164 03                  401 	.db #0x03	; 3
   0165 03                  402 	.db #0x03	; 3
   0166 03                  403 	.db #0x03	; 3
   0167 03                  404 	.db #0x03	; 3
   0168 02                  405 	.db #0x02	; 2
   0169 03                  406 	.db #0x03	; 3
   016A 03                  407 	.db #0x03	; 3
   016B 03                  408 	.db #0x03	; 3
   016C 03                  409 	.db #0x03	; 3
   016D 03                  410 	.db #0x03	; 3
   016E 03                  411 	.db #0x03	; 3
   016F 03                  412 	.db #0x03	; 3
   0170 03                  413 	.db #0x03	; 3
   0171 03                  414 	.db #0x03	; 3
   0172 03                  415 	.db #0x03	; 3
   0173 03                  416 	.db #0x03	; 3
   0174 03                  417 	.db #0x03	; 3
   0175 03                  418 	.db #0x03	; 3
   0176 03                  419 	.db #0x03	; 3
   0177 03                  420 	.db #0x03	; 3
   0178 03                  421 	.db #0x03	; 3
   0179 03                  422 	.db #0x03	; 3
   017A 03                  423 	.db #0x03	; 3
   017B 03                  424 	.db #0x03	; 3
   017C 02                  425 	.db #0x02	; 2
   017D 03                  426 	.db #0x03	; 3
   017E 03                  427 	.db #0x03	; 3
   017F 03                  428 	.db #0x03	; 3
   0180 03                  429 	.db #0x03	; 3
   0181 03                  430 	.db #0x03	; 3
   0182 03                  431 	.db #0x03	; 3
   0183 03                  432 	.db #0x03	; 3
   0184 03                  433 	.db #0x03	; 3
   0185 03                  434 	.db #0x03	; 3
   0186 03                  435 	.db #0x03	; 3
   0187 03                  436 	.db #0x03	; 3
   0188 03                  437 	.db #0x03	; 3
   0189 03                  438 	.db #0x03	; 3
   018A 03                  439 	.db #0x03	; 3
   018B 03                  440 	.db #0x03	; 3
   018C 03                  441 	.db #0x03	; 3
   018D 03                  442 	.db #0x03	; 3
   018E 03                  443 	.db #0x03	; 3
   018F 03                  444 	.db #0x03	; 3
   0190 02                  445 	.db #0x02	; 2
   0191 03                  446 	.db #0x03	; 3
   0192 03                  447 	.db #0x03	; 3
   0193 03                  448 	.db #0x03	; 3
   0194 03                  449 	.db #0x03	; 3
   0195 03                  450 	.db #0x03	; 3
   0196 03                  451 	.db #0x03	; 3
   0197 03                  452 	.db #0x03	; 3
   0198 03                  453 	.db #0x03	; 3
   0199 03                  454 	.db #0x03	; 3
   019A 03                  455 	.db #0x03	; 3
   019B 03                  456 	.db #0x03	; 3
   019C 03                  457 	.db #0x03	; 3
   019D 03                  458 	.db #0x03	; 3
   019E 03                  459 	.db #0x03	; 3
   019F 03                  460 	.db #0x03	; 3
   01A0 03                  461 	.db #0x03	; 3
   01A1 03                  462 	.db #0x03	; 3
   01A2 03                  463 	.db #0x03	; 3
   01A3 03                  464 	.db #0x03	; 3
   01A4 02                  465 	.db #0x02	; 2
   01A5 03                  466 	.db #0x03	; 3
   01A6 03                  467 	.db #0x03	; 3
   01A7 03                  468 	.db #0x03	; 3
   01A8 03                  469 	.db #0x03	; 3
   01A9 03                  470 	.db #0x03	; 3
   01AA 03                  471 	.db #0x03	; 3
   01AB 03                  472 	.db #0x03	; 3
   01AC 03                  473 	.db #0x03	; 3
   01AD 03                  474 	.db #0x03	; 3
   01AE 03                  475 	.db #0x03	; 3
   01AF 03                  476 	.db #0x03	; 3
   01B0 03                  477 	.db #0x03	; 3
   01B1 03                  478 	.db #0x03	; 3
   01B2 03                  479 	.db #0x03	; 3
   01B3 03                  480 	.db #0x03	; 3
   01B4 03                  481 	.db #0x03	; 3
   01B5 03                  482 	.db #0x03	; 3
   01B6 03                  483 	.db #0x03	; 3
   01B7 03                  484 	.db #0x03	; 3
   01B8 02                  485 	.db #0x02	; 2
   01B9 03                  486 	.db #0x03	; 3
   01BA 03                  487 	.db #0x03	; 3
   01BB 03                  488 	.db #0x03	; 3
   01BC 03                  489 	.db #0x03	; 3
   01BD 03                  490 	.db #0x03	; 3
   01BE 03                  491 	.db #0x03	; 3
   01BF 03                  492 	.db #0x03	; 3
   01C0 02                  493 	.db #0x02	; 2
   01C1 02                  494 	.db #0x02	; 2
   01C2 02                  495 	.db #0x02	; 2
   01C3 02                  496 	.db #0x02	; 2
   01C4 02                  497 	.db #0x02	; 2
   01C5 02                  498 	.db #0x02	; 2
   01C6 02                  499 	.db #0x02	; 2
   01C7 02                  500 	.db #0x02	; 2
   01C8 02                  501 	.db #0x02	; 2
   01C9 02                  502 	.db #0x02	; 2
   01CA 02                  503 	.db #0x02	; 2
   01CB 02                  504 	.db #0x02	; 2
   01CC 02                  505 	.db #0x02	; 2
   01CD 02                  506 	.db #0x02	; 2
   01CE 02                  507 	.db #0x02	; 2
   01CF 02                  508 	.db #0x02	; 2
   01D0 02                  509 	.db #0x02	; 2
   01D1 02                  510 	.db #0x02	; 2
   01D2 02                  511 	.db #0x02	; 2
   01D3 02                  512 	.db #0x02	; 2
   01D4 02                  513 	.db #0x02	; 2
   01D5 01                  514 	.db #0x01	; 1
   01D6 01                  515 	.db #0x01	; 1
   01D7 01                  516 	.db #0x01	; 1
   01D8 01                  517 	.db #0x01	; 1
   01D9 01                  518 	.db #0x01	; 1
   01DA 01                  519 	.db #0x01	; 1
   01DB 01                  520 	.db #0x01	; 1
   01DC 01                  521 	.db #0x01	; 1
   01DD 01                  522 	.db #0x01	; 1
   01DE 01                  523 	.db #0x01	; 1
   01DF 01                  524 	.db #0x01	; 1
   01E0 03                  525 	.db #0x03	; 3
   01E1 03                  526 	.db #0x03	; 3
   01E2 03                  527 	.db #0x03	; 3
   01E3 03                  528 	.db #0x03	; 3
   01E4 03                  529 	.db #0x03	; 3
   01E5 02                  530 	.db #0x02	; 2
   01E6 01                  531 	.db #0x01	; 1
   01E7 01                  532 	.db #0x01	; 1
   01E8 01                  533 	.db #0x01	; 1
   01E9 01                  534 	.db #0x01	; 1
   01EA 01                  535 	.db #0x01	; 1
   01EB 01                  536 	.db #0x01	; 1
   01EC 01                  537 	.db #0x01	; 1
   01ED 01                  538 	.db #0x01	; 1
   01EE 01                  539 	.db #0x01	; 1
   01EF 01                  540 	.db #0x01	; 1
   01F0 01                  541 	.db #0x01	; 1
   01F1 01                  542 	.db #0x01	; 1
   01F2 01                  543 	.db #0x01	; 1
   01F3 01                  544 	.db #0x01	; 1
                            545 	.area _INITIALIZER
                            546 	.area _CABS (ABS)
