                              1 ;--------------------------------------------------------
                              2 ; File Created by SDCC : free open source ANSI-C Compiler
                              3 ; Version 3.6.8 #9946 (Linux)
                              4 ;--------------------------------------------------------
                              5 	.module 60x25
                              6 	.optsdcc -mz80
                              7 	
                              8 ;--------------------------------------------------------
                              9 ; Public variables in this module
                             10 ;--------------------------------------------------------
                             11 	.globl _m0_60x25
                             12 ;--------------------------------------------------------
                             13 ; special function registers
                             14 ;--------------------------------------------------------
                             15 ;--------------------------------------------------------
                             16 ; ram data
                             17 ;--------------------------------------------------------
                             18 	.area _DATA
                             19 ;--------------------------------------------------------
                             20 ; ram data
                             21 ;--------------------------------------------------------
                             22 	.area _INITIALIZED
                             23 ;--------------------------------------------------------
                             24 ; absolute external ram data
                             25 ;--------------------------------------------------------
                             26 	.area _DABS (ABS)
                             27 ;--------------------------------------------------------
                             28 ; global & static initialisations
                             29 ;--------------------------------------------------------
                             30 	.area _HOME
                             31 	.area _GSINIT
                             32 	.area _GSFINAL
                             33 	.area _GSINIT
                             34 ;--------------------------------------------------------
                             35 ; Home
                             36 ;--------------------------------------------------------
                             37 	.area _HOME
                             38 	.area _HOME
                             39 ;--------------------------------------------------------
                             40 ; code
                             41 ;--------------------------------------------------------
                             42 	.area _CODE
                             43 	.area _CODE
   0000                      44 _m0_60x25:
   0000 00                   45 	.db #0x00	; 0
   0001 00                   46 	.db #0x00	; 0
   0002 00                   47 	.db #0x00	; 0
   0003 00                   48 	.db #0x00	; 0
   0004 00                   49 	.db #0x00	; 0
   0005 00                   50 	.db #0x00	; 0
   0006 00                   51 	.db #0x00	; 0
   0007 00                   52 	.db #0x00	; 0
   0008 00                   53 	.db #0x00	; 0
   0009 00                   54 	.db #0x00	; 0
   000A 00                   55 	.db #0x00	; 0
   000B 00                   56 	.db #0x00	; 0
   000C 00                   57 	.db #0x00	; 0
   000D 00                   58 	.db #0x00	; 0
   000E 00                   59 	.db #0x00	; 0
   000F 00                   60 	.db #0x00	; 0
   0010 00                   61 	.db #0x00	; 0
   0011 00                   62 	.db #0x00	; 0
   0012 00                   63 	.db #0x00	; 0
   0013 00                   64 	.db #0x00	; 0
   0014 00                   65 	.db #0x00	; 0
   0015 00                   66 	.db #0x00	; 0
   0016 00                   67 	.db #0x00	; 0
   0017 00                   68 	.db #0x00	; 0
   0018 00                   69 	.db #0x00	; 0
   0019 00                   70 	.db #0x00	; 0
   001A 00                   71 	.db #0x00	; 0
   001B 00                   72 	.db #0x00	; 0
   001C 00                   73 	.db #0x00	; 0
   001D 00                   74 	.db #0x00	; 0
   001E 00                   75 	.db #0x00	; 0
   001F 00                   76 	.db #0x00	; 0
   0020 00                   77 	.db #0x00	; 0
   0021 00                   78 	.db #0x00	; 0
   0022 00                   79 	.db #0x00	; 0
   0023 00                   80 	.db #0x00	; 0
   0024 00                   81 	.db #0x00	; 0
   0025 00                   82 	.db #0x00	; 0
   0026 00                   83 	.db #0x00	; 0
   0027 00                   84 	.db #0x00	; 0
   0028 00                   85 	.db #0x00	; 0
   0029 00                   86 	.db #0x00	; 0
   002A 00                   87 	.db #0x00	; 0
   002B 00                   88 	.db #0x00	; 0
   002C 00                   89 	.db #0x00	; 0
   002D 00                   90 	.db #0x00	; 0
   002E 00                   91 	.db #0x00	; 0
   002F 00                   92 	.db #0x00	; 0
   0030 00                   93 	.db #0x00	; 0
   0031 00                   94 	.db #0x00	; 0
   0032 00                   95 	.db #0x00	; 0
   0033 00                   96 	.db #0x00	; 0
   0034 00                   97 	.db #0x00	; 0
   0035 00                   98 	.db #0x00	; 0
   0036 00                   99 	.db #0x00	; 0
   0037 00                  100 	.db #0x00	; 0
   0038 00                  101 	.db #0x00	; 0
   0039 00                  102 	.db #0x00	; 0
   003A 00                  103 	.db #0x00	; 0
   003B 00                  104 	.db #0x00	; 0
   003C 07                  105 	.db #0x07	; 7
   003D 07                  106 	.db #0x07	; 7
   003E 07                  107 	.db #0x07	; 7
   003F 07                  108 	.db #0x07	; 7
   0040 07                  109 	.db #0x07	; 7
   0041 07                  110 	.db #0x07	; 7
   0042 07                  111 	.db #0x07	; 7
   0043 07                  112 	.db #0x07	; 7
   0044 07                  113 	.db #0x07	; 7
   0045 07                  114 	.db #0x07	; 7
   0046 07                  115 	.db #0x07	; 7
   0047 07                  116 	.db #0x07	; 7
   0048 07                  117 	.db #0x07	; 7
   0049 07                  118 	.db #0x07	; 7
   004A 07                  119 	.db #0x07	; 7
   004B 07                  120 	.db #0x07	; 7
   004C 07                  121 	.db #0x07	; 7
   004D 07                  122 	.db #0x07	; 7
   004E 07                  123 	.db #0x07	; 7
   004F 07                  124 	.db #0x07	; 7
   0050 07                  125 	.db #0x07	; 7
   0051 07                  126 	.db #0x07	; 7
   0052 07                  127 	.db #0x07	; 7
   0053 07                  128 	.db #0x07	; 7
   0054 07                  129 	.db #0x07	; 7
   0055 07                  130 	.db #0x07	; 7
   0056 07                  131 	.db #0x07	; 7
   0057 07                  132 	.db #0x07	; 7
   0058 07                  133 	.db #0x07	; 7
   0059 07                  134 	.db #0x07	; 7
   005A 07                  135 	.db #0x07	; 7
   005B 07                  136 	.db #0x07	; 7
   005C 07                  137 	.db #0x07	; 7
   005D 07                  138 	.db #0x07	; 7
   005E 07                  139 	.db #0x07	; 7
   005F 07                  140 	.db #0x07	; 7
   0060 07                  141 	.db #0x07	; 7
   0061 07                  142 	.db #0x07	; 7
   0062 07                  143 	.db #0x07	; 7
   0063 07                  144 	.db #0x07	; 7
   0064 07                  145 	.db #0x07	; 7
   0065 07                  146 	.db #0x07	; 7
   0066 07                  147 	.db #0x07	; 7
   0067 07                  148 	.db #0x07	; 7
   0068 07                  149 	.db #0x07	; 7
   0069 07                  150 	.db #0x07	; 7
   006A 07                  151 	.db #0x07	; 7
   006B 07                  152 	.db #0x07	; 7
   006C 07                  153 	.db #0x07	; 7
   006D 07                  154 	.db #0x07	; 7
   006E 07                  155 	.db #0x07	; 7
   006F 07                  156 	.db #0x07	; 7
   0070 07                  157 	.db #0x07	; 7
   0071 07                  158 	.db #0x07	; 7
   0072 07                  159 	.db #0x07	; 7
   0073 07                  160 	.db #0x07	; 7
   0074 07                  161 	.db #0x07	; 7
   0075 07                  162 	.db #0x07	; 7
   0076 07                  163 	.db #0x07	; 7
   0077 07                  164 	.db #0x07	; 7
   0078 07                  165 	.db #0x07	; 7
   0079 07                  166 	.db #0x07	; 7
   007A 07                  167 	.db #0x07	; 7
   007B 07                  168 	.db #0x07	; 7
   007C 07                  169 	.db #0x07	; 7
   007D 07                  170 	.db #0x07	; 7
   007E 07                  171 	.db #0x07	; 7
   007F 07                  172 	.db #0x07	; 7
   0080 07                  173 	.db #0x07	; 7
   0081 07                  174 	.db #0x07	; 7
   0082 07                  175 	.db #0x07	; 7
   0083 07                  176 	.db #0x07	; 7
   0084 07                  177 	.db #0x07	; 7
   0085 07                  178 	.db #0x07	; 7
   0086 07                  179 	.db #0x07	; 7
   0087 07                  180 	.db #0x07	; 7
   0088 07                  181 	.db #0x07	; 7
   0089 07                  182 	.db #0x07	; 7
   008A 07                  183 	.db #0x07	; 7
   008B 07                  184 	.db #0x07	; 7
   008C 07                  185 	.db #0x07	; 7
   008D 07                  186 	.db #0x07	; 7
   008E 07                  187 	.db #0x07	; 7
   008F 07                  188 	.db #0x07	; 7
   0090 07                  189 	.db #0x07	; 7
   0091 07                  190 	.db #0x07	; 7
   0092 07                  191 	.db #0x07	; 7
   0093 07                  192 	.db #0x07	; 7
   0094 07                  193 	.db #0x07	; 7
   0095 07                  194 	.db #0x07	; 7
   0096 07                  195 	.db #0x07	; 7
   0097 07                  196 	.db #0x07	; 7
   0098 07                  197 	.db #0x07	; 7
   0099 07                  198 	.db #0x07	; 7
   009A 07                  199 	.db #0x07	; 7
   009B 07                  200 	.db #0x07	; 7
   009C 07                  201 	.db #0x07	; 7
   009D 07                  202 	.db #0x07	; 7
   009E 07                  203 	.db #0x07	; 7
   009F 07                  204 	.db #0x07	; 7
   00A0 07                  205 	.db #0x07	; 7
   00A1 07                  206 	.db #0x07	; 7
   00A2 07                  207 	.db #0x07	; 7
   00A3 07                  208 	.db #0x07	; 7
   00A4 07                  209 	.db #0x07	; 7
   00A5 07                  210 	.db #0x07	; 7
   00A6 07                  211 	.db #0x07	; 7
   00A7 07                  212 	.db #0x07	; 7
   00A8 07                  213 	.db #0x07	; 7
   00A9 07                  214 	.db #0x07	; 7
   00AA 07                  215 	.db #0x07	; 7
   00AB 07                  216 	.db #0x07	; 7
   00AC 07                  217 	.db #0x07	; 7
   00AD 07                  218 	.db #0x07	; 7
   00AE 07                  219 	.db #0x07	; 7
   00AF 07                  220 	.db #0x07	; 7
   00B0 07                  221 	.db #0x07	; 7
   00B1 07                  222 	.db #0x07	; 7
   00B2 07                  223 	.db #0x07	; 7
   00B3 07                  224 	.db #0x07	; 7
   00B4 07                  225 	.db #0x07	; 7
   00B5 07                  226 	.db #0x07	; 7
   00B6 07                  227 	.db #0x07	; 7
   00B7 07                  228 	.db #0x07	; 7
   00B8 07                  229 	.db #0x07	; 7
   00B9 07                  230 	.db #0x07	; 7
   00BA 07                  231 	.db #0x07	; 7
   00BB 07                  232 	.db #0x07	; 7
   00BC 07                  233 	.db #0x07	; 7
   00BD 07                  234 	.db #0x07	; 7
   00BE 07                  235 	.db #0x07	; 7
   00BF 07                  236 	.db #0x07	; 7
   00C0 07                  237 	.db #0x07	; 7
   00C1 07                  238 	.db #0x07	; 7
   00C2 07                  239 	.db #0x07	; 7
   00C3 07                  240 	.db #0x07	; 7
   00C4 07                  241 	.db #0x07	; 7
   00C5 07                  242 	.db #0x07	; 7
   00C6 07                  243 	.db #0x07	; 7
   00C7 07                  244 	.db #0x07	; 7
   00C8 07                  245 	.db #0x07	; 7
   00C9 07                  246 	.db #0x07	; 7
   00CA 07                  247 	.db #0x07	; 7
   00CB 07                  248 	.db #0x07	; 7
   00CC 07                  249 	.db #0x07	; 7
   00CD 07                  250 	.db #0x07	; 7
   00CE 07                  251 	.db #0x07	; 7
   00CF 07                  252 	.db #0x07	; 7
   00D0 07                  253 	.db #0x07	; 7
   00D1 07                  254 	.db #0x07	; 7
   00D2 07                  255 	.db #0x07	; 7
   00D3 07                  256 	.db #0x07	; 7
   00D4 07                  257 	.db #0x07	; 7
   00D5 07                  258 	.db #0x07	; 7
   00D6 07                  259 	.db #0x07	; 7
   00D7 07                  260 	.db #0x07	; 7
   00D8 07                  261 	.db #0x07	; 7
   00D9 07                  262 	.db #0x07	; 7
   00DA 07                  263 	.db #0x07	; 7
   00DB 07                  264 	.db #0x07	; 7
   00DC 07                  265 	.db #0x07	; 7
   00DD 07                  266 	.db #0x07	; 7
   00DE 07                  267 	.db #0x07	; 7
   00DF 07                  268 	.db #0x07	; 7
   00E0 07                  269 	.db #0x07	; 7
   00E1 07                  270 	.db #0x07	; 7
   00E2 07                  271 	.db #0x07	; 7
   00E3 07                  272 	.db #0x07	; 7
   00E4 07                  273 	.db #0x07	; 7
   00E5 07                  274 	.db #0x07	; 7
   00E6 07                  275 	.db #0x07	; 7
   00E7 07                  276 	.db #0x07	; 7
   00E8 07                  277 	.db #0x07	; 7
   00E9 07                  278 	.db #0x07	; 7
   00EA 07                  279 	.db #0x07	; 7
   00EB 07                  280 	.db #0x07	; 7
   00EC 07                  281 	.db #0x07	; 7
   00ED 07                  282 	.db #0x07	; 7
   00EE 07                  283 	.db #0x07	; 7
   00EF 07                  284 	.db #0x07	; 7
   00F0 07                  285 	.db #0x07	; 7
   00F1 07                  286 	.db #0x07	; 7
   00F2 07                  287 	.db #0x07	; 7
   00F3 07                  288 	.db #0x07	; 7
   00F4 07                  289 	.db #0x07	; 7
   00F5 07                  290 	.db #0x07	; 7
   00F6 07                  291 	.db #0x07	; 7
   00F7 07                  292 	.db #0x07	; 7
   00F8 07                  293 	.db #0x07	; 7
   00F9 07                  294 	.db #0x07	; 7
   00FA 07                  295 	.db #0x07	; 7
   00FB 07                  296 	.db #0x07	; 7
   00FC 07                  297 	.db #0x07	; 7
   00FD 07                  298 	.db #0x07	; 7
   00FE 07                  299 	.db #0x07	; 7
   00FF 07                  300 	.db #0x07	; 7
   0100 07                  301 	.db #0x07	; 7
   0101 07                  302 	.db #0x07	; 7
   0102 07                  303 	.db #0x07	; 7
   0103 07                  304 	.db #0x07	; 7
   0104 07                  305 	.db #0x07	; 7
   0105 07                  306 	.db #0x07	; 7
   0106 07                  307 	.db #0x07	; 7
   0107 07                  308 	.db #0x07	; 7
   0108 07                  309 	.db #0x07	; 7
   0109 07                  310 	.db #0x07	; 7
   010A 07                  311 	.db #0x07	; 7
   010B 07                  312 	.db #0x07	; 7
   010C 07                  313 	.db #0x07	; 7
   010D 07                  314 	.db #0x07	; 7
   010E 07                  315 	.db #0x07	; 7
   010F 07                  316 	.db #0x07	; 7
   0110 07                  317 	.db #0x07	; 7
   0111 07                  318 	.db #0x07	; 7
   0112 07                  319 	.db #0x07	; 7
   0113 07                  320 	.db #0x07	; 7
   0114 07                  321 	.db #0x07	; 7
   0115 07                  322 	.db #0x07	; 7
   0116 07                  323 	.db #0x07	; 7
   0117 07                  324 	.db #0x07	; 7
   0118 07                  325 	.db #0x07	; 7
   0119 07                  326 	.db #0x07	; 7
   011A 07                  327 	.db #0x07	; 7
   011B 07                  328 	.db #0x07	; 7
   011C 07                  329 	.db #0x07	; 7
   011D 07                  330 	.db #0x07	; 7
   011E 07                  331 	.db #0x07	; 7
   011F 07                  332 	.db #0x07	; 7
   0120 07                  333 	.db #0x07	; 7
   0121 07                  334 	.db #0x07	; 7
   0122 07                  335 	.db #0x07	; 7
   0123 07                  336 	.db #0x07	; 7
   0124 07                  337 	.db #0x07	; 7
   0125 07                  338 	.db #0x07	; 7
   0126 07                  339 	.db #0x07	; 7
   0127 07                  340 	.db #0x07	; 7
   0128 07                  341 	.db #0x07	; 7
   0129 07                  342 	.db #0x07	; 7
   012A 07                  343 	.db #0x07	; 7
   012B 07                  344 	.db #0x07	; 7
   012C 07                  345 	.db #0x07	; 7
   012D 07                  346 	.db #0x07	; 7
   012E 07                  347 	.db #0x07	; 7
   012F 07                  348 	.db #0x07	; 7
   0130 07                  349 	.db #0x07	; 7
   0131 07                  350 	.db #0x07	; 7
   0132 07                  351 	.db #0x07	; 7
   0133 07                  352 	.db #0x07	; 7
   0134 07                  353 	.db #0x07	; 7
   0135 07                  354 	.db #0x07	; 7
   0136 07                  355 	.db #0x07	; 7
   0137 07                  356 	.db #0x07	; 7
   0138 07                  357 	.db #0x07	; 7
   0139 07                  358 	.db #0x07	; 7
   013A 07                  359 	.db #0x07	; 7
   013B 07                  360 	.db #0x07	; 7
   013C 07                  361 	.db #0x07	; 7
   013D 07                  362 	.db #0x07	; 7
   013E 07                  363 	.db #0x07	; 7
   013F 07                  364 	.db #0x07	; 7
   0140 07                  365 	.db #0x07	; 7
   0141 07                  366 	.db #0x07	; 7
   0142 07                  367 	.db #0x07	; 7
   0143 07                  368 	.db #0x07	; 7
   0144 07                  369 	.db #0x07	; 7
   0145 07                  370 	.db #0x07	; 7
   0146 07                  371 	.db #0x07	; 7
   0147 07                  372 	.db #0x07	; 7
   0148 07                  373 	.db #0x07	; 7
   0149 07                  374 	.db #0x07	; 7
   014A 07                  375 	.db #0x07	; 7
   014B 07                  376 	.db #0x07	; 7
   014C 07                  377 	.db #0x07	; 7
   014D 07                  378 	.db #0x07	; 7
   014E 07                  379 	.db #0x07	; 7
   014F 07                  380 	.db #0x07	; 7
   0150 07                  381 	.db #0x07	; 7
   0151 07                  382 	.db #0x07	; 7
   0152 07                  383 	.db #0x07	; 7
   0153 07                  384 	.db #0x07	; 7
   0154 07                  385 	.db #0x07	; 7
   0155 07                  386 	.db #0x07	; 7
   0156 07                  387 	.db #0x07	; 7
   0157 07                  388 	.db #0x07	; 7
   0158 07                  389 	.db #0x07	; 7
   0159 07                  390 	.db #0x07	; 7
   015A 07                  391 	.db #0x07	; 7
   015B 07                  392 	.db #0x07	; 7
   015C 07                  393 	.db #0x07	; 7
   015D 07                  394 	.db #0x07	; 7
   015E 07                  395 	.db #0x07	; 7
   015F 07                  396 	.db #0x07	; 7
   0160 07                  397 	.db #0x07	; 7
   0161 07                  398 	.db #0x07	; 7
   0162 07                  399 	.db #0x07	; 7
   0163 07                  400 	.db #0x07	; 7
   0164 07                  401 	.db #0x07	; 7
   0165 07                  402 	.db #0x07	; 7
   0166 07                  403 	.db #0x07	; 7
   0167 07                  404 	.db #0x07	; 7
   0168 07                  405 	.db #0x07	; 7
   0169 07                  406 	.db #0x07	; 7
   016A 07                  407 	.db #0x07	; 7
   016B 07                  408 	.db #0x07	; 7
   016C 07                  409 	.db #0x07	; 7
   016D 07                  410 	.db #0x07	; 7
   016E 07                  411 	.db #0x07	; 7
   016F 07                  412 	.db #0x07	; 7
   0170 07                  413 	.db #0x07	; 7
   0171 07                  414 	.db #0x07	; 7
   0172 07                  415 	.db #0x07	; 7
   0173 07                  416 	.db #0x07	; 7
   0174 07                  417 	.db #0x07	; 7
   0175 07                  418 	.db #0x07	; 7
   0176 07                  419 	.db #0x07	; 7
   0177 07                  420 	.db #0x07	; 7
   0178 07                  421 	.db #0x07	; 7
   0179 07                  422 	.db #0x07	; 7
   017A 07                  423 	.db #0x07	; 7
   017B 07                  424 	.db #0x07	; 7
   017C 07                  425 	.db #0x07	; 7
   017D 07                  426 	.db #0x07	; 7
   017E 07                  427 	.db #0x07	; 7
   017F 07                  428 	.db #0x07	; 7
   0180 07                  429 	.db #0x07	; 7
   0181 07                  430 	.db #0x07	; 7
   0182 07                  431 	.db #0x07	; 7
   0183 07                  432 	.db #0x07	; 7
   0184 07                  433 	.db #0x07	; 7
   0185 07                  434 	.db #0x07	; 7
   0186 07                  435 	.db #0x07	; 7
   0187 07                  436 	.db #0x07	; 7
   0188 07                  437 	.db #0x07	; 7
   0189 07                  438 	.db #0x07	; 7
   018A 07                  439 	.db #0x07	; 7
   018B 07                  440 	.db #0x07	; 7
   018C 07                  441 	.db #0x07	; 7
   018D 07                  442 	.db #0x07	; 7
   018E 07                  443 	.db #0x07	; 7
   018F 07                  444 	.db #0x07	; 7
   0190 07                  445 	.db #0x07	; 7
   0191 07                  446 	.db #0x07	; 7
   0192 07                  447 	.db #0x07	; 7
   0193 07                  448 	.db #0x07	; 7
   0194 07                  449 	.db #0x07	; 7
   0195 07                  450 	.db #0x07	; 7
   0196 07                  451 	.db #0x07	; 7
   0197 07                  452 	.db #0x07	; 7
   0198 07                  453 	.db #0x07	; 7
   0199 07                  454 	.db #0x07	; 7
   019A 07                  455 	.db #0x07	; 7
   019B 07                  456 	.db #0x07	; 7
   019C 07                  457 	.db #0x07	; 7
   019D 07                  458 	.db #0x07	; 7
   019E 07                  459 	.db #0x07	; 7
   019F 07                  460 	.db #0x07	; 7
   01A0 07                  461 	.db #0x07	; 7
   01A1 07                  462 	.db #0x07	; 7
   01A2 07                  463 	.db #0x07	; 7
   01A3 07                  464 	.db #0x07	; 7
   01A4 07                  465 	.db #0x07	; 7
   01A5 07                  466 	.db #0x07	; 7
   01A6 07                  467 	.db #0x07	; 7
   01A7 07                  468 	.db #0x07	; 7
   01A8 07                  469 	.db #0x07	; 7
   01A9 07                  470 	.db #0x07	; 7
   01AA 07                  471 	.db #0x07	; 7
   01AB 07                  472 	.db #0x07	; 7
   01AC 07                  473 	.db #0x07	; 7
   01AD 07                  474 	.db #0x07	; 7
   01AE 07                  475 	.db #0x07	; 7
   01AF 07                  476 	.db #0x07	; 7
   01B0 07                  477 	.db #0x07	; 7
   01B1 07                  478 	.db #0x07	; 7
   01B2 07                  479 	.db #0x07	; 7
   01B3 07                  480 	.db #0x07	; 7
   01B4 07                  481 	.db #0x07	; 7
   01B5 07                  482 	.db #0x07	; 7
   01B6 07                  483 	.db #0x07	; 7
   01B7 07                  484 	.db #0x07	; 7
   01B8 07                  485 	.db #0x07	; 7
   01B9 07                  486 	.db #0x07	; 7
   01BA 07                  487 	.db #0x07	; 7
   01BB 07                  488 	.db #0x07	; 7
   01BC 07                  489 	.db #0x07	; 7
   01BD 07                  490 	.db #0x07	; 7
   01BE 07                  491 	.db #0x07	; 7
   01BF 07                  492 	.db #0x07	; 7
   01C0 07                  493 	.db #0x07	; 7
   01C1 07                  494 	.db #0x07	; 7
   01C2 07                  495 	.db #0x07	; 7
   01C3 07                  496 	.db #0x07	; 7
   01C4 07                  497 	.db #0x07	; 7
   01C5 07                  498 	.db #0x07	; 7
   01C6 07                  499 	.db #0x07	; 7
   01C7 07                  500 	.db #0x07	; 7
   01C8 07                  501 	.db #0x07	; 7
   01C9 07                  502 	.db #0x07	; 7
   01CA 07                  503 	.db #0x07	; 7
   01CB 07                  504 	.db #0x07	; 7
   01CC 07                  505 	.db #0x07	; 7
   01CD 07                  506 	.db #0x07	; 7
   01CE 07                  507 	.db #0x07	; 7
   01CF 07                  508 	.db #0x07	; 7
   01D0 07                  509 	.db #0x07	; 7
   01D1 07                  510 	.db #0x07	; 7
   01D2 07                  511 	.db #0x07	; 7
   01D3 07                  512 	.db #0x07	; 7
   01D4 07                  513 	.db #0x07	; 7
   01D5 07                  514 	.db #0x07	; 7
   01D6 07                  515 	.db #0x07	; 7
   01D7 07                  516 	.db #0x07	; 7
   01D8 07                  517 	.db #0x07	; 7
   01D9 07                  518 	.db #0x07	; 7
   01DA 07                  519 	.db #0x07	; 7
   01DB 07                  520 	.db #0x07	; 7
   01DC 07                  521 	.db #0x07	; 7
   01DD 07                  522 	.db #0x07	; 7
   01DE 07                  523 	.db #0x07	; 7
   01DF 07                  524 	.db #0x07	; 7
   01E0 07                  525 	.db #0x07	; 7
   01E1 07                  526 	.db #0x07	; 7
   01E2 07                  527 	.db #0x07	; 7
   01E3 07                  528 	.db #0x07	; 7
   01E4 07                  529 	.db #0x07	; 7
   01E5 07                  530 	.db #0x07	; 7
   01E6 07                  531 	.db #0x07	; 7
   01E7 07                  532 	.db #0x07	; 7
   01E8 07                  533 	.db #0x07	; 7
   01E9 07                  534 	.db #0x07	; 7
   01EA 07                  535 	.db #0x07	; 7
   01EB 07                  536 	.db #0x07	; 7
   01EC 07                  537 	.db #0x07	; 7
   01ED 07                  538 	.db #0x07	; 7
   01EE 07                  539 	.db #0x07	; 7
   01EF 07                  540 	.db #0x07	; 7
   01F0 07                  541 	.db #0x07	; 7
   01F1 07                  542 	.db #0x07	; 7
   01F2 07                  543 	.db #0x07	; 7
   01F3 07                  544 	.db #0x07	; 7
   01F4 07                  545 	.db #0x07	; 7
   01F5 07                  546 	.db #0x07	; 7
   01F6 07                  547 	.db #0x07	; 7
   01F7 07                  548 	.db #0x07	; 7
   01F8 07                  549 	.db #0x07	; 7
   01F9 07                  550 	.db #0x07	; 7
   01FA 07                  551 	.db #0x07	; 7
   01FB 07                  552 	.db #0x07	; 7
   01FC 07                  553 	.db #0x07	; 7
   01FD 07                  554 	.db #0x07	; 7
   01FE 07                  555 	.db #0x07	; 7
   01FF 07                  556 	.db #0x07	; 7
   0200 07                  557 	.db #0x07	; 7
   0201 07                  558 	.db #0x07	; 7
   0202 07                  559 	.db #0x07	; 7
   0203 07                  560 	.db #0x07	; 7
   0204 07                  561 	.db #0x07	; 7
   0205 07                  562 	.db #0x07	; 7
   0206 07                  563 	.db #0x07	; 7
   0207 07                  564 	.db #0x07	; 7
   0208 07                  565 	.db #0x07	; 7
   0209 07                  566 	.db #0x07	; 7
   020A 07                  567 	.db #0x07	; 7
   020B 07                  568 	.db #0x07	; 7
   020C 07                  569 	.db #0x07	; 7
   020D 07                  570 	.db #0x07	; 7
   020E 07                  571 	.db #0x07	; 7
   020F 07                  572 	.db #0x07	; 7
   0210 07                  573 	.db #0x07	; 7
   0211 07                  574 	.db #0x07	; 7
   0212 07                  575 	.db #0x07	; 7
   0213 07                  576 	.db #0x07	; 7
   0214 07                  577 	.db #0x07	; 7
   0215 07                  578 	.db #0x07	; 7
   0216 07                  579 	.db #0x07	; 7
   0217 07                  580 	.db #0x07	; 7
   0218 07                  581 	.db #0x07	; 7
   0219 07                  582 	.db #0x07	; 7
   021A 07                  583 	.db #0x07	; 7
   021B 07                  584 	.db #0x07	; 7
   021C 07                  585 	.db #0x07	; 7
   021D 07                  586 	.db #0x07	; 7
   021E 07                  587 	.db #0x07	; 7
   021F 07                  588 	.db #0x07	; 7
   0220 07                  589 	.db #0x07	; 7
   0221 07                  590 	.db #0x07	; 7
   0222 07                  591 	.db #0x07	; 7
   0223 07                  592 	.db #0x07	; 7
   0224 07                  593 	.db #0x07	; 7
   0225 07                  594 	.db #0x07	; 7
   0226 07                  595 	.db #0x07	; 7
   0227 07                  596 	.db #0x07	; 7
   0228 07                  597 	.db #0x07	; 7
   0229 07                  598 	.db #0x07	; 7
   022A 07                  599 	.db #0x07	; 7
   022B 07                  600 	.db #0x07	; 7
   022C 07                  601 	.db #0x07	; 7
   022D 07                  602 	.db #0x07	; 7
   022E 07                  603 	.db #0x07	; 7
   022F 07                  604 	.db #0x07	; 7
   0230 07                  605 	.db #0x07	; 7
   0231 07                  606 	.db #0x07	; 7
   0232 07                  607 	.db #0x07	; 7
   0233 07                  608 	.db #0x07	; 7
   0234 07                  609 	.db #0x07	; 7
   0235 07                  610 	.db #0x07	; 7
   0236 07                  611 	.db #0x07	; 7
   0237 07                  612 	.db #0x07	; 7
   0238 07                  613 	.db #0x07	; 7
   0239 07                  614 	.db #0x07	; 7
   023A 07                  615 	.db #0x07	; 7
   023B 07                  616 	.db #0x07	; 7
   023C 07                  617 	.db #0x07	; 7
   023D 07                  618 	.db #0x07	; 7
   023E 07                  619 	.db #0x07	; 7
   023F 07                  620 	.db #0x07	; 7
   0240 07                  621 	.db #0x07	; 7
   0241 07                  622 	.db #0x07	; 7
   0242 07                  623 	.db #0x07	; 7
   0243 07                  624 	.db #0x07	; 7
   0244 07                  625 	.db #0x07	; 7
   0245 07                  626 	.db #0x07	; 7
   0246 07                  627 	.db #0x07	; 7
   0247 07                  628 	.db #0x07	; 7
   0248 07                  629 	.db #0x07	; 7
   0249 07                  630 	.db #0x07	; 7
   024A 07                  631 	.db #0x07	; 7
   024B 07                  632 	.db #0x07	; 7
   024C 07                  633 	.db #0x07	; 7
   024D 07                  634 	.db #0x07	; 7
   024E 07                  635 	.db #0x07	; 7
   024F 07                  636 	.db #0x07	; 7
   0250 07                  637 	.db #0x07	; 7
   0251 07                  638 	.db #0x07	; 7
   0252 07                  639 	.db #0x07	; 7
   0253 07                  640 	.db #0x07	; 7
   0254 07                  641 	.db #0x07	; 7
   0255 07                  642 	.db #0x07	; 7
   0256 07                  643 	.db #0x07	; 7
   0257 07                  644 	.db #0x07	; 7
   0258 07                  645 	.db #0x07	; 7
   0259 07                  646 	.db #0x07	; 7
   025A 07                  647 	.db #0x07	; 7
   025B 07                  648 	.db #0x07	; 7
   025C 07                  649 	.db #0x07	; 7
   025D 07                  650 	.db #0x07	; 7
   025E 07                  651 	.db #0x07	; 7
   025F 07                  652 	.db #0x07	; 7
   0260 07                  653 	.db #0x07	; 7
   0261 07                  654 	.db #0x07	; 7
   0262 07                  655 	.db #0x07	; 7
   0263 07                  656 	.db #0x07	; 7
   0264 07                  657 	.db #0x07	; 7
   0265 07                  658 	.db #0x07	; 7
   0266 07                  659 	.db #0x07	; 7
   0267 07                  660 	.db #0x07	; 7
   0268 07                  661 	.db #0x07	; 7
   0269 07                  662 	.db #0x07	; 7
   026A 07                  663 	.db #0x07	; 7
   026B 07                  664 	.db #0x07	; 7
   026C 07                  665 	.db #0x07	; 7
   026D 07                  666 	.db #0x07	; 7
   026E 07                  667 	.db #0x07	; 7
   026F 07                  668 	.db #0x07	; 7
   0270 07                  669 	.db #0x07	; 7
   0271 07                  670 	.db #0x07	; 7
   0272 07                  671 	.db #0x07	; 7
   0273 07                  672 	.db #0x07	; 7
   0274 07                  673 	.db #0x07	; 7
   0275 07                  674 	.db #0x07	; 7
   0276 07                  675 	.db #0x07	; 7
   0277 07                  676 	.db #0x07	; 7
   0278 07                  677 	.db #0x07	; 7
   0279 07                  678 	.db #0x07	; 7
   027A 07                  679 	.db #0x07	; 7
   027B 07                  680 	.db #0x07	; 7
   027C 07                  681 	.db #0x07	; 7
   027D 07                  682 	.db #0x07	; 7
   027E 07                  683 	.db #0x07	; 7
   027F 07                  684 	.db #0x07	; 7
   0280 07                  685 	.db #0x07	; 7
   0281 07                  686 	.db #0x07	; 7
   0282 07                  687 	.db #0x07	; 7
   0283 07                  688 	.db #0x07	; 7
   0284 07                  689 	.db #0x07	; 7
   0285 07                  690 	.db #0x07	; 7
   0286 07                  691 	.db #0x07	; 7
   0287 07                  692 	.db #0x07	; 7
   0288 07                  693 	.db #0x07	; 7
   0289 07                  694 	.db #0x07	; 7
   028A 07                  695 	.db #0x07	; 7
   028B 07                  696 	.db #0x07	; 7
   028C 07                  697 	.db #0x07	; 7
   028D 07                  698 	.db #0x07	; 7
   028E 07                  699 	.db #0x07	; 7
   028F 07                  700 	.db #0x07	; 7
   0290 07                  701 	.db #0x07	; 7
   0291 07                  702 	.db #0x07	; 7
   0292 07                  703 	.db #0x07	; 7
   0293 07                  704 	.db #0x07	; 7
   0294 07                  705 	.db #0x07	; 7
   0295 07                  706 	.db #0x07	; 7
   0296 07                  707 	.db #0x07	; 7
   0297 07                  708 	.db #0x07	; 7
   0298 07                  709 	.db #0x07	; 7
   0299 07                  710 	.db #0x07	; 7
   029A 07                  711 	.db #0x07	; 7
   029B 07                  712 	.db #0x07	; 7
   029C 07                  713 	.db #0x07	; 7
   029D 07                  714 	.db #0x07	; 7
   029E 07                  715 	.db #0x07	; 7
   029F 07                  716 	.db #0x07	; 7
   02A0 07                  717 	.db #0x07	; 7
   02A1 07                  718 	.db #0x07	; 7
   02A2 07                  719 	.db #0x07	; 7
   02A3 07                  720 	.db #0x07	; 7
   02A4 07                  721 	.db #0x07	; 7
   02A5 07                  722 	.db #0x07	; 7
   02A6 07                  723 	.db #0x07	; 7
   02A7 07                  724 	.db #0x07	; 7
   02A8 07                  725 	.db #0x07	; 7
   02A9 07                  726 	.db #0x07	; 7
   02AA 07                  727 	.db #0x07	; 7
   02AB 07                  728 	.db #0x07	; 7
   02AC 07                  729 	.db #0x07	; 7
   02AD 07                  730 	.db #0x07	; 7
   02AE 07                  731 	.db #0x07	; 7
   02AF 07                  732 	.db #0x07	; 7
   02B0 07                  733 	.db #0x07	; 7
   02B1 07                  734 	.db #0x07	; 7
   02B2 07                  735 	.db #0x07	; 7
   02B3 07                  736 	.db #0x07	; 7
   02B4 07                  737 	.db #0x07	; 7
   02B5 07                  738 	.db #0x07	; 7
   02B6 07                  739 	.db #0x07	; 7
   02B7 07                  740 	.db #0x07	; 7
   02B8 07                  741 	.db #0x07	; 7
   02B9 07                  742 	.db #0x07	; 7
   02BA 07                  743 	.db #0x07	; 7
   02BB 07                  744 	.db #0x07	; 7
   02BC 07                  745 	.db #0x07	; 7
   02BD 07                  746 	.db #0x07	; 7
   02BE 07                  747 	.db #0x07	; 7
   02BF 07                  748 	.db #0x07	; 7
   02C0 07                  749 	.db #0x07	; 7
   02C1 07                  750 	.db #0x07	; 7
   02C2 07                  751 	.db #0x07	; 7
   02C3 07                  752 	.db #0x07	; 7
   02C4 07                  753 	.db #0x07	; 7
   02C5 07                  754 	.db #0x07	; 7
   02C6 07                  755 	.db #0x07	; 7
   02C7 07                  756 	.db #0x07	; 7
   02C8 07                  757 	.db #0x07	; 7
   02C9 07                  758 	.db #0x07	; 7
   02CA 07                  759 	.db #0x07	; 7
   02CB 07                  760 	.db #0x07	; 7
   02CC 07                  761 	.db #0x07	; 7
   02CD 07                  762 	.db #0x07	; 7
   02CE 07                  763 	.db #0x07	; 7
   02CF 07                  764 	.db #0x07	; 7
   02D0 07                  765 	.db #0x07	; 7
   02D1 07                  766 	.db #0x07	; 7
   02D2 07                  767 	.db #0x07	; 7
   02D3 07                  768 	.db #0x07	; 7
   02D4 07                  769 	.db #0x07	; 7
   02D5 07                  770 	.db #0x07	; 7
   02D6 07                  771 	.db #0x07	; 7
   02D7 07                  772 	.db #0x07	; 7
   02D8 07                  773 	.db #0x07	; 7
   02D9 07                  774 	.db #0x07	; 7
   02DA 07                  775 	.db #0x07	; 7
   02DB 07                  776 	.db #0x07	; 7
   02DC 07                  777 	.db #0x07	; 7
   02DD 07                  778 	.db #0x07	; 7
   02DE 07                  779 	.db #0x07	; 7
   02DF 07                  780 	.db #0x07	; 7
   02E0 07                  781 	.db #0x07	; 7
   02E1 07                  782 	.db #0x07	; 7
   02E2 07                  783 	.db #0x07	; 7
   02E3 07                  784 	.db #0x07	; 7
   02E4 07                  785 	.db #0x07	; 7
   02E5 07                  786 	.db #0x07	; 7
   02E6 07                  787 	.db #0x07	; 7
   02E7 07                  788 	.db #0x07	; 7
   02E8 07                  789 	.db #0x07	; 7
   02E9 07                  790 	.db #0x07	; 7
   02EA 07                  791 	.db #0x07	; 7
   02EB 07                  792 	.db #0x07	; 7
   02EC 07                  793 	.db #0x07	; 7
   02ED 07                  794 	.db #0x07	; 7
   02EE 07                  795 	.db #0x07	; 7
   02EF 07                  796 	.db #0x07	; 7
   02F0 07                  797 	.db #0x07	; 7
   02F1 07                  798 	.db #0x07	; 7
   02F2 07                  799 	.db #0x07	; 7
   02F3 07                  800 	.db #0x07	; 7
   02F4 07                  801 	.db #0x07	; 7
   02F5 07                  802 	.db #0x07	; 7
   02F6 07                  803 	.db #0x07	; 7
   02F7 07                  804 	.db #0x07	; 7
   02F8 07                  805 	.db #0x07	; 7
   02F9 07                  806 	.db #0x07	; 7
   02FA 07                  807 	.db #0x07	; 7
   02FB 07                  808 	.db #0x07	; 7
   02FC 07                  809 	.db #0x07	; 7
   02FD 07                  810 	.db #0x07	; 7
   02FE 07                  811 	.db #0x07	; 7
   02FF 07                  812 	.db #0x07	; 7
   0300 07                  813 	.db #0x07	; 7
   0301 07                  814 	.db #0x07	; 7
   0302 07                  815 	.db #0x07	; 7
   0303 07                  816 	.db #0x07	; 7
   0304 07                  817 	.db #0x07	; 7
   0305 07                  818 	.db #0x07	; 7
   0306 07                  819 	.db #0x07	; 7
   0307 07                  820 	.db #0x07	; 7
   0308 07                  821 	.db #0x07	; 7
   0309 07                  822 	.db #0x07	; 7
   030A 07                  823 	.db #0x07	; 7
   030B 07                  824 	.db #0x07	; 7
   030C 07                  825 	.db #0x07	; 7
   030D 07                  826 	.db #0x07	; 7
   030E 07                  827 	.db #0x07	; 7
   030F 07                  828 	.db #0x07	; 7
   0310 07                  829 	.db #0x07	; 7
   0311 07                  830 	.db #0x07	; 7
   0312 07                  831 	.db #0x07	; 7
   0313 07                  832 	.db #0x07	; 7
   0314 07                  833 	.db #0x07	; 7
   0315 07                  834 	.db #0x07	; 7
   0316 07                  835 	.db #0x07	; 7
   0317 07                  836 	.db #0x07	; 7
   0318 07                  837 	.db #0x07	; 7
   0319 07                  838 	.db #0x07	; 7
   031A 07                  839 	.db #0x07	; 7
   031B 07                  840 	.db #0x07	; 7
   031C 07                  841 	.db #0x07	; 7
   031D 07                  842 	.db #0x07	; 7
   031E 07                  843 	.db #0x07	; 7
   031F 07                  844 	.db #0x07	; 7
   0320 07                  845 	.db #0x07	; 7
   0321 07                  846 	.db #0x07	; 7
   0322 07                  847 	.db #0x07	; 7
   0323 07                  848 	.db #0x07	; 7
   0324 07                  849 	.db #0x07	; 7
   0325 07                  850 	.db #0x07	; 7
   0326 07                  851 	.db #0x07	; 7
   0327 07                  852 	.db #0x07	; 7
   0328 07                  853 	.db #0x07	; 7
   0329 07                  854 	.db #0x07	; 7
   032A 07                  855 	.db #0x07	; 7
   032B 07                  856 	.db #0x07	; 7
   032C 07                  857 	.db #0x07	; 7
   032D 07                  858 	.db #0x07	; 7
   032E 07                  859 	.db #0x07	; 7
   032F 07                  860 	.db #0x07	; 7
   0330 07                  861 	.db #0x07	; 7
   0331 07                  862 	.db #0x07	; 7
   0332 07                  863 	.db #0x07	; 7
   0333 07                  864 	.db #0x07	; 7
   0334 07                  865 	.db #0x07	; 7
   0335 07                  866 	.db #0x07	; 7
   0336 07                  867 	.db #0x07	; 7
   0337 07                  868 	.db #0x07	; 7
   0338 07                  869 	.db #0x07	; 7
   0339 07                  870 	.db #0x07	; 7
   033A 07                  871 	.db #0x07	; 7
   033B 07                  872 	.db #0x07	; 7
   033C 07                  873 	.db #0x07	; 7
   033D 07                  874 	.db #0x07	; 7
   033E 07                  875 	.db #0x07	; 7
   033F 07                  876 	.db #0x07	; 7
   0340 07                  877 	.db #0x07	; 7
   0341 07                  878 	.db #0x07	; 7
   0342 07                  879 	.db #0x07	; 7
   0343 07                  880 	.db #0x07	; 7
   0344 07                  881 	.db #0x07	; 7
   0345 07                  882 	.db #0x07	; 7
   0346 07                  883 	.db #0x07	; 7
   0347 07                  884 	.db #0x07	; 7
   0348 07                  885 	.db #0x07	; 7
   0349 07                  886 	.db #0x07	; 7
   034A 07                  887 	.db #0x07	; 7
   034B 07                  888 	.db #0x07	; 7
   034C 07                  889 	.db #0x07	; 7
   034D 07                  890 	.db #0x07	; 7
   034E 07                  891 	.db #0x07	; 7
   034F 07                  892 	.db #0x07	; 7
   0350 07                  893 	.db #0x07	; 7
   0351 07                  894 	.db #0x07	; 7
   0352 07                  895 	.db #0x07	; 7
   0353 07                  896 	.db #0x07	; 7
   0354 07                  897 	.db #0x07	; 7
   0355 07                  898 	.db #0x07	; 7
   0356 07                  899 	.db #0x07	; 7
   0357 07                  900 	.db #0x07	; 7
   0358 07                  901 	.db #0x07	; 7
   0359 07                  902 	.db #0x07	; 7
   035A 07                  903 	.db #0x07	; 7
   035B 07                  904 	.db #0x07	; 7
   035C 07                  905 	.db #0x07	; 7
   035D 07                  906 	.db #0x07	; 7
   035E 07                  907 	.db #0x07	; 7
   035F 07                  908 	.db #0x07	; 7
   0360 07                  909 	.db #0x07	; 7
   0361 07                  910 	.db #0x07	; 7
   0362 07                  911 	.db #0x07	; 7
   0363 07                  912 	.db #0x07	; 7
   0364 07                  913 	.db #0x07	; 7
   0365 07                  914 	.db #0x07	; 7
   0366 07                  915 	.db #0x07	; 7
   0367 07                  916 	.db #0x07	; 7
   0368 07                  917 	.db #0x07	; 7
   0369 07                  918 	.db #0x07	; 7
   036A 07                  919 	.db #0x07	; 7
   036B 07                  920 	.db #0x07	; 7
   036C 07                  921 	.db #0x07	; 7
   036D 07                  922 	.db #0x07	; 7
   036E 07                  923 	.db #0x07	; 7
   036F 07                  924 	.db #0x07	; 7
   0370 07                  925 	.db #0x07	; 7
   0371 07                  926 	.db #0x07	; 7
   0372 07                  927 	.db #0x07	; 7
   0373 07                  928 	.db #0x07	; 7
   0374 07                  929 	.db #0x07	; 7
   0375 07                  930 	.db #0x07	; 7
   0376 07                  931 	.db #0x07	; 7
   0377 07                  932 	.db #0x07	; 7
   0378 07                  933 	.db #0x07	; 7
   0379 07                  934 	.db #0x07	; 7
   037A 07                  935 	.db #0x07	; 7
   037B 07                  936 	.db #0x07	; 7
   037C 07                  937 	.db #0x07	; 7
   037D 07                  938 	.db #0x07	; 7
   037E 07                  939 	.db #0x07	; 7
   037F 07                  940 	.db #0x07	; 7
   0380 07                  941 	.db #0x07	; 7
   0381 07                  942 	.db #0x07	; 7
   0382 07                  943 	.db #0x07	; 7
   0383 07                  944 	.db #0x07	; 7
   0384 07                  945 	.db #0x07	; 7
   0385 07                  946 	.db #0x07	; 7
   0386 07                  947 	.db #0x07	; 7
   0387 07                  948 	.db #0x07	; 7
   0388 07                  949 	.db #0x07	; 7
   0389 07                  950 	.db #0x07	; 7
   038A 07                  951 	.db #0x07	; 7
   038B 07                  952 	.db #0x07	; 7
   038C 07                  953 	.db #0x07	; 7
   038D 07                  954 	.db #0x07	; 7
   038E 07                  955 	.db #0x07	; 7
   038F 07                  956 	.db #0x07	; 7
   0390 07                  957 	.db #0x07	; 7
   0391 07                  958 	.db #0x07	; 7
   0392 07                  959 	.db #0x07	; 7
   0393 07                  960 	.db #0x07	; 7
   0394 07                  961 	.db #0x07	; 7
   0395 07                  962 	.db #0x07	; 7
   0396 07                  963 	.db #0x07	; 7
   0397 07                  964 	.db #0x07	; 7
   0398 07                  965 	.db #0x07	; 7
   0399 07                  966 	.db #0x07	; 7
   039A 07                  967 	.db #0x07	; 7
   039B 07                  968 	.db #0x07	; 7
   039C 07                  969 	.db #0x07	; 7
   039D 07                  970 	.db #0x07	; 7
   039E 07                  971 	.db #0x07	; 7
   039F 07                  972 	.db #0x07	; 7
   03A0 07                  973 	.db #0x07	; 7
   03A1 07                  974 	.db #0x07	; 7
   03A2 07                  975 	.db #0x07	; 7
   03A3 07                  976 	.db #0x07	; 7
   03A4 07                  977 	.db #0x07	; 7
   03A5 07                  978 	.db #0x07	; 7
   03A6 07                  979 	.db #0x07	; 7
   03A7 07                  980 	.db #0x07	; 7
   03A8 07                  981 	.db #0x07	; 7
   03A9 07                  982 	.db #0x07	; 7
   03AA 07                  983 	.db #0x07	; 7
   03AB 07                  984 	.db #0x07	; 7
   03AC 07                  985 	.db #0x07	; 7
   03AD 07                  986 	.db #0x07	; 7
   03AE 07                  987 	.db #0x07	; 7
   03AF 07                  988 	.db #0x07	; 7
   03B0 07                  989 	.db #0x07	; 7
   03B1 07                  990 	.db #0x07	; 7
   03B2 07                  991 	.db #0x07	; 7
   03B3 07                  992 	.db #0x07	; 7
   03B4 07                  993 	.db #0x07	; 7
   03B5 07                  994 	.db #0x07	; 7
   03B6 07                  995 	.db #0x07	; 7
   03B7 07                  996 	.db #0x07	; 7
   03B8 07                  997 	.db #0x07	; 7
   03B9 07                  998 	.db #0x07	; 7
   03BA 07                  999 	.db #0x07	; 7
   03BB 07                 1000 	.db #0x07	; 7
   03BC 07                 1001 	.db #0x07	; 7
   03BD 07                 1002 	.db #0x07	; 7
   03BE 07                 1003 	.db #0x07	; 7
   03BF 07                 1004 	.db #0x07	; 7
   03C0 07                 1005 	.db #0x07	; 7
   03C1 07                 1006 	.db #0x07	; 7
   03C2 07                 1007 	.db #0x07	; 7
   03C3 07                 1008 	.db #0x07	; 7
   03C4 07                 1009 	.db #0x07	; 7
   03C5 07                 1010 	.db #0x07	; 7
   03C6 07                 1011 	.db #0x07	; 7
   03C7 07                 1012 	.db #0x07	; 7
   03C8 07                 1013 	.db #0x07	; 7
   03C9 07                 1014 	.db #0x07	; 7
   03CA 07                 1015 	.db #0x07	; 7
   03CB 07                 1016 	.db #0x07	; 7
   03CC 07                 1017 	.db #0x07	; 7
   03CD 07                 1018 	.db #0x07	; 7
   03CE 07                 1019 	.db #0x07	; 7
   03CF 07                 1020 	.db #0x07	; 7
   03D0 07                 1021 	.db #0x07	; 7
   03D1 07                 1022 	.db #0x07	; 7
   03D2 07                 1023 	.db #0x07	; 7
   03D3 07                 1024 	.db #0x07	; 7
   03D4 07                 1025 	.db #0x07	; 7
   03D5 07                 1026 	.db #0x07	; 7
   03D6 07                 1027 	.db #0x07	; 7
   03D7 07                 1028 	.db #0x07	; 7
   03D8 07                 1029 	.db #0x07	; 7
   03D9 07                 1030 	.db #0x07	; 7
   03DA 07                 1031 	.db #0x07	; 7
   03DB 07                 1032 	.db #0x07	; 7
   03DC 07                 1033 	.db #0x07	; 7
   03DD 07                 1034 	.db #0x07	; 7
   03DE 07                 1035 	.db #0x07	; 7
   03DF 07                 1036 	.db #0x07	; 7
   03E0 07                 1037 	.db #0x07	; 7
   03E1 07                 1038 	.db #0x07	; 7
   03E2 07                 1039 	.db #0x07	; 7
   03E3 07                 1040 	.db #0x07	; 7
   03E4 07                 1041 	.db #0x07	; 7
   03E5 07                 1042 	.db #0x07	; 7
   03E6 07                 1043 	.db #0x07	; 7
   03E7 07                 1044 	.db #0x07	; 7
   03E8 07                 1045 	.db #0x07	; 7
   03E9 07                 1046 	.db #0x07	; 7
   03EA 07                 1047 	.db #0x07	; 7
   03EB 07                 1048 	.db #0x07	; 7
   03EC 07                 1049 	.db #0x07	; 7
   03ED 07                 1050 	.db #0x07	; 7
   03EE 07                 1051 	.db #0x07	; 7
   03EF 07                 1052 	.db #0x07	; 7
   03F0 07                 1053 	.db #0x07	; 7
   03F1 07                 1054 	.db #0x07	; 7
   03F2 07                 1055 	.db #0x07	; 7
   03F3 07                 1056 	.db #0x07	; 7
   03F4 07                 1057 	.db #0x07	; 7
   03F5 07                 1058 	.db #0x07	; 7
   03F6 07                 1059 	.db #0x07	; 7
   03F7 07                 1060 	.db #0x07	; 7
   03F8 07                 1061 	.db #0x07	; 7
   03F9 07                 1062 	.db #0x07	; 7
   03FA 07                 1063 	.db #0x07	; 7
   03FB 07                 1064 	.db #0x07	; 7
   03FC 07                 1065 	.db #0x07	; 7
   03FD 07                 1066 	.db #0x07	; 7
   03FE 07                 1067 	.db #0x07	; 7
   03FF 07                 1068 	.db #0x07	; 7
   0400 07                 1069 	.db #0x07	; 7
   0401 07                 1070 	.db #0x07	; 7
   0402 07                 1071 	.db #0x07	; 7
   0403 07                 1072 	.db #0x07	; 7
   0404 07                 1073 	.db #0x07	; 7
   0405 07                 1074 	.db #0x07	; 7
   0406 07                 1075 	.db #0x07	; 7
   0407 07                 1076 	.db #0x07	; 7
   0408 07                 1077 	.db #0x07	; 7
   0409 07                 1078 	.db #0x07	; 7
   040A 07                 1079 	.db #0x07	; 7
   040B 07                 1080 	.db #0x07	; 7
   040C 07                 1081 	.db #0x07	; 7
   040D 07                 1082 	.db #0x07	; 7
   040E 07                 1083 	.db #0x07	; 7
   040F 07                 1084 	.db #0x07	; 7
   0410 07                 1085 	.db #0x07	; 7
   0411 07                 1086 	.db #0x07	; 7
   0412 07                 1087 	.db #0x07	; 7
   0413 07                 1088 	.db #0x07	; 7
   0414 07                 1089 	.db #0x07	; 7
   0415 07                 1090 	.db #0x07	; 7
   0416 07                 1091 	.db #0x07	; 7
   0417 07                 1092 	.db #0x07	; 7
   0418 07                 1093 	.db #0x07	; 7
   0419 07                 1094 	.db #0x07	; 7
   041A 07                 1095 	.db #0x07	; 7
   041B 07                 1096 	.db #0x07	; 7
   041C 07                 1097 	.db #0x07	; 7
   041D 07                 1098 	.db #0x07	; 7
   041E 07                 1099 	.db #0x07	; 7
   041F 07                 1100 	.db #0x07	; 7
   0420 07                 1101 	.db #0x07	; 7
   0421 07                 1102 	.db #0x07	; 7
   0422 07                 1103 	.db #0x07	; 7
   0423 07                 1104 	.db #0x07	; 7
   0424 07                 1105 	.db #0x07	; 7
   0425 07                 1106 	.db #0x07	; 7
   0426 07                 1107 	.db #0x07	; 7
   0427 07                 1108 	.db #0x07	; 7
   0428 07                 1109 	.db #0x07	; 7
   0429 07                 1110 	.db #0x07	; 7
   042A 07                 1111 	.db #0x07	; 7
   042B 07                 1112 	.db #0x07	; 7
   042C 07                 1113 	.db #0x07	; 7
   042D 07                 1114 	.db #0x07	; 7
   042E 07                 1115 	.db #0x07	; 7
   042F 07                 1116 	.db #0x07	; 7
   0430 07                 1117 	.db #0x07	; 7
   0431 07                 1118 	.db #0x07	; 7
   0432 07                 1119 	.db #0x07	; 7
   0433 07                 1120 	.db #0x07	; 7
   0434 07                 1121 	.db #0x07	; 7
   0435 07                 1122 	.db #0x07	; 7
   0436 07                 1123 	.db #0x07	; 7
   0437 07                 1124 	.db #0x07	; 7
   0438 07                 1125 	.db #0x07	; 7
   0439 07                 1126 	.db #0x07	; 7
   043A 07                 1127 	.db #0x07	; 7
   043B 07                 1128 	.db #0x07	; 7
   043C 07                 1129 	.db #0x07	; 7
   043D 07                 1130 	.db #0x07	; 7
   043E 07                 1131 	.db #0x07	; 7
   043F 07                 1132 	.db #0x07	; 7
   0440 07                 1133 	.db #0x07	; 7
   0441 07                 1134 	.db #0x07	; 7
   0442 07                 1135 	.db #0x07	; 7
   0443 07                 1136 	.db #0x07	; 7
   0444 07                 1137 	.db #0x07	; 7
   0445 07                 1138 	.db #0x07	; 7
   0446 07                 1139 	.db #0x07	; 7
   0447 07                 1140 	.db #0x07	; 7
   0448 07                 1141 	.db #0x07	; 7
   0449 07                 1142 	.db #0x07	; 7
   044A 07                 1143 	.db #0x07	; 7
   044B 07                 1144 	.db #0x07	; 7
   044C 07                 1145 	.db #0x07	; 7
   044D 07                 1146 	.db #0x07	; 7
   044E 07                 1147 	.db #0x07	; 7
   044F 07                 1148 	.db #0x07	; 7
   0450 07                 1149 	.db #0x07	; 7
   0451 07                 1150 	.db #0x07	; 7
   0452 07                 1151 	.db #0x07	; 7
   0453 07                 1152 	.db #0x07	; 7
   0454 07                 1153 	.db #0x07	; 7
   0455 07                 1154 	.db #0x07	; 7
   0456 07                 1155 	.db #0x07	; 7
   0457 07                 1156 	.db #0x07	; 7
   0458 07                 1157 	.db #0x07	; 7
   0459 07                 1158 	.db #0x07	; 7
   045A 07                 1159 	.db #0x07	; 7
   045B 07                 1160 	.db #0x07	; 7
   045C 07                 1161 	.db #0x07	; 7
   045D 07                 1162 	.db #0x07	; 7
   045E 07                 1163 	.db #0x07	; 7
   045F 07                 1164 	.db #0x07	; 7
   0460 07                 1165 	.db #0x07	; 7
   0461 07                 1166 	.db #0x07	; 7
   0462 07                 1167 	.db #0x07	; 7
   0463 07                 1168 	.db #0x07	; 7
   0464 07                 1169 	.db #0x07	; 7
   0465 07                 1170 	.db #0x07	; 7
   0466 07                 1171 	.db #0x07	; 7
   0467 07                 1172 	.db #0x07	; 7
   0468 07                 1173 	.db #0x07	; 7
   0469 07                 1174 	.db #0x07	; 7
   046A 07                 1175 	.db #0x07	; 7
   046B 07                 1176 	.db #0x07	; 7
   046C 07                 1177 	.db #0x07	; 7
   046D 02                 1178 	.db #0x02	; 2
   046E 07                 1179 	.db #0x07	; 7
   046F 07                 1180 	.db #0x07	; 7
   0470 07                 1181 	.db #0x07	; 7
   0471 07                 1182 	.db #0x07	; 7
   0472 07                 1183 	.db #0x07	; 7
   0473 07                 1184 	.db #0x07	; 7
   0474 07                 1185 	.db #0x07	; 7
   0475 07                 1186 	.db #0x07	; 7
   0476 07                 1187 	.db #0x07	; 7
   0477 07                 1188 	.db #0x07	; 7
   0478 07                 1189 	.db #0x07	; 7
   0479 07                 1190 	.db #0x07	; 7
   047A 07                 1191 	.db #0x07	; 7
   047B 07                 1192 	.db #0x07	; 7
   047C 07                 1193 	.db #0x07	; 7
   047D 07                 1194 	.db #0x07	; 7
   047E 07                 1195 	.db #0x07	; 7
   047F 07                 1196 	.db #0x07	; 7
   0480 07                 1197 	.db #0x07	; 7
   0481 07                 1198 	.db #0x07	; 7
   0482 07                 1199 	.db #0x07	; 7
   0483 07                 1200 	.db #0x07	; 7
   0484 07                 1201 	.db #0x07	; 7
   0485 07                 1202 	.db #0x07	; 7
   0486 07                 1203 	.db #0x07	; 7
   0487 07                 1204 	.db #0x07	; 7
   0488 07                 1205 	.db #0x07	; 7
   0489 07                 1206 	.db #0x07	; 7
   048A 07                 1207 	.db #0x07	; 7
   048B 07                 1208 	.db #0x07	; 7
   048C 07                 1209 	.db #0x07	; 7
   048D 07                 1210 	.db #0x07	; 7
   048E 07                 1211 	.db #0x07	; 7
   048F 07                 1212 	.db #0x07	; 7
   0490 07                 1213 	.db #0x07	; 7
   0491 07                 1214 	.db #0x07	; 7
   0492 07                 1215 	.db #0x07	; 7
   0493 07                 1216 	.db #0x07	; 7
   0494 07                 1217 	.db #0x07	; 7
   0495 07                 1218 	.db #0x07	; 7
   0496 07                 1219 	.db #0x07	; 7
   0497 07                 1220 	.db #0x07	; 7
   0498 07                 1221 	.db #0x07	; 7
   0499 07                 1222 	.db #0x07	; 7
   049A 07                 1223 	.db #0x07	; 7
   049B 07                 1224 	.db #0x07	; 7
   049C 07                 1225 	.db #0x07	; 7
   049D 07                 1226 	.db #0x07	; 7
   049E 07                 1227 	.db #0x07	; 7
   049F 07                 1228 	.db #0x07	; 7
   04A0 07                 1229 	.db #0x07	; 7
   04A1 07                 1230 	.db #0x07	; 7
   04A2 02                 1231 	.db #0x02	; 2
   04A3 02                 1232 	.db #0x02	; 2
   04A4 07                 1233 	.db #0x07	; 7
   04A5 07                 1234 	.db #0x07	; 7
   04A6 07                 1235 	.db #0x07	; 7
   04A7 07                 1236 	.db #0x07	; 7
   04A8 02                 1237 	.db #0x02	; 2
   04A9 02                 1238 	.db #0x02	; 2
   04AA 02                 1239 	.db #0x02	; 2
   04AB 07                 1240 	.db #0x07	; 7
   04AC 07                 1241 	.db #0x07	; 7
   04AD 07                 1242 	.db #0x07	; 7
   04AE 07                 1243 	.db #0x07	; 7
   04AF 07                 1244 	.db #0x07	; 7
   04B0 07                 1245 	.db #0x07	; 7
   04B1 07                 1246 	.db #0x07	; 7
   04B2 07                 1247 	.db #0x07	; 7
   04B3 07                 1248 	.db #0x07	; 7
   04B4 07                 1249 	.db #0x07	; 7
   04B5 07                 1250 	.db #0x07	; 7
   04B6 07                 1251 	.db #0x07	; 7
   04B7 07                 1252 	.db #0x07	; 7
   04B8 07                 1253 	.db #0x07	; 7
   04B9 07                 1254 	.db #0x07	; 7
   04BA 07                 1255 	.db #0x07	; 7
   04BB 07                 1256 	.db #0x07	; 7
   04BC 07                 1257 	.db #0x07	; 7
   04BD 07                 1258 	.db #0x07	; 7
   04BE 07                 1259 	.db #0x07	; 7
   04BF 07                 1260 	.db #0x07	; 7
   04C0 07                 1261 	.db #0x07	; 7
   04C1 07                 1262 	.db #0x07	; 7
   04C2 07                 1263 	.db #0x07	; 7
   04C3 07                 1264 	.db #0x07	; 7
   04C4 07                 1265 	.db #0x07	; 7
   04C5 07                 1266 	.db #0x07	; 7
   04C6 07                 1267 	.db #0x07	; 7
   04C7 07                 1268 	.db #0x07	; 7
   04C8 07                 1269 	.db #0x07	; 7
   04C9 07                 1270 	.db #0x07	; 7
   04CA 07                 1271 	.db #0x07	; 7
   04CB 07                 1272 	.db #0x07	; 7
   04CC 07                 1273 	.db #0x07	; 7
   04CD 07                 1274 	.db #0x07	; 7
   04CE 07                 1275 	.db #0x07	; 7
   04CF 07                 1276 	.db #0x07	; 7
   04D0 02                 1277 	.db #0x02	; 2
   04D1 02                 1278 	.db #0x02	; 2
   04D2 07                 1279 	.db #0x07	; 7
   04D3 07                 1280 	.db #0x07	; 7
   04D4 07                 1281 	.db #0x07	; 7
   04D5 07                 1282 	.db #0x07	; 7
   04D6 02                 1283 	.db #0x02	; 2
   04D7 02                 1284 	.db #0x02	; 2
   04D8 02                 1285 	.db #0x02	; 2
   04D9 07                 1286 	.db #0x07	; 7
   04DA 07                 1287 	.db #0x07	; 7
   04DB 07                 1288 	.db #0x07	; 7
   04DC 07                 1289 	.db #0x07	; 7
   04DD 02                 1290 	.db #0x02	; 2
   04DE 02                 1291 	.db #0x02	; 2
   04DF 07                 1292 	.db #0x07	; 7
   04E0 02                 1293 	.db #0x02	; 2
   04E1 07                 1294 	.db #0x07	; 7
   04E2 07                 1295 	.db #0x07	; 7
   04E3 07                 1296 	.db #0x07	; 7
   04E4 02                 1297 	.db #0x02	; 2
   04E5 07                 1298 	.db #0x07	; 7
   04E6 02                 1299 	.db #0x02	; 2
   04E7 02                 1300 	.db #0x02	; 2
   04E8 07                 1301 	.db #0x07	; 7
   04E9 07                 1302 	.db #0x07	; 7
   04EA 02                 1303 	.db #0x02	; 2
   04EB 02                 1304 	.db #0x02	; 2
   04EC 07                 1305 	.db #0x07	; 7
   04ED 07                 1306 	.db #0x07	; 7
   04EE 07                 1307 	.db #0x07	; 7
   04EF 02                 1308 	.db #0x02	; 2
   04F0 07                 1309 	.db #0x07	; 7
   04F1 07                 1310 	.db #0x07	; 7
   04F2 07                 1311 	.db #0x07	; 7
   04F3 07                 1312 	.db #0x07	; 7
   04F4 07                 1313 	.db #0x07	; 7
   04F5 02                 1314 	.db #0x02	; 2
   04F6 07                 1315 	.db #0x07	; 7
   04F7 07                 1316 	.db #0x07	; 7
   04F8 07                 1317 	.db #0x07	; 7
   04F9 07                 1318 	.db #0x07	; 7
   04FA 07                 1319 	.db #0x07	; 7
   04FB 02                 1320 	.db #0x02	; 2
   04FC 02                 1321 	.db #0x02	; 2
   04FD 07                 1322 	.db #0x07	; 7
   04FE 07                 1323 	.db #0x07	; 7
   04FF 07                 1324 	.db #0x07	; 7
   0500 02                 1325 	.db #0x02	; 2
   0501 02                 1326 	.db #0x02	; 2
   0502 02                 1327 	.db #0x02	; 2
   0503 07                 1328 	.db #0x07	; 7
   0504 07                 1329 	.db #0x07	; 7
   0505 07                 1330 	.db #0x07	; 7
   0506 02                 1331 	.db #0x02	; 2
   0507 02                 1332 	.db #0x02	; 2
   0508 02                 1333 	.db #0x02	; 2
   0509 02                 1334 	.db #0x02	; 2
   050A 07                 1335 	.db #0x07	; 7
   050B 02                 1336 	.db #0x02	; 2
   050C 02                 1337 	.db #0x02	; 2
   050D 02                 1338 	.db #0x02	; 2
   050E 02                 1339 	.db #0x02	; 2
   050F 07                 1340 	.db #0x07	; 7
   0510 07                 1341 	.db #0x07	; 7
   0511 02                 1342 	.db #0x02	; 2
   0512 02                 1343 	.db #0x02	; 2
   0513 07                 1344 	.db #0x07	; 7
   0514 07                 1345 	.db #0x07	; 7
   0515 02                 1346 	.db #0x02	; 2
   0516 02                 1347 	.db #0x02	; 2
   0517 07                 1348 	.db #0x07	; 7
   0518 07                 1349 	.db #0x07	; 7
   0519 02                 1350 	.db #0x02	; 2
   051A 07                 1351 	.db #0x07	; 7
   051B 07                 1352 	.db #0x07	; 7
   051C 07                 1353 	.db #0x07	; 7
   051D 02                 1354 	.db #0x02	; 2
   051E 07                 1355 	.db #0x07	; 7
   051F 02                 1356 	.db #0x02	; 2
   0520 02                 1357 	.db #0x02	; 2
   0521 07                 1358 	.db #0x07	; 7
   0522 07                 1359 	.db #0x07	; 7
   0523 02                 1360 	.db #0x02	; 2
   0524 02                 1361 	.db #0x02	; 2
   0525 07                 1362 	.db #0x07	; 7
   0526 02                 1363 	.db #0x02	; 2
   0527 07                 1364 	.db #0x07	; 7
   0528 07                 1365 	.db #0x07	; 7
   0529 07                 1366 	.db #0x07	; 7
   052A 02                 1367 	.db #0x02	; 2
   052B 07                 1368 	.db #0x07	; 7
   052C 02                 1369 	.db #0x02	; 2
   052D 02                 1370 	.db #0x02	; 2
   052E 07                 1371 	.db #0x07	; 7
   052F 02                 1372 	.db #0x02	; 2
   0530 02                 1373 	.db #0x02	; 2
   0531 02                 1374 	.db #0x02	; 2
   0532 02                 1375 	.db #0x02	; 2
   0533 02                 1376 	.db #0x02	; 2
   0534 07                 1377 	.db #0x07	; 7
   0535 02                 1378 	.db #0x02	; 2
   0536 02                 1379 	.db #0x02	; 2
   0537 07                 1380 	.db #0x07	; 7
   0538 02                 1381 	.db #0x02	; 2
   0539 02                 1382 	.db #0x02	; 2
   053A 07                 1383 	.db #0x07	; 7
   053B 02                 1384 	.db #0x02	; 2
   053C 02                 1385 	.db #0x02	; 2
   053D 07                 1386 	.db #0x07	; 7
   053E 02                 1387 	.db #0x02	; 2
   053F 02                 1388 	.db #0x02	; 2
   0540 07                 1389 	.db #0x07	; 7
   0541 02                 1390 	.db #0x02	; 2
   0542 02                 1391 	.db #0x02	; 2
   0543 07                 1392 	.db #0x07	; 7
   0544 07                 1393 	.db #0x07	; 7
   0545 02                 1394 	.db #0x02	; 2
   0546 02                 1395 	.db #0x02	; 2
   0547 02                 1396 	.db #0x02	; 2
   0548 07                 1397 	.db #0x07	; 7
   0549 07                 1398 	.db #0x07	; 7
   054A 02                 1399 	.db #0x02	; 2
   054B 02                 1400 	.db #0x02	; 2
   054C 02                 1401 	.db #0x02	; 2
   054D 02                 1402 	.db #0x02	; 2
   054E 07                 1403 	.db #0x07	; 7
   054F 07                 1404 	.db #0x07	; 7
   0550 07                 1405 	.db #0x07	; 7
   0551 07                 1406 	.db #0x07	; 7
   0552 02                 1407 	.db #0x02	; 2
   0553 02                 1408 	.db #0x02	; 2
   0554 02                 1409 	.db #0x02	; 2
   0555 02                 1410 	.db #0x02	; 2
   0556 07                 1411 	.db #0x07	; 7
   0557 07                 1412 	.db #0x07	; 7
   0558 07                 1413 	.db #0x07	; 7
   0559 02                 1414 	.db #0x02	; 2
   055A 02                 1415 	.db #0x02	; 2
   055B 02                 1416 	.db #0x02	; 2
   055C 07                 1417 	.db #0x07	; 7
   055D 07                 1418 	.db #0x07	; 7
   055E 07                 1419 	.db #0x07	; 7
   055F 07                 1420 	.db #0x07	; 7
   0560 02                 1421 	.db #0x02	; 2
   0561 02                 1422 	.db #0x02	; 2
   0562 02                 1423 	.db #0x02	; 2
   0563 07                 1424 	.db #0x07	; 7
   0564 07                 1425 	.db #0x07	; 7
   0565 02                 1426 	.db #0x02	; 2
   0566 07                 1427 	.db #0x07	; 7
   0567 07                 1428 	.db #0x07	; 7
   0568 07                 1429 	.db #0x07	; 7
   0569 07                 1430 	.db #0x07	; 7
   056A 02                 1431 	.db #0x02	; 2
   056B 02                 1432 	.db #0x02	; 2
   056C 07                 1433 	.db #0x07	; 7
   056D 07                 1434 	.db #0x07	; 7
   056E 07                 1435 	.db #0x07	; 7
   056F 07                 1436 	.db #0x07	; 7
   0570 02                 1437 	.db #0x02	; 2
   0571 02                 1438 	.db #0x02	; 2
   0572 07                 1439 	.db #0x07	; 7
   0573 07                 1440 	.db #0x07	; 7
   0574 07                 1441 	.db #0x07	; 7
   0575 02                 1442 	.db #0x02	; 2
   0576 02                 1443 	.db #0x02	; 2
   0577 07                 1444 	.db #0x07	; 7
   0578 07                 1445 	.db #0x07	; 7
   0579 07                 1446 	.db #0x07	; 7
   057A 07                 1447 	.db #0x07	; 7
   057B 02                 1448 	.db #0x02	; 2
   057C 02                 1449 	.db #0x02	; 2
   057D 02                 1450 	.db #0x02	; 2
   057E 07                 1451 	.db #0x07	; 7
   057F 07                 1452 	.db #0x07	; 7
   0580 07                 1453 	.db #0x07	; 7
   0581 02                 1454 	.db #0x02	; 2
   0582 02                 1455 	.db #0x02	; 2
   0583 07                 1456 	.db #0x07	; 7
   0584 07                 1457 	.db #0x07	; 7
   0585 07                 1458 	.db #0x07	; 7
   0586 07                 1459 	.db #0x07	; 7
   0587 02                 1460 	.db #0x02	; 2
   0588 02                 1461 	.db #0x02	; 2
   0589 07                 1462 	.db #0x07	; 7
   058A 07                 1463 	.db #0x07	; 7
   058B 07                 1464 	.db #0x07	; 7
   058C 07                 1465 	.db #0x07	; 7
   058D 07                 1466 	.db #0x07	; 7
   058E 07                 1467 	.db #0x07	; 7
   058F 02                 1468 	.db #0x02	; 2
   0590 02                 1469 	.db #0x02	; 2
   0591 07                 1470 	.db #0x07	; 7
   0592 07                 1471 	.db #0x07	; 7
   0593 07                 1472 	.db #0x07	; 7
   0594 07                 1473 	.db #0x07	; 7
   0595 07                 1474 	.db #0x07	; 7
   0596 02                 1475 	.db #0x02	; 2
   0597 07                 1476 	.db #0x07	; 7
   0598 07                 1477 	.db #0x07	; 7
   0599 07                 1478 	.db #0x07	; 7
   059A 07                 1479 	.db #0x07	; 7
   059B 07                 1480 	.db #0x07	; 7
   059C 07                 1481 	.db #0x07	; 7
   059D 02                 1482 	.db #0x02	; 2
   059E 07                 1483 	.db #0x07	; 7
   059F 07                 1484 	.db #0x07	; 7
   05A0 06                 1485 	.db #0x06	; 6
   05A1 06                 1486 	.db #0x06	; 6
   05A2 06                 1487 	.db #0x06	; 6
   05A3 06                 1488 	.db #0x06	; 6
   05A4 06                 1489 	.db #0x06	; 6
   05A5 06                 1490 	.db #0x06	; 6
   05A6 06                 1491 	.db #0x06	; 6
   05A7 06                 1492 	.db #0x06	; 6
   05A8 06                 1493 	.db #0x06	; 6
   05A9 06                 1494 	.db #0x06	; 6
   05AA 06                 1495 	.db #0x06	; 6
   05AB 06                 1496 	.db #0x06	; 6
   05AC 06                 1497 	.db #0x06	; 6
   05AD 06                 1498 	.db #0x06	; 6
   05AE 06                 1499 	.db #0x06	; 6
   05AF 06                 1500 	.db #0x06	; 6
   05B0 06                 1501 	.db #0x06	; 6
   05B1 06                 1502 	.db #0x06	; 6
   05B2 06                 1503 	.db #0x06	; 6
   05B3 06                 1504 	.db #0x06	; 6
   05B4 06                 1505 	.db #0x06	; 6
   05B5 06                 1506 	.db #0x06	; 6
   05B6 06                 1507 	.db #0x06	; 6
   05B7 06                 1508 	.db #0x06	; 6
   05B8 02                 1509 	.db #0x02	; 2
   05B9 06                 1510 	.db #0x06	; 6
   05BA 06                 1511 	.db #0x06	; 6
   05BB 06                 1512 	.db #0x06	; 6
   05BC 06                 1513 	.db #0x06	; 6
   05BD 06                 1514 	.db #0x06	; 6
   05BE 06                 1515 	.db #0x06	; 6
   05BF 06                 1516 	.db #0x06	; 6
   05C0 06                 1517 	.db #0x06	; 6
   05C1 06                 1518 	.db #0x06	; 6
   05C2 06                 1519 	.db #0x06	; 6
   05C3 06                 1520 	.db #0x06	; 6
   05C4 06                 1521 	.db #0x06	; 6
   05C5 06                 1522 	.db #0x06	; 6
   05C6 06                 1523 	.db #0x06	; 6
   05C7 06                 1524 	.db #0x06	; 6
   05C8 06                 1525 	.db #0x06	; 6
   05C9 06                 1526 	.db #0x06	; 6
   05CA 06                 1527 	.db #0x06	; 6
   05CB 02                 1528 	.db #0x02	; 2
   05CC 06                 1529 	.db #0x06	; 6
   05CD 06                 1530 	.db #0x06	; 6
   05CE 06                 1531 	.db #0x06	; 6
   05CF 06                 1532 	.db #0x06	; 6
   05D0 06                 1533 	.db #0x06	; 6
   05D1 06                 1534 	.db #0x06	; 6
   05D2 06                 1535 	.db #0x06	; 6
   05D3 06                 1536 	.db #0x06	; 6
   05D4 06                 1537 	.db #0x06	; 6
   05D5 06                 1538 	.db #0x06	; 6
   05D6 06                 1539 	.db #0x06	; 6
   05D7 06                 1540 	.db #0x06	; 6
   05D8 06                 1541 	.db #0x06	; 6
   05D9 06                 1542 	.db #0x06	; 6
   05DA 06                 1543 	.db #0x06	; 6
   05DB 06                 1544 	.db #0x06	; 6
                           1545 	.area _INITIALIZER
                           1546 	.area _CABS (ABS)
