                              1 ;--------------------------------------------------------
                              2 ; File Created by SDCC : free open source ANSI-C Compiler
                              3 ; Version 3.6.8 #9946 (Linux)
                              4 ;--------------------------------------------------------
                              5 	.module max
                              6 	.optsdcc -mz80
                              7 	
                              8 ;--------------------------------------------------------
                              9 ; Public variables in this module
                             10 ;--------------------------------------------------------
                             11 	.globl _max
                             12 ;--------------------------------------------------------
                             13 ; special function registers
                             14 ;--------------------------------------------------------
                             15 ;--------------------------------------------------------
                             16 ; ram data
                             17 ;--------------------------------------------------------
                             18 	.area _DATA
                             19 ;--------------------------------------------------------
                             20 ; ram data
                             21 ;--------------------------------------------------------
                             22 	.area _INITIALIZED
                             23 ;--------------------------------------------------------
                             24 ; absolute external ram data
                             25 ;--------------------------------------------------------
                             26 	.area _DABS (ABS)
                             27 ;--------------------------------------------------------
                             28 ; global & static initialisations
                             29 ;--------------------------------------------------------
                             30 	.area _HOME
                             31 	.area _GSINIT
                             32 	.area _GSFINAL
                             33 	.area _GSINIT
                             34 ;--------------------------------------------------------
                             35 ; Home
                             36 ;--------------------------------------------------------
                             37 	.area _HOME
                             38 	.area _HOME
                             39 ;--------------------------------------------------------
                             40 ; code
                             41 ;--------------------------------------------------------
                             42 	.area _CODE
                             43 	.area _CODE
   0000                      44 _max:
   0000 07                   45 	.db #0x07	; 7
   0001 07                   46 	.db #0x07	; 7
   0002 07                   47 	.db #0x07	; 7
   0003 07                   48 	.db #0x07	; 7
   0004 07                   49 	.db #0x07	; 7
   0005 07                   50 	.db #0x07	; 7
   0006 07                   51 	.db #0x07	; 7
   0007 07                   52 	.db #0x07	; 7
   0008 07                   53 	.db #0x07	; 7
   0009 07                   54 	.db #0x07	; 7
   000A 07                   55 	.db #0x07	; 7
   000B 07                   56 	.db #0x07	; 7
   000C 07                   57 	.db #0x07	; 7
   000D 07                   58 	.db #0x07	; 7
   000E 07                   59 	.db #0x07	; 7
   000F 07                   60 	.db #0x07	; 7
   0010 01                   61 	.db #0x01	; 1
   0011 01                   62 	.db #0x01	; 1
   0012 01                   63 	.db #0x01	; 1
   0013 01                   64 	.db #0x01	; 1
   0014 00                   65 	.db #0x00	; 0
   0015 00                   66 	.db #0x00	; 0
   0016 00                   67 	.db #0x00	; 0
   0017 00                   68 	.db #0x00	; 0
   0018 00                   69 	.db #0x00	; 0
   0019 00                   70 	.db #0x00	; 0
   001A 00                   71 	.db #0x00	; 0
   001B 00                   72 	.db #0x00	; 0
   001C 00                   73 	.db #0x00	; 0
   001D 00                   74 	.db #0x00	; 0
   001E 00                   75 	.db #0x00	; 0
   001F 00                   76 	.db #0x00	; 0
   0020 00                   77 	.db #0x00	; 0
   0021 00                   78 	.db #0x00	; 0
   0022 00                   79 	.db #0x00	; 0
   0023 00                   80 	.db #0x00	; 0
   0024 01                   81 	.db #0x01	; 1
   0025 01                   82 	.db #0x01	; 1
   0026 01                   83 	.db #0x01	; 1
   0027 01                   84 	.db #0x01	; 1
   0028 00                   85 	.db #0x00	; 0
   0029 07                   86 	.db #0x07	; 7
   002A 07                   87 	.db #0x07	; 7
   002B 07                   88 	.db #0x07	; 7
   002C 07                   89 	.db #0x07	; 7
   002D 07                   90 	.db #0x07	; 7
   002E 07                   91 	.db #0x07	; 7
   002F 07                   92 	.db #0x07	; 7
   0030 07                   93 	.db #0x07	; 7
   0031 07                   94 	.db #0x07	; 7
   0032 07                   95 	.db #0x07	; 7
   0033 07                   96 	.db #0x07	; 7
   0034 07                   97 	.db #0x07	; 7
   0035 07                   98 	.db #0x07	; 7
   0036 07                   99 	.db #0x07	; 7
   0037 07                  100 	.db #0x07	; 7
   0038 01                  101 	.db #0x01	; 1
   0039 01                  102 	.db #0x01	; 1
   003A 01                  103 	.db #0x01	; 1
   003B 01                  104 	.db #0x01	; 1
   003C 00                  105 	.db #0x00	; 0
   003D 07                  106 	.db #0x07	; 7
   003E 07                  107 	.db #0x07	; 7
   003F 07                  108 	.db #0x07	; 7
   0040 07                  109 	.db #0x07	; 7
   0041 07                  110 	.db #0x07	; 7
   0042 07                  111 	.db #0x07	; 7
   0043 07                  112 	.db #0x07	; 7
   0044 07                  113 	.db #0x07	; 7
   0045 07                  114 	.db #0x07	; 7
   0046 07                  115 	.db #0x07	; 7
   0047 07                  116 	.db #0x07	; 7
   0048 07                  117 	.db #0x07	; 7
   0049 07                  118 	.db #0x07	; 7
   004A 07                  119 	.db #0x07	; 7
   004B 07                  120 	.db #0x07	; 7
   004C 01                  121 	.db #0x01	; 1
   004D 01                  122 	.db #0x01	; 1
   004E 01                  123 	.db #0x01	; 1
   004F 01                  124 	.db #0x01	; 1
   0050 00                  125 	.db #0x00	; 0
   0051 07                  126 	.db #0x07	; 7
   0052 07                  127 	.db #0x07	; 7
   0053 02                  128 	.db #0x02	; 2
   0054 02                  129 	.db #0x02	; 2
   0055 02                  130 	.db #0x02	; 2
   0056 02                  131 	.db #0x02	; 2
   0057 02                  132 	.db #0x02	; 2
   0058 02                  133 	.db #0x02	; 2
   0059 07                  134 	.db #0x07	; 7
   005A 07                  135 	.db #0x07	; 7
   005B 07                  136 	.db #0x07	; 7
   005C 07                  137 	.db #0x07	; 7
   005D 07                  138 	.db #0x07	; 7
   005E 07                  139 	.db #0x07	; 7
   005F 07                  140 	.db #0x07	; 7
   0060 01                  141 	.db #0x01	; 1
   0061 01                  142 	.db #0x01	; 1
   0062 01                  143 	.db #0x01	; 1
   0063 01                  144 	.db #0x01	; 1
   0064 00                  145 	.db #0x00	; 0
   0065 07                  146 	.db #0x07	; 7
   0066 02                  147 	.db #0x02	; 2
   0067 02                  148 	.db #0x02	; 2
   0068 07                  149 	.db #0x07	; 7
   0069 07                  150 	.db #0x07	; 7
   006A 07                  151 	.db #0x07	; 7
   006B 07                  152 	.db #0x07	; 7
   006C 02                  153 	.db #0x02	; 2
   006D 07                  154 	.db #0x07	; 7
   006E 07                  155 	.db #0x07	; 7
   006F 07                  156 	.db #0x07	; 7
   0070 07                  157 	.db #0x07	; 7
   0071 07                  158 	.db #0x07	; 7
   0072 02                  159 	.db #0x02	; 2
   0073 02                  160 	.db #0x02	; 2
   0074 01                  161 	.db #0x01	; 1
   0075 01                  162 	.db #0x01	; 1
   0076 01                  163 	.db #0x01	; 1
   0077 01                  164 	.db #0x01	; 1
   0078 00                  165 	.db #0x00	; 0
   0079 07                  166 	.db #0x07	; 7
   007A 07                  167 	.db #0x07	; 7
   007B 07                  168 	.db #0x07	; 7
   007C 07                  169 	.db #0x07	; 7
   007D 07                  170 	.db #0x07	; 7
   007E 07                  171 	.db #0x07	; 7
   007F 07                  172 	.db #0x07	; 7
   0080 02                  173 	.db #0x02	; 2
   0081 07                  174 	.db #0x07	; 7
   0082 07                  175 	.db #0x07	; 7
   0083 07                  176 	.db #0x07	; 7
   0084 07                  177 	.db #0x07	; 7
   0085 07                  178 	.db #0x07	; 7
   0086 02                  179 	.db #0x02	; 2
   0087 07                  180 	.db #0x07	; 7
   0088 01                  181 	.db #0x01	; 1
   0089 01                  182 	.db #0x01	; 1
   008A 01                  183 	.db #0x01	; 1
   008B 01                  184 	.db #0x01	; 1
   008C 00                  185 	.db #0x00	; 0
   008D 07                  186 	.db #0x07	; 7
   008E 07                  187 	.db #0x07	; 7
   008F 07                  188 	.db #0x07	; 7
   0090 07                  189 	.db #0x07	; 7
   0091 07                  190 	.db #0x07	; 7
   0092 07                  191 	.db #0x07	; 7
   0093 07                  192 	.db #0x07	; 7
   0094 02                  193 	.db #0x02	; 2
   0095 07                  194 	.db #0x07	; 7
   0096 07                  195 	.db #0x07	; 7
   0097 07                  196 	.db #0x07	; 7
   0098 07                  197 	.db #0x07	; 7
   0099 02                  198 	.db #0x02	; 2
   009A 02                  199 	.db #0x02	; 2
   009B 07                  200 	.db #0x07	; 7
   009C 01                  201 	.db #0x01	; 1
   009D 01                  202 	.db #0x01	; 1
   009E 01                  203 	.db #0x01	; 1
   009F 01                  204 	.db #0x01	; 1
   00A0 00                  205 	.db #0x00	; 0
   00A1 07                  206 	.db #0x07	; 7
   00A2 07                  207 	.db #0x07	; 7
   00A3 07                  208 	.db #0x07	; 7
   00A4 07                  209 	.db #0x07	; 7
   00A5 07                  210 	.db #0x07	; 7
   00A6 07                  211 	.db #0x07	; 7
   00A7 07                  212 	.db #0x07	; 7
   00A8 02                  213 	.db #0x02	; 2
   00A9 07                  214 	.db #0x07	; 7
   00AA 07                  215 	.db #0x07	; 7
   00AB 07                  216 	.db #0x07	; 7
   00AC 07                  217 	.db #0x07	; 7
   00AD 02                  218 	.db #0x02	; 2
   00AE 07                  219 	.db #0x07	; 7
   00AF 07                  220 	.db #0x07	; 7
   00B0 01                  221 	.db #0x01	; 1
   00B1 01                  222 	.db #0x01	; 1
   00B2 01                  223 	.db #0x01	; 1
   00B3 01                  224 	.db #0x01	; 1
   00B4 00                  225 	.db #0x00	; 0
   00B5 07                  226 	.db #0x07	; 7
   00B6 07                  227 	.db #0x07	; 7
   00B7 07                  228 	.db #0x07	; 7
   00B8 07                  229 	.db #0x07	; 7
   00B9 07                  230 	.db #0x07	; 7
   00BA 07                  231 	.db #0x07	; 7
   00BB 07                  232 	.db #0x07	; 7
   00BC 02                  233 	.db #0x02	; 2
   00BD 07                  234 	.db #0x07	; 7
   00BE 07                  235 	.db #0x07	; 7
   00BF 07                  236 	.db #0x07	; 7
   00C0 02                  237 	.db #0x02	; 2
   00C1 02                  238 	.db #0x02	; 2
   00C2 07                  239 	.db #0x07	; 7
   00C3 07                  240 	.db #0x07	; 7
   00C4 01                  241 	.db #0x01	; 1
   00C5 01                  242 	.db #0x01	; 1
   00C6 01                  243 	.db #0x01	; 1
   00C7 01                  244 	.db #0x01	; 1
   00C8 00                  245 	.db #0x00	; 0
   00C9 07                  246 	.db #0x07	; 7
   00CA 07                  247 	.db #0x07	; 7
   00CB 07                  248 	.db #0x07	; 7
   00CC 07                  249 	.db #0x07	; 7
   00CD 07                  250 	.db #0x07	; 7
   00CE 07                  251 	.db #0x07	; 7
   00CF 02                  252 	.db #0x02	; 2
   00D0 02                  253 	.db #0x02	; 2
   00D1 07                  254 	.db #0x07	; 7
   00D2 07                  255 	.db #0x07	; 7
   00D3 07                  256 	.db #0x07	; 7
   00D4 02                  257 	.db #0x02	; 2
   00D5 07                  258 	.db #0x07	; 7
   00D6 07                  259 	.db #0x07	; 7
   00D7 07                  260 	.db #0x07	; 7
   00D8 01                  261 	.db #0x01	; 1
   00D9 01                  262 	.db #0x01	; 1
   00DA 01                  263 	.db #0x01	; 1
   00DB 01                  264 	.db #0x01	; 1
   00DC 00                  265 	.db #0x00	; 0
   00DD 07                  266 	.db #0x07	; 7
   00DE 07                  267 	.db #0x07	; 7
   00DF 07                  268 	.db #0x07	; 7
   00E0 07                  269 	.db #0x07	; 7
   00E1 07                  270 	.db #0x07	; 7
   00E2 02                  271 	.db #0x02	; 2
   00E3 02                  272 	.db #0x02	; 2
   00E4 07                  273 	.db #0x07	; 7
   00E5 07                  274 	.db #0x07	; 7
   00E6 07                  275 	.db #0x07	; 7
   00E7 07                  276 	.db #0x07	; 7
   00E8 02                  277 	.db #0x02	; 2
   00E9 07                  278 	.db #0x07	; 7
   00EA 07                  279 	.db #0x07	; 7
   00EB 07                  280 	.db #0x07	; 7
   00EC 01                  281 	.db #0x01	; 1
   00ED 01                  282 	.db #0x01	; 1
   00EE 01                  283 	.db #0x01	; 1
   00EF 01                  284 	.db #0x01	; 1
   00F0 00                  285 	.db #0x00	; 0
   00F1 07                  286 	.db #0x07	; 7
   00F2 07                  287 	.db #0x07	; 7
   00F3 07                  288 	.db #0x07	; 7
   00F4 02                  289 	.db #0x02	; 2
   00F5 02                  290 	.db #0x02	; 2
   00F6 02                  291 	.db #0x02	; 2
   00F7 07                  292 	.db #0x07	; 7
   00F8 07                  293 	.db #0x07	; 7
   00F9 02                  294 	.db #0x02	; 2
   00FA 07                  295 	.db #0x07	; 7
   00FB 07                  296 	.db #0x07	; 7
   00FC 02                  297 	.db #0x02	; 2
   00FD 02                  298 	.db #0x02	; 2
   00FE 07                  299 	.db #0x07	; 7
   00FF 07                  300 	.db #0x07	; 7
   0100 01                  301 	.db #0x01	; 1
   0101 01                  302 	.db #0x01	; 1
   0102 01                  303 	.db #0x01	; 1
   0103 01                  304 	.db #0x01	; 1
   0104 00                  305 	.db #0x00	; 0
   0105 07                  306 	.db #0x07	; 7
   0106 02                  307 	.db #0x02	; 2
   0107 02                  308 	.db #0x02	; 2
   0108 02                  309 	.db #0x02	; 2
   0109 02                  310 	.db #0x02	; 2
   010A 02                  311 	.db #0x02	; 2
   010B 02                  312 	.db #0x02	; 2
   010C 02                  313 	.db #0x02	; 2
   010D 02                  314 	.db #0x02	; 2
   010E 07                  315 	.db #0x07	; 7
   010F 07                  316 	.db #0x07	; 7
   0110 07                  317 	.db #0x07	; 7
   0111 02                  318 	.db #0x02	; 2
   0112 02                  319 	.db #0x02	; 2
   0113 02                  320 	.db #0x02	; 2
   0114 01                  321 	.db #0x01	; 1
   0115 01                  322 	.db #0x01	; 1
   0116 01                  323 	.db #0x01	; 1
   0117 01                  324 	.db #0x01	; 1
   0118 00                  325 	.db #0x00	; 0
   0119 07                  326 	.db #0x07	; 7
   011A 07                  327 	.db #0x07	; 7
   011B 07                  328 	.db #0x07	; 7
   011C 07                  329 	.db #0x07	; 7
   011D 07                  330 	.db #0x07	; 7
   011E 07                  331 	.db #0x07	; 7
   011F 07                  332 	.db #0x07	; 7
   0120 07                  333 	.db #0x07	; 7
   0121 07                  334 	.db #0x07	; 7
   0122 07                  335 	.db #0x07	; 7
   0123 07                  336 	.db #0x07	; 7
   0124 07                  337 	.db #0x07	; 7
   0125 07                  338 	.db #0x07	; 7
   0126 07                  339 	.db #0x07	; 7
   0127 07                  340 	.db #0x07	; 7
   0128 01                  341 	.db #0x01	; 1
   0129 01                  342 	.db #0x01	; 1
   012A 01                  343 	.db #0x01	; 1
   012B 01                  344 	.db #0x01	; 1
   012C 00                  345 	.db #0x00	; 0
   012D 07                  346 	.db #0x07	; 7
   012E 07                  347 	.db #0x07	; 7
   012F 07                  348 	.db #0x07	; 7
   0130 07                  349 	.db #0x07	; 7
   0131 07                  350 	.db #0x07	; 7
   0132 07                  351 	.db #0x07	; 7
   0133 07                  352 	.db #0x07	; 7
   0134 07                  353 	.db #0x07	; 7
   0135 07                  354 	.db #0x07	; 7
   0136 07                  355 	.db #0x07	; 7
   0137 07                  356 	.db #0x07	; 7
   0138 07                  357 	.db #0x07	; 7
   0139 07                  358 	.db #0x07	; 7
   013A 07                  359 	.db #0x07	; 7
   013B 07                  360 	.db #0x07	; 7
   013C 01                  361 	.db #0x01	; 1
   013D 01                  362 	.db #0x01	; 1
   013E 01                  363 	.db #0x01	; 1
   013F 01                  364 	.db #0x01	; 1
   0140 00                  365 	.db #0x00	; 0
   0141 07                  366 	.db #0x07	; 7
   0142 07                  367 	.db #0x07	; 7
   0143 07                  368 	.db #0x07	; 7
   0144 07                  369 	.db #0x07	; 7
   0145 07                  370 	.db #0x07	; 7
   0146 07                  371 	.db #0x07	; 7
   0147 07                  372 	.db #0x07	; 7
   0148 07                  373 	.db #0x07	; 7
   0149 07                  374 	.db #0x07	; 7
   014A 07                  375 	.db #0x07	; 7
   014B 07                  376 	.db #0x07	; 7
   014C 07                  377 	.db #0x07	; 7
   014D 07                  378 	.db #0x07	; 7
   014E 07                  379 	.db #0x07	; 7
   014F 07                  380 	.db #0x07	; 7
   0150 01                  381 	.db #0x01	; 1
   0151 01                  382 	.db #0x01	; 1
   0152 01                  383 	.db #0x01	; 1
   0153 01                  384 	.db #0x01	; 1
   0154 00                  385 	.db #0x00	; 0
   0155 07                  386 	.db #0x07	; 7
   0156 07                  387 	.db #0x07	; 7
   0157 07                  388 	.db #0x07	; 7
   0158 07                  389 	.db #0x07	; 7
   0159 07                  390 	.db #0x07	; 7
   015A 07                  391 	.db #0x07	; 7
   015B 07                  392 	.db #0x07	; 7
   015C 07                  393 	.db #0x07	; 7
   015D 07                  394 	.db #0x07	; 7
   015E 07                  395 	.db #0x07	; 7
   015F 07                  396 	.db #0x07	; 7
   0160 07                  397 	.db #0x07	; 7
   0161 07                  398 	.db #0x07	; 7
   0162 07                  399 	.db #0x07	; 7
   0163 02                  400 	.db #0x02	; 2
   0164 01                  401 	.db #0x01	; 1
   0165 01                  402 	.db #0x01	; 1
   0166 01                  403 	.db #0x01	; 1
   0167 01                  404 	.db #0x01	; 1
   0168 00                  405 	.db #0x00	; 0
   0169 07                  406 	.db #0x07	; 7
   016A 07                  407 	.db #0x07	; 7
   016B 07                  408 	.db #0x07	; 7
   016C 02                  409 	.db #0x02	; 2
   016D 02                  410 	.db #0x02	; 2
   016E 02                  411 	.db #0x02	; 2
   016F 02                  412 	.db #0x02	; 2
   0170 02                  413 	.db #0x02	; 2
   0171 07                  414 	.db #0x07	; 7
   0172 07                  415 	.db #0x07	; 7
   0173 07                  416 	.db #0x07	; 7
   0174 07                  417 	.db #0x07	; 7
   0175 07                  418 	.db #0x07	; 7
   0176 07                  419 	.db #0x07	; 7
   0177 02                  420 	.db #0x02	; 2
   0178 01                  421 	.db #0x01	; 1
   0179 01                  422 	.db #0x01	; 1
   017A 01                  423 	.db #0x01	; 1
   017B 01                  424 	.db #0x01	; 1
   017C 00                  425 	.db #0x00	; 0
   017D 07                  426 	.db #0x07	; 7
   017E 07                  427 	.db #0x07	; 7
   017F 02                  428 	.db #0x02	; 2
   0180 02                  429 	.db #0x02	; 2
   0181 07                  430 	.db #0x07	; 7
   0182 07                  431 	.db #0x07	; 7
   0183 07                  432 	.db #0x07	; 7
   0184 02                  433 	.db #0x02	; 2
   0185 02                  434 	.db #0x02	; 2
   0186 07                  435 	.db #0x07	; 7
   0187 07                  436 	.db #0x07	; 7
   0188 07                  437 	.db #0x07	; 7
   0189 07                  438 	.db #0x07	; 7
   018A 02                  439 	.db #0x02	; 2
   018B 02                  440 	.db #0x02	; 2
   018C 01                  441 	.db #0x01	; 1
   018D 01                  442 	.db #0x01	; 1
   018E 01                  443 	.db #0x01	; 1
   018F 01                  444 	.db #0x01	; 1
   0190 00                  445 	.db #0x00	; 0
   0191 07                  446 	.db #0x07	; 7
   0192 07                  447 	.db #0x07	; 7
   0193 02                  448 	.db #0x02	; 2
   0194 07                  449 	.db #0x07	; 7
   0195 07                  450 	.db #0x07	; 7
   0196 07                  451 	.db #0x07	; 7
   0197 07                  452 	.db #0x07	; 7
   0198 07                  453 	.db #0x07	; 7
   0199 02                  454 	.db #0x02	; 2
   019A 07                  455 	.db #0x07	; 7
   019B 07                  456 	.db #0x07	; 7
   019C 07                  457 	.db #0x07	; 7
   019D 07                  458 	.db #0x07	; 7
   019E 02                  459 	.db #0x02	; 2
   019F 07                  460 	.db #0x07	; 7
   01A0 01                  461 	.db #0x01	; 1
   01A1 01                  462 	.db #0x01	; 1
   01A2 01                  463 	.db #0x01	; 1
   01A3 01                  464 	.db #0x01	; 1
   01A4 00                  465 	.db #0x00	; 0
   01A5 07                  466 	.db #0x07	; 7
   01A6 07                  467 	.db #0x07	; 7
   01A7 07                  468 	.db #0x07	; 7
   01A8 07                  469 	.db #0x07	; 7
   01A9 07                  470 	.db #0x07	; 7
   01AA 07                  471 	.db #0x07	; 7
   01AB 07                  472 	.db #0x07	; 7
   01AC 07                  473 	.db #0x07	; 7
   01AD 02                  474 	.db #0x02	; 2
   01AE 07                  475 	.db #0x07	; 7
   01AF 07                  476 	.db #0x07	; 7
   01B0 07                  477 	.db #0x07	; 7
   01B1 02                  478 	.db #0x02	; 2
   01B2 07                  479 	.db #0x07	; 7
   01B3 07                  480 	.db #0x07	; 7
   01B4 01                  481 	.db #0x01	; 1
   01B5 01                  482 	.db #0x01	; 1
   01B6 01                  483 	.db #0x01	; 1
   01B7 01                  484 	.db #0x01	; 1
   01B8 00                  485 	.db #0x00	; 0
   01B9 07                  486 	.db #0x07	; 7
   01BA 07                  487 	.db #0x07	; 7
   01BB 07                  488 	.db #0x07	; 7
   01BC 07                  489 	.db #0x07	; 7
   01BD 07                  490 	.db #0x07	; 7
   01BE 07                  491 	.db #0x07	; 7
   01BF 07                  492 	.db #0x07	; 7
   01C0 02                  493 	.db #0x02	; 2
   01C1 02                  494 	.db #0x02	; 2
   01C2 07                  495 	.db #0x07	; 7
   01C3 07                  496 	.db #0x07	; 7
   01C4 07                  497 	.db #0x07	; 7
   01C5 02                  498 	.db #0x02	; 2
   01C6 02                  499 	.db #0x02	; 2
   01C7 02                  500 	.db #0x02	; 2
   01C8 01                  501 	.db #0x01	; 1
   01C9 01                  502 	.db #0x01	; 1
   01CA 01                  503 	.db #0x01	; 1
   01CB 01                  504 	.db #0x01	; 1
   01CC 00                  505 	.db #0x00	; 0
   01CD 07                  506 	.db #0x07	; 7
   01CE 07                  507 	.db #0x07	; 7
   01CF 07                  508 	.db #0x07	; 7
   01D0 07                  509 	.db #0x07	; 7
   01D1 07                  510 	.db #0x07	; 7
   01D2 07                  511 	.db #0x07	; 7
   01D3 02                  512 	.db #0x02	; 2
   01D4 02                  513 	.db #0x02	; 2
   01D5 07                  514 	.db #0x07	; 7
   01D6 07                  515 	.db #0x07	; 7
   01D7 07                  516 	.db #0x07	; 7
   01D8 07                  517 	.db #0x07	; 7
   01D9 07                  518 	.db #0x07	; 7
   01DA 07                  519 	.db #0x07	; 7
   01DB 07                  520 	.db #0x07	; 7
   01DC 01                  521 	.db #0x01	; 1
   01DD 01                  522 	.db #0x01	; 1
   01DE 01                  523 	.db #0x01	; 1
   01DF 01                  524 	.db #0x01	; 1
   01E0 00                  525 	.db #0x00	; 0
   01E1 07                  526 	.db #0x07	; 7
   01E2 07                  527 	.db #0x07	; 7
   01E3 02                  528 	.db #0x02	; 2
   01E4 02                  529 	.db #0x02	; 2
   01E5 02                  530 	.db #0x02	; 2
   01E6 02                  531 	.db #0x02	; 2
   01E7 02                  532 	.db #0x02	; 2
   01E8 02                  533 	.db #0x02	; 2
   01E9 02                  534 	.db #0x02	; 2
   01EA 02                  535 	.db #0x02	; 2
   01EB 07                  536 	.db #0x07	; 7
   01EC 07                  537 	.db #0x07	; 7
   01ED 07                  538 	.db #0x07	; 7
   01EE 07                  539 	.db #0x07	; 7
   01EF 07                  540 	.db #0x07	; 7
   01F0 01                  541 	.db #0x01	; 1
   01F1 01                  542 	.db #0x01	; 1
   01F2 01                  543 	.db #0x01	; 1
   01F3 01                  544 	.db #0x01	; 1
                            545 	.area _INITIALIZER
                            546 	.area _CABS (ABS)
